q/g6xl6IPzV/SQK1w34dIzT2+FW7pmre2fVRTaACL1wk9Ctny7Qv0xt/daI9uqT0TzGEC7TzwtELs0c=
HCrQAVLFQmDk7xOyrpFNiIYgOMJxdxrhIlhu8h+NTGC5inBoGUavRpQU5kuWqlmfJYXH1csGs0Q=
FlhfN9h21QGGv//8lyH2fzT2+FW7pmre2fVRTaACL1wk9Ctny7Qv0xh+daI9uqT0TzGEC7TzwtELs0c=
Y1Nvg2zUQoyCfswT2UeYJIYgOMJxdxrhIlhu8h+NTGC5inBoGUWuRpQU5kuWqlmfJYXH1csGs0Q=
DeUZcZuMoBnzmUk2SwCdFmFXr5LEKWb6pUjOMwt483y6iQgdeh3/dp6FpbxUiBmz7BbWKddxna2bRM/F2UeN4QPO4NWYutdR9oJSdEsKroHfTVXk47UEPpAQeTuH3Kln5t0uhJcX31avq1jkSd/aa7QQSnIzBGT9fxdxTiKHNVas/w+hotgO7XsMKRhUwWv2L+Zh9FVcnzB4/j5NijRzsAXkkOze2HudG1f7Arr3BITwPn3AWtu+NBGVCx98XhWQmK79y46IKB5+HeLYScFpv0/zD+Szqg==
j4Gy8N9ltQml8IArn1QZrykdibd/8AdiED4MWyvL4NAOT3mBjHjJ3trEDWZhzSvPnMItDOgyxR5LVJkDDgFaxKkd0eM/rzd4szY=
J2DCrqYjLoBZiEQmtBweTA+ewy7QctQXm2e4PG6j4S089FFSWkiV6tFhsyP8LnWgWH4dUosYQU8+LQIoyfHJzw+jL3SzOg==
cJZRRWtb2pYJ63h/g/syEw6ewy7QctQXm2e4PG6j4S089FFSWkiV6tFhsyP8LnWgWH4dUosYQU8+LQIoyfHJzw+jL3SzOg==
PCdKB5se/NFUn9vTT1mrahABfa3dgKOGIK9KZleW2gtyENF3cTqp9w21fJ0Y1Advz6QLC0G7KXNYKiB8I9How/ADpil3szs=
P45mYYkBua90LeJnwnAOJpwFinpShUtEvq4hDSOE/4nRUkElUpK3nMVBh6C58gJnOILtBiBPQPjTQ6t6c0OPXc7Z4sQ9i71sqX/bG3OHeiLSGBkBkkdCa2QdbbMh
ZVc/E0X85UlJuyUcj8Zsglqx+kifPJNZyHKlMnTwpCs591BZNwyE/dZyuDP8LnWgWH4dUosYQU8+LQIoyfHJzw+jL3SzOg==
ehNg1wLgQTBGnb10ISN+wVqx+kifPJNZyHanPHTwpCs591BZNwyE/dZyuDP8LnWgWH4dUosYQU8+LQIoyfHJzw+jL3SzOg==
u3dt5n4xdKS4+igOVwKDgpdW/wLJQ/Agt/t9Y47JX////zl11i4dZHk0Y7djFLdDhfvtO6RazCQH8cz73BO6IXOzPw==
MO/pwpUzBFJQPD9DGaaajDT2+FW7pmre2fVRTaACL1wk9Ctny7Qv0x17das8uqT0TzGEC7TzwtELs0c=
oMEjSEvLHOK30U6M7+pxbYYgOMJxdxrhIlhu8h+NTGC5inBoGUCrRp0V5kuWqlmfJYXH1csGs0Q=
Bs7CTHpnZ8V7UwFU8iudL9PMwr7RZH2ou8sk5jis2MeDWRUUzFkTDRJv9ouWjdzxcj1AKaPRB0rtyW/rQafa/ZxSRSUs+t62huqkCB0AuaQJc4EchZcPXicvlpKuoO2hxh+eu0h1WbMV
ca95dpBY4o/fz+Js9gTS9nWAsKSysZMnYd7TNoRkYnCbUDZZXnTb062+lAEKRB/lQORXOxA2yZxzH3RrGDrx1bhiUjYKcjB4qeglBHXbVcwx70Oe6xfiwnpI0cHaN2qLXG1Vsxk=
W4Kq/uOV8g4pocvtreJU4HWAsKSysZAnYd7TNoRkYnCbUDZZXnTb062+lAEKRB/lQORXOxA2yZxzH3VrGDrx1bhiUjYKcjB4qeglBHXbVcwx70Oe6xfiwnpI0cHaN2qLXG1Vsxk=
OIsLSvPdwzDKKUzsxaXbizHI8M1gYbHFXBwhqlqw5ROwhe7qvPYlCPjWreoOoPHnnoXScAmpGafvy98Ms0I=
MY50wl+a6vtXAK6y0sLd1Aa+5o4C+Ym0xRZz4TB7DjAmayfjaC4q8vIJvg4pJjsDLTzBEYPQGNsycc2ftfULUZG2c6pqSpms/MOD5PtUy/R/Ze4CpYe/v9trYAZl1ritL6GKkXaHpIl8CQ/9TvgkIO+qDt856mpDioQKbr1P3tnZ0Phpc5nJJ45cw2z1il/9JXeHkMN/C1zaYBtI4zkmy5H7ZVCUbNTCKY0z2dxa+Sz553hsK3+xIaPTHF6MKL4Y1LFBwca9SCaLXiRKdXfMsJkaMHi5kK6WPQWm27Z62U8FFYfFa9azlA==
5WM8gw/yn9xD9f4IeHRjxVcfeXpUcs7/+wkz+9vRj/f3x/LxtiCLsKY4dsc2nvHHrJKMYx/YODyv+YLXIAPchqapWewL4LaEWe64BUs+tyqbJotTtmiZaV+dv01I/EnIyJ87t7Kbaomki3gPB+dCxjQy21wW9UXESqGu4mJUUZHuq40GAKMv14nlShqLNjl0j69RwV96fxFr/j7GszJPp9Z5BW3d2gjiVECtC7tDUORpvk2R4MbX0RFDBzX05OB2DuoA5zmLGnOIZM+Y7JA5CZxibSxoEoV+TrRZI44hmmSpfREDv8932LOW
ibHo5kanJU+pZU2Cjg5qrJqotTIcPeeVKqxiIhBH5PpxfLOQnOahvpwa1WF1zeXtfLWLPg3jrZrxaz7dgaO9KN8XCYjrOcNCLh9Pgf1TY8kQepFXNi8gVZbsne9vMCqpJA4S9AYkBuKEs3bUcdyXeT+6LKt7GvxkGaYVF9Y2fr91XIrR+KmIcPGfB09jh6pTwlNDcQ5bgxTdVxMpwO6M1z6hk9YtlA33wE+SBpPBW68yjF95LoHejY5wZWbxln/yVKXipJxoybUzOGGPXtSnr+8ka8uhvokzeKrAvEPRSAMQg8Zp17Ob
pI7SoJqV9xcWvwgp8mcyziU9f2KxeMK1WxZWX4z0rSVjI7/IFEVtcDIwSvpN/vu9S3GSDeWiowMDxp/T/BYv2u/6Bq9H1CX5DR5gJ4FdsyNNFf5C/wsYzw5J+NRz80FAJLUqNhzoCCQI/oqLeMh/rLll0YJCt1X60jh3nvvL+EYwY7tkxI02aUYsvyfJky33BI8s6y0toLstiLPv/bVungJLsBkdSqMUg2tO9xyaHbH1M9w0MeWAYXDR4MiLul/mMS6aHaz4UqgH6X0Ar1MQpIlzARwFl49epy8Wki6gbaFGHx67yHXZs5U=
+eADwMf86Q6aErwaVcMbtbpu3PtPHHv0MgorOez9BVLW8JHbDAkR1/Lm+bR+Y8EBHXI+xh3MGaWG+fV6M/aXoN0pS4tJZ70QZ7lP2prv2ymB878hpCrF7/rvbC3CPGnHM1AWQTA+ZuwKJAr68INiPE28y1HLanjTN9ow3E32of8KlgIX4aw+SXQpBOhF75Pnnyf2O3aDl8lCG0/sCQdnARwOsL8qkWfOIZQB7zR/hm6vIYeHRtyLgeLBkjVaoNEOrTaDWsDVVjwQ6EUth8j1JyJ0e0dbdD9zbX7FSyx6NJQfsXTrBLOycduzlw==
3lAAXrUfjho3/9Y5NqDNzyU9f2KxeMK1WxZWX4z0rSVjI7/IFEVtcDIwSvpN/vu9S3GSDeWiowMDxp/T0AEvze71G69H1CX5DR5gJ4FdsyNNFf5C/wsYzw5J+NRz80FAJLUqNhzoCCQI/oqLeMh/rLll0YJCt1X60jh3nvvL+EYwY7tkxI02aUYsvyfJky33BI8s6y0toLstiLPv/bVungJLsBkdSqMUg2tO9xyaHbH1M9w0MeWAYXDR4MiLul/mMS6aHaz4UqgH6X0Ar1MQpIlzARwFl49epy8Wki6gbaFGHx67yHXZs5U=
1lJhCic/ikoBCRFJOjCHFLpu3PtPHHv0MgorOez9BVLW8JHbDAkR0fLm+bR4Y8EBHXI+xh3MGaWG+fV6IvCVtdk9S4tJZ70QZ7lP2prv2ymB878hpCrF7/rvbC3CPGnHM1AWQTA+ZuwKJAr68INiPE28y1HLanjTN9ow3E32of8KlgIX4aw+SXQpBOhF75Pnnyf2O3aDl8lCG0/sCQdnARwOsL8qkWfOIZQB7zR/hm6vIYeHRtyLgeLBkjVaoNEOrTaDWsDVVjwQ6EUth8j1JyJ0e0dbdD9zbX7FSyx6NJQfsXTrBLOycduzlw==
HVIqYPJkcyvwvewambaNewa+5o4C+Ym0xRZz4TB7DjAmayfjaC4q9ONR5h4/LW9cKj/UOMWzX5klKdrfsccMR4Src6pqSpms/MOD5PtUy/R/Ze4CpYe/v9trYAZl1ritL6GKkXaHpIl8CQ/9TvgkIO+qDt856mpDioQKbr1P3tnZ0Phpc5nJJ45cw2z1il/9JXeHkMN/C1zaYBtI4zkmy5H7ZVCUbNTCKY0z2dxa+Sz553hsK3+xIaPTHF6MKL4Y1LFBwca9SCaLXiRKdXfMsJkaMHi5kK6WPQWm27Z62U8FFYfFa9azlA==
RYd7x+oUbbwhE25AzH36jAa+5o4C+Ym0xRZz4TB7DjAmayfjaC4q9ONR5h4/LW9cKj/UOMWzX5klKdrfuNQGWoSpc6pqSpms/MOD5PtUy/R/Ze4CpYe/v9trYAZl1ritL6GKkXaHpIl8CQ/9TvgkIO+qDt856mpDioQKbr1P3tnZ0Phpc5nJJ45cw2z1il/9JXeHkMN/C1zaYBtI4zkmy5H7ZVCUbNTCKY0z2dxa+Sz553hsK3+xIaPTHF6MKL4Y1LFBwca9SCaLXiRKdXfMsJkaMHi5kK6WPQWm27Z62U8FFYfFa9azlA==
0qGjklysS2nEt1MfVHwTFZ68uFaWHwuw5vEG76lM6FcRsq7avmZMmsRU16SwdX65cvUeIJnfojSIduQ47OBBP/KYvu4CQ69fm5Q+ANlqMHHbil/OO0Lj52acUS0f2Xe5mMghrOh704Oi72KNpI9wexfTqiIUVrNoxgGNgArlZhay4Dn1Tk9lspDXp1MJYcJuG4LRkC/LOXWPjrdVK7r2MmMGJ8P2ne1Zza4A5lREpX+rd7gASdolpTAyH5VRB8/BJFCIEq4O6FOp/5L3COBH7Hwk0e08BgWYuOZNOg7wkddeFfIAiZn5N6+7f9yzkg==
IG7K2Adk4DUAyt4IEE15Migdibd/8AdiED4MWyvL4NAOT3mBjHjJ3trEDWZhzSvPnMItDOgyxR5LVJgDDgFaxKkd0eM/rzd4szY=
Dh67Ic3Eeaq2ybkgUva1FG3JlUdoWtO8lTUMB8odVLff46x8xXa8BQBtqelsUPnG2tw9XY6h4ffcOn2kSFo1hsvM6OuuqYq8aSWBC1+HB2CzLg==
2hr8EPhB3kk1zW1tLlS+rQ2ewy7QctQXm2e4PG6j4S089FFSWkiV6tFhsyP8LnWgWH4dVIsYQE8+LQIoyfHJzw+jL3SzOg==
jkzPaXSY0YReH6yRkXSt6009y4BfsXEuGi5DFjGczuFAVXmBjHjJ3trEDXVuyTHPnMItDOgyxRhLVJgDDgFaxKkd0eM/rzd4szY=
EG/E15cVpLmZalGo8Z+fpAyewy7QctQXm2e4PG6j4S089FFSWkiV6tFhsyP8LnWgWH4dW4sYQE8+LQIoyfHJzw+jL3SzOg==
JBGI2rUxkU4wC4V4pG7hKU09y4BfsXEuGi5DFjGdzuFAVXmBjHjJ3trEDXVuyTHPnMItDOgyxRdLVJgDDgFaxKkd0eM/rzd4szY=
QxJVJKGz4uHtJt1itSuHGQC6eflZZkzo9idUyIe7N/rvO0ps1jy/ZLHjSTydZ6Tazx6OcuYwFeHe79YbsCVxsz0=
5kqnGt+QWuehJv1HEkdisisdibd/8AdiED4MWyvL4NAOT3mBjHjJ3trEDWZhzSvPnMItDOgyxR5JVJgDDgFaxKkd0eM/rzd4szY=
wNLe4l2C7K3EJfcjbmlQPG3JlUdoWtO8lTUMB8odVLff4Kx8xXa8BQBtqelsUPnG2tw9XY6h4ffcOn2kSFo1hsnM6OuuqYq8aSWBC1+HB2CzLg==
sAuWPBrk2NA8CkO2x0M8qikFhbdm5hhiED4MWyvL4NAOT3mBjHjJ3trEDWZhzSvPnMItDOgyxR9PVJoDDgFaxKkd0eM/rzd4szY=
D0pQC0P+CukkgVvLxeJRFG3NjAUqHpXk6zUMB8odVLff4rRwxW+qGgBtqelsUPnG2tw9XY6h4ffcOn2kSFo1h8/M6uuuqYq8aSWBC1+HB2CzLg==
uwn+E9Uqpm9/oztaBO3QZl9Cv01iAHuF0ia31j4ss6NK3zlRnU+u0oM7Ck5qha//16KvhFdbKz8rgDcVXqiEHTHV0YWhp5SMkX+Qfx92QzV0loJEPIYFGLhmTbkOcJVXXpXygIkZ+bevO39csxI=
tzosiV6lEes+RxmoYzBXoNJ4EyYSiijTPHl2Ta36SiC+/wXvthtbVVrVoYi0hlxxOX1SBuFD7koL7xio8EjtoyNffDgBCxj7n/LLQeQiaqCc4m2saJKF9040XaOOoZrkqf0Rg79Pd1izFg==
1uY122yptJyAeo0gNomb9NJ4EyYSiinTPHl2Ta36SiC+/wXvthtbVVrVoYi0hlxxOX1SBuFD7koL7xio8EjtoiNffDgBCxj7n/LLQeQiaqCc4m2saJKF+0s0XKOOoZrkqf0Rg79Pd1izFg==
gBXiiMeyqJXpF+mI6Yflt+h+CzxHKrlIpJWAN8ghnK7J9lF1ymw6zIfu5RsUMC3Xermf+z2vISI1+a3r1piFfhFCAIoaOaAJ7PltFh4fFGuMPAMIarF70X14JKPjQPnDnDs97Kko3eMe0CoDMPRScfwQkNlkrm5lnhMoi8800PgZpVVG/EOaolYZXrUz2MqDacYWQ3iOoyEP1iMF9BbH3hv86zatEP6cz8CRRGFLJHk++EwDmSCFSmbu8Q3Agg+chPTLp+s0D5N7edVt3DpENO8x5EvUc+IR67On
N03ZMRsttwkr7HF+4kELQNG70I+EsA6KxURPr7Y22NeMyQs5SvgaglyK3XQIqlWQydwPm275Kgzp1eHbH7cncLM+
qKpl0X5muCItNCv+s6lytzT2+FW7pmre2fVRTaACL1wk9Ctny7Qv0xt5da08uqT0TzGEC7TzwtELs0c=
6A79crbt/Gv3CU6X5wwgeIYgOMJxdxrhIlhu8h+NTGC5inBoGUapRpsV5kuWqlmfJYXH1csGs0Q=
JRKVPmtBj6OrwhSX/2TnllSmdOxHYiD2pCFDyIaNc+C7Nl930i6+ZLHjSTydZ6TazxyIcuMwFeHe79YbsCVxsz0=
lqPy0RbKRAtBz3mvrvvNcBkg1ohvMgffWlSluprblPNCbBzL+OkHOOIV/2A3rrsHFmZiRI3rTSz5n+gag6Qs4me46YECpxIrlD19szE=
99KTbSqAfYhHB9Rn49tV7id52xnPusrw5/v8Y1c0+diChEgtaPzTEabQvBWHOA/e1rCYQSNsBPcbyIBGbGhju+Ad7CSRlgCcge9qYpZvNtouZjmbTVl3YRNqsyA=
ekwSPXSzL5vxKjiWrAg4A20EnqYvsmIkFmdLEnfA4tJIB3+WjHn/msCQAGJ7xTTfnMItDOgyxR9JVJoFDgRaxKkd0eM/rzd4szY=
89NfBN+aPp314FkxCD4j3yd52xnPusrw5/v8Y1c0+diChEgtaPzTEabQvBWHOA/e1rCYQSNsBPcbyIBGbGhju+Ad7CSRlgCcge1pYpZvNtouZjmbTVl3YRNqsyA=
cm97xrLM9l8uFqa+rFzJ+0J26/uFUPVmlB3HS+84u6BcUauonp174LMmR5e63sak6TPhnCXXK1tHa3ASC2DNoebf/juoNXmzNQ==
aDlbplxExpTCGp9lNh462zcG9hlW2L6MqLOYuBfP87UrQPSzo1QA0sQks5/44cwQWfqwGPk0qzZ5YyY+dtrZ78X1B6UrdrM0
TpkEZ5udFfJOuignsMIz9uYoJypVIXMTNJMSAMC531gKBfdgP77T5062WgRVm7VMUS9lmgtTRELfCDHB+vfKC7wtdbM5
G0bLyRuRS94cQFQ9U5y/Hhkg1ohvMgffWlSluprblPNCbBzL+OkHOOIV/2A3rrsHFmZiRI3rTSz5n+0ag6Ms4me46YECpxIrlD19szE=
qedHHpoCYSWsmEeg92wDByd52xnPusrw5/v8Y1c0+diChEgtaPzTEabQvBWHOA/e1rCYQSNsBPcbyIBGbGhju+Ad7CSRlgCcgepqYpFvNtouZjmbTVl3YRNqsyA=
IkGPVV303bY41B1UtryNwG0EnqYvsmIkFmdLEnfA4tJIB3+WjHn/msCQAGJ7xTTfnMItDOgyxR5JVJ0FDgRaxKkd0eM/rzd4szY=
sY4hWtX15GjnKvGVqun/yyR52xnPusrw5/v8Y1c0+diChEgtaPzTEabQvBWHOA/e1rCYQSNsBPcbyIBGbGhju+Ad7CSRlgCcgexpYpFvNtouZjmbTVl3YRNqsyA=
yTPuoI3mGn6qg7FIN3hpU20EnqYvsmIkFmdLEnfA4tJIB3+WjHn/msCQAGJ7xTTfnMItDOgyxR9JVJ0FDgRaxKkd0eM/rzd4szY=
TaJnTxzB7Mx//gXIl8eq5iV52xnPusrw5/v8Y1c0+diChEgtaPzTEabQvBWHOA/e1rCYQSNsBPcbyIBGbGhju+Ad7CSRlgCcge1pYpFvNtouZjmbTVl3YRNqsyA=
0f7NrbvUd+tpEqYLf4oKZW0EnqYvsmIkFmdLEnfA4tJIB3+WjHn/msCQAGJ7xTTfnMItDOgyxR1JVJ0FDgRaxKkd0eM/rzd4szY=
bqexIUMmmFwr7d5SdQVvwiJ52xnPusrw5/v8Y1c0+diChEgtaPzTEabQvBWHOA/e1rCYQSNsBPcbyIBGbGhju+Ad7CSRlgCcge9pYpFvNtouZjmbTVl3YRNqsyA=
hmsNV/B49hrdky/NOUKnEG0EnqYvsmIkFmdLEnfA4tJIB3+WjHn/msCQAGJ7xTTfnMItDOgyxRpJVJ0FDgRaxKkd0eM/rzd4szY=
iMZ/hegKer4Bctp+sB2nXSV52xnPusrw5/v8Y1c0+diChEgtaPzTEabQvBWHOA/e1rCYQSNsBPcbyIBGbGhju+Ad7CSRlgCcgehpYpFvNtouZjmbTVl3YRNqsyA=
3qAAjDmPzfL8JoZxULIsJm0EnqYvsmIkFmdLEnfA4tJIB3+WjHn/msCQAGJ7xTTfnMItDOgyxRtJVJ0FDgRaxKkd0eM/rzd4szY=
stI2OVtsHQjm+Av+PlmZRSR52xnPusrw5/v8Y1c0+diChEgtaPzTEabQvBWHOA/e1rCYQSNsBPcbyIBGbGhju+Ad7CSRlgCcgelpYpFvNtouZjmbTVl3YRNqsyA=
3qAAjDmPzfL8JoZxULIsJm0EnqYvsmIkFmdLEnfA4tJIB3+WjHn/msCQAGJ7xTTfnMItDOgyxRtJVJ0FDgRaxKkd0eM/rzd4szY=
OZGBHhgqMs/VISW5ZpgLrSd52xnPusrw5/v8Y1c0+diChEgtaPzTEabQvBWHOA/e1rCYQSNsBPcbyIBGbGhju+Ad7CSRlgCcgelpYpFvNtouZjmbTVl3YRNqsyA=
z4wraasNsVanqbPxbXexLeh+CzxHKrlIpJWAN8ghnK7J9lF1ymw6zIfu5RsUMC3Xermf+z2vISI1+a3r1piFfhFCAIoaOaAJ7PltFh4fFGuMPAMIarF70X14JKPjQPnDnDs97Kko3eMe0CoDMPRScfwQkNlkrm5lnhMoi8800PgZpVVG/EOaolYZXrUz2MqDacYWQ3iOoyEP1iMF9BbH3hv86zatEP6cz8CRRGFLJHk++EwDmSCFSmbu8Q3Agg+chPTLp+s0D5N6eNVt3DpBNO8x5EvUc+IR67On
8uTlvetLMjhbvWmghaQ7EzT2+FW7pmre2fVRTaACL1wk9Ctny7Qv0xp4da08uqH0TzGEC7TzwtELs0c=
XhOD+VBmDlg6ZAhTBBAPioYgOMJxdxrhIlhu8h+NTGC5inBoGUeoRpsV5k6WqlmfJYXH1csGs0Q=
G4QmQJowVA24yF8JhBGzKtG70I+EsA6KxURPr7Y22NeMyQs5SvgaglyK3XQIqlWRyNwPm278Kgzp1eHbH7cncLM+
tyxV6233lViSKHcf/KddFOh+CzxHKrlIpJWAN8ghnK7J9lF1ymw6zIfu5RsUMC3Xermf+z2vISI1+a3r1piFfhFCAIoaOaAJ7PltFh4fFGuMPAMIarF70X14JKPjQPnDnDs97Kko3eMe0CoDMPRScfwQkNlkrm5lnhMoi8800PgZpVVG/EOaolYZXrUz2MqDacYWQ3iOoyEP1iMF9BbH3hv86zatEP6cz8CRRGFLJHk++EwDmSCFSmbu8Q3Agg+chPTLp+s0D5N4eNVj3DpBNO8x5EvUc+IR67On
nqSIiBmH+F5jUrQvroHA9TT2+FW7pmre2fVRTaACL1wk9Ctny7Qv0xh4daM8uqH0TzGEC7TzwtELs0c=
1K4eF3GWg+daindNVs9gWYYgOMJxdxrhIlhu8h+NTGC5inBoGUWoRpUV5k6WqlmfJYXH1csGs0Q=
ShfFTney8lcTPS2F33Hk5tG70I+EsA6KxURPr7Y22NeMyQs5SvgaglyK3XQIqlWTyNwBm278Kgzp1eHbH7cncLM+
zoK/1KwOyGwLLBMru2GrA1qx+kifPJNZyHKlMnTwpCs591BZNwyE/dZyuDP8LnWgWH4dUo8YSU8+KAIoyfHJzw+jL3SzOg==
bLyYrllDzhL6uBTDHVCrxtwQhTciQTjkAUMZ/O2Ht9/fN74yM1DlYU5PZtvgxQGzTQ==
mQaaG4jbA+XWGF2LlNDwijT2+FW7pmre2fVRTaACL1wk9Ctny7Qv0x1/daM8uqH0TzGEC7TzwtELs0c=
juTbzEqZ7YQUEXgdW0ZFHIYgOMJxdxrhIlhu8h+NTGC5inBoGUCvRpUV5k6WqlmfJYXH1csGs0Q=
+fs5Rs18YhmnpWJzr8UXn3M1mRjFp93noeDaZE02kZyGhEg/f/eJC6qevwaHPwDAybzEWmB9AfUsh/dWcHt+oPQd7CSRlgCcgexvYp1pNtouZjmbTVl3YRNqsyA=
r8N3tOZjIcGDsmMcMXuU/gNa5PIeq3ADdE8tZlrmybgZBhoS2M3LiTHhBvgfpOOR6Hq1CjQINKPZv2BBNxS0tTb6KMu8FmWoeLZtyg+AuQceIBIQCYlZR29rH2yzIg==
vzMudHo6PNFZFhiNPsVJ1Sppy9cvmVEZQ08tZlrmybgZBhoS2M3LiTHhBvgfpOOR6Hq1CjQINKPZv2BBNxS0tTb6KMu8FmWoeLZtyg+AuQceIBIQCYlZR29rH2yzIg==
oy/RKJA5ZoTRruj3oJB3aBd+YCxRRiViWuLBrAkSMvb4qeNdYbXOPF9gK8W4rh1ulOycN0kr6MW3kDwhpm6ALxxyzXwo4qUOT0RxU070OnQpbXFTf38XaLMm
L3Mvxg8bjZhDw6N66kWu3vaEJ1eNrSoBhh6IHc/VDwesVF1eWt65kPkuSkoYFZvhkQm2gJ9cU/lIkmVSdNDki7mXkHk3LESdVtL4E/xOtUDY3t0yj/gJ775IQsjJ0Qlvj0NvVLMa
NzL4r0otF8prOWTOpNoOXjfV4vL36NM2V8nVOpp5U2epHx8aHX/Ntemwg0BOVRSlRuRRb28l1JRFTytcOzqu3ahyWBdPYmB6teI6BHXbVcwx70Of6x/iwn9I0cHaN2qLXG1Vsxk=
pbVWRUQhI4inEE9sAfsPW5AnVndW43+fYmhmUrrMWyCS/R/6k3pFUlrSoZzJwlJmeDlDDaFF7kxfkAu1+H69/hR8fGcJGwj1t6DcEeY+YL+c4m2saJKF/k80UaOOpJrkqf0Rg79Pd1izFg==
IXW2EV3UY5bs7lwS9TO28O3Gqw31jDM+uon+BXMQWs7wtWUvJQdpky/bDlCkP+wtk6yVAxsnDAn68zVKXpu4hRL0S6drNI+T/X9VY1w6wTRvMWRLVHNiEWuzJw==
