2022-08-06T20:36:05.307006401Z stdout F [INFO] plugin/ready: Still waiting on: "kubernetes"
2022-08-06T20:36:06.313037595Z stdout F [INFO] plugin/ready: Still waiting on: "kubernetes"
2022-08-06T20:36:10.106540208Z stdout F [WARNING] plugin/kubernetes: starting server with unsynced Kubernetes API
2022-08-06T20:36:10.106795485Z stdout F .:53
2022-08-06T20:36:10.107224228Z stdout F [INFO] plugin/reload: Running configuration MD5 = db32ca3650231d74073ff4cf814959a7
2022-08-06T20:36:10.107251866Z stdout F CoreDNS-1.8.6
2022-08-06T20:36:10.10726236Z stdout F linux/amd64, go1.17.1, 13a9191
2022-08-06T20:36:13.180441425Z stdout F [INFO] plugin/ready: Still waiting on: "kubernetes"
2022-08-06T20:36:23.180211607Z stdout F [INFO] plugin/ready: Still waiting on: "kubernetes"
2022-08-06T20:36:33.179822729Z stdout F [INFO] plugin/ready: Still waiting on: "kubernetes"
2022-08-06T20:36:43.180386009Z stdout F [INFO] plugin/ready: Still waiting on: "kubernetes"
2022-08-06T20:36:53.180672613Z stdout F [INFO] plugin/ready: Still waiting on: "kubernetes"
2022-08-06T20:37:03.179804267Z stdout F [INFO] plugin/ready: Still waiting on: "kubernetes"
2022-08-06T20:37:13.179777798Z stdout F [INFO] plugin/ready: Still waiting on: "kubernetes"
2022-08-06T20:37:23.179652523Z stdout F [INFO] plugin/ready: Still waiting on: "kubernetes"
2022-08-06T20:37:33.179826894Z stdout F [INFO] plugin/ready: Still waiting on: "kubernetes"
2022-08-06T20:37:36.241953035Z stdout F [INFO] plugin/ready: Still waiting on: "kubernetes"
2022-08-06T20:37:43.179581636Z stdout F [INFO] plugin/ready: Still waiting on: "kubernetes"
2022-08-06T20:37:53.179962571Z stdout F [INFO] plugin/ready: Still waiting on: "kubernetes"
2022-08-06T20:38:03.179799206Z stdout F [INFO] plugin/ready: Still waiting on: "kubernetes"
2022-08-06T20:38:13.180028879Z stdout F [INFO] plugin/ready: Still waiting on: "kubernetes"
2022-08-06T20:38:23.179960299Z stdout F [INFO] plugin/ready: Still waiting on: "kubernetes"
2022-08-06T20:38:33.179409305Z stdout F [INFO] plugin/ready: Still waiting on: "kubernetes"
2022-08-06T20:38:41.24076388Z stdout F [INFO] plugin/ready: Still waiting on: "kubernetes"
2022-08-06T20:38:43.179838971Z stdout F [INFO] plugin/ready: Still waiting on: "kubernetes"
2022-08-06T20:38:53.180584962Z stdout F [INFO] plugin/ready: Still waiting on: "kubernetes"
2022-08-06T20:39:03.180213457Z stdout F [INFO] plugin/ready: Still waiting on: "kubernetes"
2022-08-06T20:39:13.179831634Z stdout F [INFO] plugin/ready: Still waiting on: "kubernetes"
2022-08-06T20:39:23.179899395Z stdout F [INFO] plugin/ready: Still waiting on: "kubernetes"
2022-08-06T20:39:33.179707531Z stdout F [INFO] plugin/ready: Still waiting on: "kubernetes"
2022-08-06T20:39:43.179686557Z stdout F [INFO] plugin/ready: Still waiting on: "kubernetes"
2022-08-06T20:39:53.179747526Z stdout F [INFO] plugin/ready: Still waiting on: "kubernetes"
2022-08-06T20:40:03.179875814Z stdout F [INFO] plugin/ready: Still waiting on: "kubernetes"
2022-08-06T20:40:03.239494878Z stdout F [INFO] plugin/ready: Still waiting on: "kubernetes"
2022-08-06T20:40:13.179388309Z stdout F [INFO] plugin/ready: Still waiting on: "kubernetes"
