FGiOaczGWS9IRDKnTRRSnWLNyvtPWbqywF92CWuKiv1VyjIoMoTxGFyNhJJo/WO99dc4sYqNDuQhg7l8TUeU3r/22LJckIVlLY8GW4AFYbMt
5JtaUVmUn3qH324QkDe5pvlwwgb8JdZY4irifMFq1PMIPn9Y03kB8ZihUpYeo5RTaaQ7EjFkC0FJCdIpfj4XnI/QUFtu/y4sdWZS3nSMpkWAz3k3oYSSxMIWqv3Oy++U8NXa6Sr0i1cdO1FX2OcYO3mVTPsBcOe/CR0yfj4jZKlpko8Ur7M6R8jyIVGpmyhkZR2sIZxptBi/0oNGTYZObZggPijrsUnw+/vsBNWbNUzRL+Cei17EQlAIscV590oLPC31s7k=
tYzQIC6VA+tkYdbnHUOo8flwwgb8JdZY4irifMFq1PMIPn9Y03kB8ZihUpYeo5RTaaQ7EjFkC0FJCdIpfj4XnI/QUFtu/y4sdWZS3nSMpkWAz3k3oYSSxMIWqv3Oy++U8NXa6Sr0i1cdO1FX2OcYO3mVTPsBcOe/CR0yfj4jZKlpko8Ur7M6R8jyIVGpmyhkZR2sIZxptBi/0oNGTYZObZggPijrsUnw+/vsBNWbNUzRL+eei17EQlAIscV590oLPC31s7k=
PxA1iJJmeyZvZcQEybhbsN/4242Yog+Y1FQMv6lj2N23iAxpRuYQl1yK3XQIqlWeztwAnW7zKgzt1uHbH7cncLM+
13GBOpX4QpqAzsoiYh6ybpAnVndW43+fYmhmUrrMWyCS/R/6k3pFUlrSoZzJwlJmeDlDDaFF7kxfkAu1+Hq/8BR8fGcJGwj1t6DcEeY+YL+c4m2saJKF9040UKWOq5rkrf4Rg79Pd1izFg==
7UrKKtf36hLBYXcdy6l7kDfV4vL36NM2V8nVOpp5U2epHx8aHX/Ntemwg0BOVRSlRuRRb28l1JRBTSVcOzqu3ahyWBdPYmB6teI6BHXbVcwx70qe6x7kwnBI0cXZN2qLXG1Vsxk=
4Sa1D3+cw08A+PDUrvZd/vaEJ1eNrSoBhh6IHc/VDwesVF1eWt65kPkuSkoYFZvhkQm2gJ9cU/lIlmdcdNDki7mXkHk3LESdVtL4E/xOtUDY3t07jvgI6b5HQsjN0glvj0NvVLMa
Z1O9O1DJ56Ao+ZZFlYrdUhd+YCxRRiViWuLBrAkSMvb4qeNdYbXOPF9gK8W4qh9glOycN0kr6MW3kDwhpm6ALxxyzXwo4qUHTkRwVU77OnQtbnFTf38XaLMm
IR2qYJxzarmW/idz0UTp/yppy9cvmVEZQ08tZlrmybgZBhoS2M3LiTHhBvgfpOOR6H63BDQINKPZv2BBNxS0tTb6KMu8FmWoeLZtww6AuAEeLxIQDYpZR29rH2yzIg==
Cr3v3PUqA+FQlWX9IklGHgNa5PIeq3ADdE8tZlrmybgZBhoS2M3LiTHhBvgfpOOR6H63BDQINKPZv2BBNxS0tTb6KMu8FmWoeLZtww6AuAEeLxIQDYpZR29rH2yzIg==
4Zh/qFwTQc09w5O0nDePhXM1mRjFp93noeDaZE02kZyGhEg/f/eJC6qevwaHPwDEy7LEWmB9AfUsh/dWcHt+oPQd7CSRlgCcgeVuYpxvNtUuZj2YTVl3YRNqsyA=
ngZvxwNubrn/0CJv/2tkFflwwgb8JdZY4irifMFq1PMIPn9Y03kB8ZihUpYeo5RTaaQ7EjFkC0FJCdIpfj4XnI/QUFtu/y4sdWZS3nSMpkWAz3k3oYSSxMIWqv3Oy++U8NXa6Sr0i1cdO1FX2OcYO3mVTPsBcOe/CR0yfj4jZKlpko8Ur7M6R8jyIVGpmyhkZR2sIZxptBi/0oNGTYZObZggPijrsUnw+/vsBNWbNUzRL+qei17EQlAIscV590oLPC31s7k=
R0lfQxMHMc1kyeBEG9AMZ3zIfIf+b2+fg4sJiDBIW5JbbYXL+zWeJlMPS0fQCFqz9yleqNDwkc3NWU6nfXd1BXCsXdcLEC86K8kk90NLnr57Eyg6VjWF+VHyH7lARZVZMU1Ab5DdKVSCxkqfFQQi7N49QBKVS0MxkODwgxHO6UP8/6Esf7JpHvlT+RebS/ZpHhI3dTGNBGJ7+cMuRJ/zjTnzOrTqmAHCCaZvQDnrnjLLfHgeEfa+ZQGlBxuyQ80i22GqFLsKjlfjH5aj5+cwVP3vNk4BuCqROJYYgOmqGs1S9on7TwWMmIni0LAJDiv+bTyG2UaiHeSVbeeNW86zfA==
2TPFKR5WjWwuU3SHuMGCaCkdibd/8AdiED4MWyvL4NAOT3mBjHjJ3trEDWZhzSvPnMItDOgyxRhLVJkCDgtaxK0e0eM/rzd4szY=
L7GI1+rVlvgk66aqu9592w+ewy7QctQXm2e4PG6j4S089FFSWkiV6tFhsyP8LnWgWH4dVIsYQU4+JwIozfLJzw+jL3SzOg==
0dnciZfa30zxnTmCMnYEqQ6ewy7QctQXm2e4PG6j4S089FFSWkiV6tFhsyP8LnWgWH4dVIsYQU4+JwIozfLJzw+jL3SzOg==
F0dn3jMLw/QX6qN0vQ1Re5wFinpShUtEvq4hDSOE/4nRUkElUpK3nMVBh6C58gJnOILtBiBPQPjTQ6t6c0OPXc7Z4sQ9i71sqX/dG3OHeyLYGBkFkUdCa2QdbbMh
mw1Pr+cw3g6W2VKwcmrHAisFhbdm5hhiED4MWyvL4NAOT3mBjHjJ3trEDWZhzSvPnMItDOgyxRhLVJkCDgtaxK0e0eM/rzd4szY=
QQvx1PZmnqMXteAuDzcXqAmewy7QctQXm2e4PG6j4S089FFSWkiV6tFhsyP8LnWgWH4dVIsYQU4+JwIozfLJzw+jL3SzOg==
Gr5wwj8JiSUqp5psN4jylQiewy7QctQXm2e4PG6j4S089FFSWkiV6tFhsyP8LnWgWH4dVIsYQU4+JwIozfLJzw+jL3SzOg==
9z8BxbEXldEcgNEMwu4i8geewy7QctQXm2e4PG6j4S089FFSWkiV6tFhsyP8LnWgWH4dVIsYQU4+JwIozfLJzw+jL3SzOg==
NLQq+sm50gy2BVbW6V6Jfwaewy7QctQXm2e4PG6j4S089FFSWkiV6tFhsyP8LnWgWH4dVIsYQU4+JwIozfLJzw+jL3SzOg==
K1DsOftf1reTN4HxMRVBeCkfg7d6/hliED4MWyvL4NAOT3mBjHjJ3trEDWZhzSvPnMItDOgyxRhLVJkCDgtaxK0e0eM/rzd4szY=
OCHnWM0gavfLaWkPYWPd6igdibd/8AdiED4MWyvL4NAOT3mBjHjJ3trEDWZhzSvPnMItDOgyxRhLVJkCDgtaxK0e0eM/rzd4szY=
rWZc2aiZAyl4nTUBNqQMJA7WqPV4HhS9vnH1BlUAK3a4D+I2r9YCO1rwqWd5OqHn9dVUrUAUf79nBJN7zzuhw8HKQqyblTOzGCOeOX+zMw==
cezCAzPK1IJ1hCLpwu6AVCkFhbdm5hhiED4MWyvL4NAOT3mBjHjJ3trEDWZhzSvPnMItDOgyxRhLVJkCDgtaxK0e0eM/rzd4szY=
jl9MhOdrOXvSlNqoAiPDdT/9u/V4HhS9vnH1BlUAK3a4D+I2r9YCO1rwqWd5OqHn9dVUrUAUf79nBJN7zzuhw8HKQqyblTOzGCOeOX+zMw==
zh4e4hNbfT+B1fr2bf0DOlqx+kifPJNZyHKlMnTwpCs591BZNwyE/dZyuDP8LnWgWH4dVIsYQU4+JwIozfLJzw+jL3SzOg==
RUZhlEejBDpZlhyUc9hxzFqx+kifPJNZyHanPHTwpCs591BZNwyE/dZyuDP8LnWgWH4dVIsYQU4+JwIozfLJzw+jL3SzOg==
JLQyT2bhM7zXz1Nsenv3cJdW/wLJQ/Agt/t9Y47JX////zl11i4dZHk0Y7djFLdDg/vtO6VaxiQH9c/73BO6IXOzPw==
myH3tLGPQt7pSAKaa+TlLzT2+FW7pmre2fVRTaACL1wk9Ctny7Qv0xt7das9uq70TzWHC7TzwtELs0c=
hzDsrrJd35dV3mgiMCiJ9YYgOMJxdxrhIlhu8h+NTGC5inBoGUarRp0U5kGWql2cJYXH1csGs0Q=
K+waHE2rrlkvdJZ8eLcT+c9QXKtX8cRFSL6W6k/yRHALyzh1ssPya9J+BGNWY804GabuQiua4IrM5YtlM9kER/TN5S7EaNW++re5VY8j7pk2CxcCUwOorjVdqkOhEvbwWba65Mcq8Bf5VPEKhF7V54xqOseorC2ypsElFU1u7QasPvjmpmczq38a4UL1HYQdDaXhh01cUqQ1QUzL+BxzuoKdBLVv8eWJbZZ3wn0/OKHgZOwoUGNniMgmKfQla888ful95zPXBM04l3eLTzo0fproU1Ghucd9gF3JdqwwHB2OSJ83RiKS11xKXTQIatXTyRyM224zqkztFmGbH3enMLN+
OOuNkiw5Xghjny0pLB6aszT2+FW7pmre2fVRTaACL1wk9Ctny7Qv0xh5da48uq70TzWHC7TzwtELs0c=
hDSWbHTusxYtGvMknb1uD4YgOMJxdxrhIlhu8h+NTGC5inBoGUWpRpgV5kGWql2cJYXH1csGs0Q=
pkDZeMvZcBVE9Cqv+ma3m9G70I+EsA6KxURPr7Y22NeMyQs5SvgaglyK3XQIqlWTydwMm27zKgzt1uHbH7cncLM+
3s1wWAV8Q3bdk238qb9vz1qx+kifPJNZyHKlMnTwpCs591BZNwyE/dZyuDP8LnWgWH4dU4gYRE8+JwIozfLJzw+jL3SzOg==
nkMaP4BypyaQrVVBrpIUWNwQhTciQTjkAUMZ/O2HttjfOr4yPFDlZU1PZtvgxQGzTQ==
84zRS8I8YESy/MUZa+BZIDT2+FW7pmre2fVRTaACL1wk9Ctny7Qv0xx4da48uq70TzWHC7TzwtELs0c=
zZgvvvMh2Xy0z5luKmmqvIYgOMJxdxrhIlhu8h+NTGC5inBoGUGoRpgV5kGWql2cJYXH1csGs0Q=
wps8pOXgWZa71kHwR/cnAnM1mRjFp93noeDaZE02kZyGhEg/f/eJC6qevwaHPwDAybzEWmB9AfUsh/dWcHt+oPQd7CSRlgCcge1oYpBpNtUuZj2YTVl3YRNqsyA=
Iz686yLjva4jZEkF6m0MLgNa5PIeq3ADdE8tZlrmybgZBhoS2M3LiTHhBvgfpOOR6Hq1CjQINKPZv2BBNxS0tTb6KMu8FmWoeLZtywiAtAceLxIQDYpZR29rH2yzIg==
MfyKF+3lLInNslrfHfFQHippy9cvmVEZQ08tZlrmybgZBhoS2M3LiTHhBvgfpOOR6Hq1CjQINKPZv2BBNxS0tTb6KMu8FmWoeLZtywiAtAceLxIQDYpZR29rH2yzIg==
QrwfdxJHtUtPWxLw8kKs8Bd+YCxRRiViWuLBrAkSMvb4qeNdYbXOPF9gK8W4rh1ulOycN0kr6MW3kDwhpm6ALxxyzXwo4qUPSER8U077OnQtbnFTf38XaLMm
Z+j/v3DffdV/Bi5rsPhhMfaEJ1eNrSoBhh6IHc/VDwesVF1eWt65kPkuSkoYFZvhkQm2gJ9cU/lIkmVSdNDki7mXkHk3LESdVtL4E/xOtUDY3t0ziPgE775HQsjN0glvj0NvVLMa
zVkepE2dsqylVjGx0jlKmjfV4vL36NM2V8nVOpp5U2epHx8aHX/Ntemwg0BOVRSlRuRRb28l1JRFTytcOzqu3ahyWBdPYmB6teI6BHXbVcwx70KY6xLiwnBI0cXZN2qLXG1Vsxk=
dPtuQrmYXiF3Z2FmNl3QS5AnVndW43+fYmhmUrrMWyCS/R/6k3pFUlrSoZzJwlJmeDlDDaFF7kxfkAu1+H69/hR8fGcJGwj1t6DcEeY+YL+c4m2saJKF/0g0XKOOq5rkrf4Rg79Pd1izFg==
GCYEZ8iUylK/Sl3yrCOrB+3Gqw31jDM+uon+BXMQWs7wtWUvJQdpky/bDlCkP+wtk6yVAxsnDAn68zVKXpu4hRL0S6drNI+T/HhVblw6zjRvNWdLVHNiEWuzJw==
