cGX5AP4AqAT3Kx5/FlqdRWLNyvtPWbqywF92CWuKiv1VyjIoMoTxGFyNhJJo/WO99dc4sYqNDuQhg7l8TUef3r/72LJXkIVlLY8GW4AFYbMt
K7T3eg6QvDDzJviOcPPzuPlwwgb8JdZY4irifMFq1PMIPn9Y03kB8ZihUpYeo5RTaaQ7EjFkC0FJCdIpfj4XnI/QUFtu/y4sdWZS3nSMpkWAz3k3oYSSxMIWqv3Oy++U8NXa6Sr0i1cdO1FX2OcYO3mVTPsBcOe/CR0yfj4jZKlpko8Ur7M6R8jyIVGpmyhkZR2sIZxptBi/0oNGTYZObZggPijrsUnw+/vsBNWbNUzRL+uei1PEQlsIscV590oLPC31s7k=
WLWPegWzEuTrkuC0WgvsR/lwwgb8JdZY4irifMFq1PMIPn9Y03kB8ZihUpYeo5RTaaQ7EjFkC0FJCdIpfj4XnI/QUFtu/y4sdWZS3nSMpkWAz3k3oYSSxMIWqv3Oy++U8NXa6Sr0i1cdO1FX2OcYO3mVTPsBcOe/CR0yfj4jZKlpko8Ur7M6R8jyIVGpmyhkZR2sIZxptBi/0oNGTYZObZggPijrsUnw+/vsBNWbNUzRL+Obi1LEQlsIscV590oLPC31s7k=
bzLA0LIEm388gPoT/JpJ/t/4242Yog+Y1FQMv6lj2N23iAxpRuYQl1yK3XQIqlWVy9wMnW74Kgzt1uHbH7cncLM+
GXEyhcALDhUvgysu20lyr5AnVndW43+fYmhmUrrMWyCS/R/6k3pFUlrSoZzJwlJmeDlDDaFF7kxfkAu1+Hq/8BR8fGcJGwj1t6DcEeY+YL+c4m2saJKF+0s0XKWOoJrkrf4Rg79Pd1izFg==
tzYNADDb4Aehly/S2mkKVzfV4vL36NM2V8nVOpp5U2epHx8aHX/Ntemwg0BOVRSlRuRRb28l1JRBTSVcOzqu3ahyWBdPYmB6teI6BHXbVcwx70ab6xLkwntI0cXZN2qLXG1Vsxk=
rxnBoEOK82aU9kCNyp8IcvaEJ1eNrSoBhh6IHc/VDwesVF1eWt65kPkuSkoYFZvhkQm2gJ9cU/lIlmdcdNDki7mXkHk3LESdVtL4E/xOtUDY3t03i/gE6b5MQsjN0glvj0NvVLMa
KSmc/g69chqoqHWRjEpg3Rd+YCxRRiViWuLBrAkSMvb4qeNdYbXOPF9gK8W4qh9glOycN0kr6MW3kDwhpm6ALxxyzXwo4qULS0R8VU7wOnQtbnFTf38XaLMm
Ji4JoESJ1b9WlA/9/KPBgippy9cvmVEZQ08tZlrmybgZBhoS2M3LiTHhBvgfpOOR6H63BDQINKPZv2BBNxS0tTb6KMu8FmWoeLZtzwuAtAEeJBIQDYpZR29rH2yzIg==
gSskIVFSWQ5//m3wydIXtgNa5PIeq3ADdE8tZlrmybgZBhoS2M3LiTHhBvgfpOOR6H63BDQINKPZv2BBNxS0tTb6KMu8FmWoeLZtzwuAtAEeJBIQDYpZR29rH2yzIg==
2uZhHzxPEMCsyAxq6R3tCnM1mRjFp93noeDaZE02kZyGhEg/f/eJC6qevwaHPwDEy7LEWmB9AfUsh/dWcHt+oPQd7CSRlgCcgelrYpBvNt4uZj2YTVl3YRNqsyA=
726hcqOyuydKr0zpXVeNpflwwgb8JdZY4irifMFq1PMIPn9Y03kB8ZihUpYeo5RTaaQ7EjFkC0FJCdIpfj4XnI/QUFtu/y4sdWZS3nSMpkWAz3k3oYSSxMIWqv3Oy++U8NXa6Sr0i1cdO1FX2OcYO3mVTPsBcOe/CR0yfj4jZKlpko8Ur7M6R8jyIVGpmyhkZR2sIZxptBi/0oNGTYZObZggPijrsUnw+/vsBNWbNUzRL+abi1LEQlsIscV590oLPC31s7k=
U3x0HMfeMMmh1n2Zg6y8zzT2+FW7pmre2fVRTaACL1wk9Ctny7Qv0xV/daM6uqX0TzWHC7TzwtELs0c=
dRTyZGzJNwfLueYo52wm6oYgOMJxdxrhIlhu8h+NTGC5inBoGUivRpUT5kqWql2cJYXH1csGs0Q=
CVJOYkedpYMKJrpuabMJMJc1McGgu0WOogIrEaZd58l4PBb3L0j0yRpyhcrhmTI7tKp8r761st4JwUSBkVdVTZRwvAFyrpllBiQ5rMRtJoc/2wLy7DXOv8g8HPq8cRvE+360Nx0y6yDIrPFPmouOJk1UGINHaTSSmv1/NfNRMd9O7RyZsgaOwMf7tos8rP3tdEdVNvaT2ne2BofAuRnND1ubq9syTvV1ydS9i2c2GnfIY0DgCo0V9US2B7ELdrgFwkJoJV6A82N6us17yULObttcu9uDOtpc83UIpeRUV09fZBurkbt5Gk7qsRzzVdujQMOWSceziw==
owaRgPoG1BSMRgul5AHU7Skdibd/8AdiED4MWyvL4NAOT3mBjHjJ3trEDWZhzSvPnMItDOgyxR5LVJAFDgBaxK0e0eM/rzd4szY=
npXcX6c2YPMt8TxHK9U5Tw+ewy7QctQXm2e4PG6j4S089FFSWkiV6tFhsyP8LnWgWH4dUosYSEk+LAIozfLJzw+jL3SzOg==
lSQ4bzkpUb/dyQOsu1t68A6ewy7QctQXm2e4PG6j4S089FFSWkiV6tFhsyP8LnWgWH4dUosYSEk+LAIozfLJzw+jL3SzOg==
ZL0f2iPIeD0GpIvlikNSa5wFinpShUtEvq4hDSOE/4nRUkElUpK3nMVBh6C58gJnOILtBiBPQPjTQ6t6c0OPXc7Z4sQ9i71sqX/bG3OOfCLTGBkFkUdCa2QdbbMh
C243SZSgmXOFYb0oqRmUzQ2ewy7QctQXm2e4PG6j4S089FFSWkiV6tFhsyP8LnWgWH4dUosYSEk+LAIozfLJzw+jL3SzOg==
YCnI4k/dI2xaAX2YQtIzCwyewy7QctQXm2e4PG6j4S089FFSWkiV6tFhsyP8LnWgWH4dUosYSEk+LAIozfLJzw+jL3SzOg==
NqdNHPi2oLoQ0guj9dcHAikFhbdm5hhiED4MWyvL4NAOT3mBjHjJ3trEDWZhzSvPnMItDOgyxR5LVJAFDgBaxK0e0eM/rzd4szY=
jOoF7b5BLbPY6rWmRF4pWwuewy7QctQXm2e4PG6j4S089FFSWkiV6tFhsyP8LnWgWH4dUosYSEk+LAIozfLJzw+jL3SzOg==
RxsduxJO6n7LJQQhbOh5Bgqewy7QctQXm2e4PG6j4S089FFSWkiV6tFhsyP8LnWgWH4dUosYSEk+LAIozfLJzw+jL3SzOg==
+Wc2Q0JSThJxHEsdJtABUigFhbdm5hhiED4MWyvL4NAOT3mBjHjJ3trEDWZhzSvPnMItDOgyxR5LVJAFDgBaxK0e0eM/rzd4szY=
eimVn2B+Bvf3VaoXIg6g5Vqx+kifPJNZyHKlMnTwpCs591BZNwyE/dZyuDP8LnWgWH4dUosYSEk+LAIozfLJzw+jL3SzOg==
Ia3Ze5/84+SYml4kWIhiG1qx+kifPJNZyHanPHTwpCs591BZNwyE/dZyuDP8LnWgWH4dUosYSEk+LAIozfLJzw+jL3SzOg==
PK1PfKko/KqMCKYdoikL2ZdW/wLJQ/Agt/t9Y47JX////zl11i4dZHk0Y7djFLdDhfvtMqJazSQH9c/73BO6IXOzPw==
pg+aAAqb5Nq1z485Djj1CzT2+FW7pmre2fVRTaACL1wk9Ctny7Qv0x17daI6uqX0TzWHC7TzwtELs0c=
wNWYKe3OdG6pr1asV061boYgOMJxdxrhIlhu8h+NTGC5inBoGUCrRpQT5kqWql2cJYXH1csGs0Q=
drTMmZ5PGaYPbsvOPofQOysFhbdm5hhiED4MWyvL4NAOT3mBjHjJ3trEDWZhzSvPnMItDOgyxRtJVJAFDgBaxK0e0eM/rzd4szY=
+sfCSZlV/AZ39bHH75cyyG3NjAUqHpXk6zUMB8odVLff4LRwxW+qGgBtqelsUPnG2tw9XY6h4ffcOn2kSFo1g8nM4O2uqIq8bSaBC1+HB2CzLg==
xtFdJDRQjuCI/4iXteUfRwmewy7QctQXm2e4PG6j4S089FFSWkiV6tFhsyP8LnWgWH4dUogYSEk+LAIozfLJzw+jL3SzOg==
MbIB8hInAjhnsQ5L/uFTy009y4BfsXEuGi5DFjGYzuFAVXmBjHjJ3trEDXVuyTHPnMItDOgyxR5IVJAFDgBaxK0e0eM/rzd4szY=
wOdFWivJ+kAeDACu3e4kogiewy7QctQXm2e4PG6j4S089FFSWkiV6tFhsyP8LnWgWH4dVogYSEk+LAIozfLJzw+jL3SzOg==
9wz1h5UgjUmGdqOw+4VqZE09y4BfsXEuGi5DFjGZzuFAVXmBjHjJ3trEDXVuyTHPnMItDOgyxRpIVJAFDgBaxK0e0eM/rzd4szY=
xee+MNNmrmiWJhSBH5H/ZAa+5o4C+Ym0xRZz4TB7DjAmayfjaC4q8vIJvg4pJjsDLTzBEYPQGNsycc2ftfULUZG2c6pqSpms/MOD5PtUy/R/Ze4CpYe/v9trYAZl1ritL6GKkXaHpIl8CQ/9TvgkIO+qDt856mpDioQKbr1P3tnZ0Phpc5nJJ45cw2z1il/9JXeHkMN/C1zaYBtI4zkmy5H7ZVCUbNTCKY0z2dxa+Sz553hsK3+xIaPTHF6MKL4Y1LFBwca9SCaLXiRKdXfMsJkaMHi5la+WNAOm2rZ63UwFFYfFa9azlA==
RjFTR5eXo3EYQbcMT8ZFeFcfeXpUcs7/+wkz+9vRj/f3x/LxtiCLsKY4dsc2nvHHrJKMYx/YODyv+YLXIAPchqapWewL4LaEWe64BUs+tyqbJotTtmiZaV+dv01I/EnIyJ87t7Kbaomki3gPB+dCxjQy21wW9UXESqGu4mJUUZHuq40GAKMv14nlShqLNjl0j69RwV96fxFr/j7GszJPp9Z5BW3d2gjiVECtC7tDUORpvk2R4MbX0RFDBzX05OB2DuoA5zmLGnOIZM+Y7JA5CZxibSxoEoV7T7RQJY4gmmStfhEDv8932LOW
ZzrkE04X0uGfyjD6110ZsZqotTIcPeeVKqxiIhBH5PpxfLOQnOahvpwa1WF1zeXtfLWLPg3jrZrxaz7dgaO9KN8XCYjrOcNCLh9Pgf1TY8kQepFXNi8gVZbsne9vMCqpJA4S9AYkBuKEs3bUcdyXeT+6LKt7GvxkGaYVF9Y2fr91XIrR+KmIcPGfB09jh6pTwlNDcQ5bgxTdVxMpwO6M1z6hk9YtlA33wE+SBpPBW68yjF95LoHejY5wZWbxln/yVKXipJxoybUzOGGPXtSnr+8ka8ukv4k6fqrBvEPVSwMQg8Zp17Ob
s1TuEdQhU+pUxJWYHpSjoSU9f2KxeMK1WxZWX4z0rSVjI7/IFEVtcDIwSvpN/vu9S3GSDeWiowMDxp/T/BYv2u/6Bq9H1CX5DR5gJ4FdsyNNFf5C/wsYzw5J+NRz80FAJLUqNhzoCCQI/oqLeMh/rLll0YJCt1X60jh3nvvL+EYwY7tkxI02aUYsvyfJky33BI8s6y0toLstiLPv/bVungJLsBkdSqMUg2tO9xyaHbH1M9w0MeWAYXDR4MiLul/mMS6aHaz4UqgH6X0Ar1MQpIlzARwFl4pfpyYQki+gbaVFHx67yHXZs5U=
zi9tCvJ9g3Ko62eWn1HZY7pu3PtPHHv0MgorOez9BVLW8JHbDAkR1/Lm+bR+Y8EBHXI+xh3MGaWG+fV6M/aXoN0pS4tJZ70QZ7lP2prv2ymB878hpCrF7/rvbC3CPGnHM1AWQTA+ZuwKJAr68INiPE28y1HLanjTN9ow3E32of8KlgIX4aw+SXQpBOhF75Pnnyf2O3aDl8lCG0/sCQdnARwOsL8qkWfOIZQB7zR/hm6vIYeHRtyLgeLBkjVaoNEOrTaDWsDVVjwQ6EUth8j1JyJ0e0dbdD9zaH/FQip6NZQftXfrBLOycduzlw==
SxkEV6Pit2qfFsTZamqAuCU9f2KxeMK1WxZWX4z0rSVjI7/IFEVtcDIwSvpN/vu9S3GSDeWiowMDxp/T0AEvze71G69H1CX5DR5gJ4FdsyNNFf5C/wsYzw5J+NRz80FAJLUqNhzoCCQI/oqLeMh/rLll0YJCt1X60jh3nvvL+EYwY7tkxI02aUYsvyfJky33BI8s6y0toLstiLPv/bVungJLsBkdSqMUg2tO9xyaHbH1M9w0MeWAYXDR4MiLul/mMS6aHaz4UqgH6X0Ar1MQpIlzARwFl4pfpyYQki+gbaVFHx67yHXZs5U=
LEznmOBbMZXWCy6niGAOk7pu3PtPHHv0MgorOez9BVLW8JHbDAkR0fLm+bR4Y8EBHXI+xh3MGaWG+fV6IvCVtdk9S4tJZ70QZ7lP2prv2ymB878hpCrF7/rvbC3CPGnHM1AWQTA+ZuwKJAr68INiPE28y1HLanjTN9ow3E32of8KlgIX4aw+SXQpBOhF75Pnnyf2O3aDl8lCG0/sCQdnARwOsL8qkWfOIZQB7zR/hm6vIYeHRtyLgeLBkjVaoNEOrTaDWsDVVjwQ6EUth8j1JyJ0e0dbdD9zaH/FQip6NZQftXfrBLOycduzlw==
uSx+NqZMgM7iUwmDvHcBbQa+5o4C+Ym0xRZz4TB7DjAmayfjaC4q9ONR5h4/LW9cKj/UOMWzX5klKdrfsccMR4Src6pqSpms/MOD5PtUy/R/Ze4CpYe/v9trYAZl1ritL6GKkXaHpIl8CQ/9TvgkIO+qDt856mpDioQKbr1P3tnZ0Phpc5nJJ45cw2z1il/9JXeHkMN/C1zaYBtI4zkmy5H7ZVCUbNTCKY0z2dxa+Sz553hsK3+xIaPTHF6MKL4Y1LFBwca9SCaLXiRKdXfMsJkaMHi5la+WNAOm2rZ63UwFFYfFa9azlA==
MBu2gEFRUMdE+ajBrLYv/Qa+5o4C+Ym0xRZz4TB7DjAmayfjaC4q9ONR5h4/LW9cKj/UOMWzX5klKdrfuNQGWoSpc6pqSpms/MOD5PtUy/R/Ze4CpYe/v9trYAZl1ritL6GKkXaHpIl8CQ/9TvgkIO+qDt856mpDioQKbr1P3tnZ0Phpc5nJJ45cw2z1il/9JXeHkMN/C1zaYBtI4zkmy5H7ZVCUbNTCKY0z2dxa+Sz553hsK3+xIaPTHF6MKL4Y1LFBwca9SCaLXiRKdXfMsJkaMHi5la+WNAOm2rZ63UwFFYfFa9azlA==
speQ/sF+TwGtFWUxlVDTrJ68uFaWHwuw5vEG76lM6FcRsq7avmZMmsRU16SwdX65cvUeIJnfojSIduQ47OBBP/KYvu4CQ69fm5Q+ANlqMHHbil/OO0Lj52acUS0f2Xe5mMghrOh704Oi72KNpI9wexfTqiIUVrNoxgGNgArlZhay4Dn1Tk9lspDXp1MJYcJuG4LRkC/LOXWPjrdVK7r2MmMGJ8P2ne1Zza4A5lREpX+rd7gASdolpTAyH5VRB8/BJFCIEq4O6FOp/5L3COBH7Hwk0e08BgWYuOZNPw/wmNFeFPIAjZr5N6+7f9yzkg==
Nx4SQETZB4rIi5m60PrJFdJ4EyYSiivTPHl2Ta36SiC+/wXvthtZVVrVoYi0hlxxOX1SBuFD7koL7xio8EjtpyNffDgBCxj7n/LLQeQiaqCc4m2saJKF/040UKWOoJrkrf4Rg79Pd1izFg==
shm/eoGSmI9ipdk02GAY7tJ4EyYSiijTPHl2Ta36SiC+/wXvthtZVVrVoYi0hlxxOX1SBuFD7koL7xio8EjtpiNffDgBCxj7n/LLQeQiaqCc4m2saJKF9040UKWOoJrkrf4Rg79Pd1izFg==
RTSTD0l1RNWJ7b6hwsr9t8zQ3Uj8VmlwmlVrvkYThHbHidyHgm3RyWsosdd9CpvE5pVwF/Y2fjR2U4No/08/YiTXMPtcrNBGYHEfTwSinx1+lHZl3SQp+S0saUvdCvYBpz/PUIH3zpxhPPqUiwfj7oJ7QCkBn38sRY6LyjBp6idJz2fBIoYUPY7HWpGbmFXdorI+fJPhI2JG0nijxt+oVaV5x2kgWsiwL6pVLAQNGUClt2GBxH2FPtJLyh/AHswghJluu8X2t2oDtcw9Pk3MKP53w+h/TkSuU4k6SlXotiQ5E3FcNXd8XpcNZ9KfAJ0l1b9O+5hVybOF
/km0MdnKxW7EtgfiOCHZjDT2+FW7pmre2fVRTaACL1wk9Ctny7Qv0xt+dak9uqX0TzWHC7TzwtELs0c=
HTs+QvXcW3LtXHrzcUH16YYgOMJxdxrhIlhu8h+NTGC5inBoGUauRp8U5kqWql2cJYXH1csGs0Q=
gH/pz9pHFSLavC8saEm+ztG70I+EsA6KxURPr7Y22NeMyQs5SvgaglyK3XQIqlWQztwLmm74Kgzt1uHbH7cncLM+
GerBpI9mFj/5UvrpWth4tczQ3Uj8VmlwmlVrvkYThHbHidyHgm3RyWsosdd9CpvE5pVwF/Y2fjR2U4No/08/YiTXMPtcrNBGYHEfTwSinx1+lHZl3SQp+S0saUvdCvYBpz/PUIH3zpxhPPqUiwfj7oJ7QCkBn38sRY6LyjBp6idJz2fBIoYUPY7HWpGbmFXdorI+fJPhI2JG0nijxt+oVaV5x2kgWsiwL6pVLAQNGUClt2GBxH2FPtJLyh/AHswghJluu8X2t2oDtcw9Pk3MKP53w+h/TkSuU4k6SlXotiQ5E3FcNXd3XpcOYNKYAJ0l1b9O+5hVybOF
j4yuZa97hYRY986O63hFkjT2+FW7pmre2fVRTaACL1wk9Ctny7Qv0xV+dao6uqL0TzWHC7TzwtELs0c=
hYB7VCWMugt/ukhIL7eP/4YgOMJxdxrhIlhu8h+NTGC5inBoGUiuRpwT5k2Wql2cJYXH1csGs0Q=
hGQwOiGM/Wo8gTCcHylMC9G70I+EsA6KxURPr7Y22NeMyQs5SvgaglyK3XQIqlWeztwInW7/Kgzt1uHbH7cncLM+
3dt8E0j1aCXVWXkx6Qx3HNJ4EyYSiivTPHl2Ta36SiC+/wXvthtbVVrVoYi0hlxxOX1SBuFD7koL7xio8EjtoyNffDgBCxj/luXMQeQiaqCc4m2saJKF+Eo0W6WOp5rkrf4Rg79Pd1izFg==
ex0+T17qe2v+/MIzCwndXNJ4EyYSiijTPHl2Ta36SiC+/wXvthtbVVrVoYi0hlxxOX1SBuFD7koL7xio8EjtoiNffDgBCxj/luXMQeQiaqCc4m2saJKF+Eo0W6WOp5rkrf4Rg79Pd1izFg==
v8hiKg+2F4FndImsWSFVOgGidflAcFPo9idUyIe7N/rvO0ps1jy/ZLHjSTydZ6Dazx2IcuAwFeXd79YbsCVxsz0=
OheZNMGtqkn/i/SvSWfPMM7s/Ehaj+B4MwOLelOD/txilBPEHUsd7Mm//BqTxdyitNh5BbEHouvE3Q2zQQ==
4o6q2wlgt9yVaOtbgfZdxs/s/Ehaj+B4MwOLelOD/txilBPEHUsd7Mm/8hqTxdyitNh5BbEHouvE3Q2zQQ==
hxSNxceKHXe8yiOrhsBXkdJ4EyYSiivTPHl2Ta36SiC+/wXvthtaVVrVoYi0hlxxOX1SBuFD7koL7xio8EjtpSNffDgBCxj/luXMQeQiaqCc4m2saJKF/Ek0W6WOp5rkrf4Rg79Pd1izFg==
MQy6JOKeJYKP8CnuB4+oXNJ4EyYSiijTPHl2Ta36SiC+/wXvthtaVVrVoYi0hlxxOX1SBuFD7koL7xio8EjtpCNffDgBCxj/luXMQeQiaqCc4m2saJKF/Ek0W6WOp5rkrf4Rg79Pd1izFg==
8yETdjA/4uZ7+XDzbCuB0wCidflAcFPo9idUyIe7N/rvO0ps1jy/ZLHjSTydZ6XZzx2IcuAwFeXd79YbsCVxsz0=
K2JEu++vjVUv4zm+lWYsXMjs/Ehaj+B4MwOLelOD/txilBPEHUsd7Mm/+BmTxdyitNh5BbEHouvE3Q2zQQ==
qFtx9KoC3+DnnWOAYtTsisns/Ehaj+B4MwOLelOD/txilBPEHUsd7Mm//xmTxdyitNh5BbEHouvE3Q2zQQ==
ruTMG4CuviR+L4l/0OJudQeewy7QctQXm2e4PG6j4S089FFSWkiV6tFhsyP8LnWgWH4dUI4YQ0k+KwIozfLJzw+jL3SzOg==
ow4lbZimgTZqFLS1B7J0Rk09y4BfsXEuGi5DFjGWzuFAVXmBjHjJ3trEDXVuyTHPnMItDOgyxRxOVJsFDgdaxK0e0eM/rzd4szY=
HwgaCF1iMeACl/CxpZdYaQaewy7QctQXm2e4PG6j4S089FFSWkiV6tFhsyP8LnWgWH4dV44YQ0k+KwIozfLJzw+jL3SzOg==
wVNl6aC2hAr9OyEu1/N/vU09y4BfsXEuGi5DFjGXzuFAVXmBjHjJ3trEDXVuyTHPnMItDOgyxRtOVJsFDgdaxK0e0eM/rzd4szY=
mxvNaWtkWAi8CiA/rIdvItJ4EyYSiinTPHl2Ta36SiC+/wXvthtZVVrVoYi0hlxxOX1SBuFD7koL7xio8EjtqSNffDgBCxj7n/LLQeQiaqCc4m2saJKF+ks0WqWOp5rkrf4Rg79Pd1izFg==
KMsYYrNPD6z2nnZ9oQY4Y9J4EyYSii7TPHl2Ta36SiC+/wXvthtZVVrVoYi0hlxxOX1SBuFD7koL7xio8EjtqCNffDgBCxj7n/LLQeQiaqCc4m2saJKF90s0WqWOp5rkrf4Rg79Pd1izFg==
XsSVcwBNVqY21Em85z8Buykfg7d6/hliED4MWyvL4NAOT3mBjHjJ3trEDWZhzSvPnMItDOgyxRlKVJoFDgdaxK0e0eM/rzd4szY=
dXZuD+OYkBclej2kGK8Oqw2CvJB9AACHmHFSp8hJf0BKEG3Z3vWwP12/1IqFGBqe+RvGa605DEipkhCgab8qrs7LxkWmkp00tR0nnTt+syw=
LMgxp3Bttvm1DNzuhLN1fRUEv+8aUqaorZTHuG+RwO+ejO9o7+AN2L6SF4VcP//cLRoojqODiBxcXUoCbU5hO3cxPqk2+7afyF9Rh3U2Jz4IPjkR5CVfoK/XbKiGTkygOcpwqJkJrwYe0+YNFmpdXKXFxxVLRrME
AuSHy5LNCZeZqURZCCEKASgdibd/8AdiED4MWyvL4NAOT3mBjHjJ3trEDWZhzSvPnMItDOgyxRdPVJgCDgdaxK0e0eM/rzd4szY=
ryG1K1ML18JDo95bSMSBBW3JlUdoWtO8lTUMB8odVLff46x8xXa8BQBtqelsUPnG2tw9XY6h4ffcOn2kSFo1j8/M6Oqur4q8bSaBC1+HB2CzLg==
b5iecWq4uxJFLkSe7iuKg6pGnZPKl7pngiVpbGQgwVl/iIElPelD284kKsyTOeroiavY1azje0ljf05ZNCeBORpOhe59FfwHcnni1vfNzk6A/8vZRuAvBMO0M5dz1MfjV/m92RUa2sRXdT/brNMqQUOzDw==
HlWF31ohFmKxSOZPBBEgd6pGnZPKl7pngiVpbGQgwVl/iIElPelD284kKsyTOeroiavY1azje0ljf05ZNCeBORpOhe59FfwHcnni1vfNzk6E9tzeRuAvBMO0M5dz1MfjU/m92RUa2sRXdT/brNMqQUOzDw==
RPobBJllQH/8s10uLTWEI2ird8xbr9MY6p80KonZ5BB5B1ra6NGPABhx84dlPP1W+YVYTy5ZHt7TvYqWbH+ngYIQCwy/lO9f10RDW7s+kaERCj4MCxWDU0hjbhlvsyM=
70A+8AgK1ezGbAIZJ2IbBjT2+FW7pmre2fVRTaACL1wk9Ctny7Qv0xV/da49uqL0TzWHC7TzwtELs0c=
Kw8Kq/42mQh1dI3kyenBWYYgOMJxdxrhIlhu8h+NTGC5inBoGUivRpgU5k2Wql2cJYXH1csGs0Q=
ltw8h7xqAx7z8RKIE8mCPVSmdOxHYiD2vidD1J6Mc+C7LFl3zja/ZLHjSTydZ6PYzxqOcuAwFeXd79YbsCVxsz0=
R7rzudCBlXNozOWPtKmhABkg1ohvMgffWlSluprblPNCbBzL4u8HJPoU/2A3tL0HCn5jRI3rTSz5n+8ag6Aq4mS46YUBpxIrlD19szE=
9Ryw8EPX1geWtCtvpXYKmxkg1ohvMgffWlSluprblPNCbBzL4u8HJPoU/2A3tL0HCn5jRI3rTSz5n+gbg64q4mS46YUBpxIrlD19szE=
9sfaU4awy72R8lG50TwXJbyqs5SPB6b51bEjHqRmD1xbyL+OgH5mLjjjpL6bx3KK3AubKhfY0rqItQkOMBkussC4yhzbQVx2XKodFIgKFXLLvMg+7h5qLO22IXufV2dQsx4=
Xb5KrYhEN3XsCTKqjE0bXTSJna8VHPzyzgc4Wy3AjeYsjS8rN4jzYA6Hk5Ru7GPgq8wpt56WD+Qhg7l8TUeQ3r/+27JRkIVlLY8GW4AFYbMt
Izx1k2BmWCjs0RL/YwbHYm0EnqYvsmIkFmdLEnfA4tJIHXmWkGH+msCQGmR72SzenMItDOgyxRxIVJwGDgZaxK0e0eM/rzd4szY=
Y77GMsUtiyOtZJOcWpeoCVSmdOxHYiDrvidD1J6Mc+C7LFl3zja/ZLHjSTydZ6LfzxqLcuEwFeXd79YbsCVxsz0=
vuGuLP3DgGFzLJpZ+D11GRkg1ohvMgffWlSluprblPNCbBzL4u8HJPoU/2A3tL0HCn5jRI3rTSz5n+seg6Ev4mW46YUBpxIrlD19szE=
DsbjCPlw4o69Q1H2jIKBLWkOjqcv4SJiXGNLEnfA4tJIHXmWkGH+msCQGmR72SzenMItDOgyxRtLVJkHDgZaxK0e0eM/rzd4szY=
NBnXaBrw0vzgMgm55LNk8wh+cjtiZHh/TPKIo0sZI7Xpvu5Xb7HCclxzK8K3sAJiyO3ZJlAx3orAgDo0u2mMLhxyzXwo4qUGSER7V072OnQtbnFTf38XaLMm
5tqsj8wcSXtejzHHz7Cw/gh+cjtiZHh/TPKIo0gZI7Xpvu5Xb7HCclxzK8K3sAJiyO3ZJlAx3orAgDo0u2mMLhxyzXwo4qUKT0R7V072OnQtbnFTf38XaLMm
YAkrLIT1Ov6H8TQJm94TsRk4rfLBEPVh1hmDXeI/vKBGV6u0hpx74LM8QZemxsek6TPhnCXXK1lHa3ISCWDNpeXf/juoNXmzNQ==
n8QXAIXwhYN/243EvwktY6+N4kKhymdj/MDhSnsRXNqqtGpsZ1prlGfBBF2pdegrnvCEAwE8DDipoGEYS5+MkgX0S6drNI+T/X5VY1g6wzRvNWdLVHNiEWuzJw==
Dl8fMQPaxcy4xE0VRHgfQxk4rfLBEPVh1hmDXeI/vKBGV6u0hpx74LM8QZemxsek6TPhnCXXJ1tHb3ESCWDNpeXf/juoNXmzNQ==
BuevSWCpOlMRmSgOu5GGS5NA2T0UzjdS4e96QGfG/YnKVlwEHMDxws14waGisQ8tPofoQHJPV+TKdO9gJ1SNR9re88Q9i71sqX/cG3OGfSLVGBkFkUdCa2QdbbMh
g2sRzOnGzMde8V034B/AtNPSxrPDZnjp7ItjtmL4rZ3AFmsCzQdOQFMu0dmWjoikaHgNcqHQFWH22SPdAv/coKYXCzQm3Jvg0/zhFwYGp6QJc4EchZcOXictkZKpoO2lxR+eu0h1WbMV
etQ7YshSdvhRpp6mgFBxyUVqIWac23mCmkmO79le+EzfDXLi8Yq3g8zA0aqrUQx6OjQazJeaG7R3wRQ9mbVYSy5wFGNR/NwY2aCROBvfXHKVdPtH23S/c+V5RUOrerOUn7X364SzMnFbsxc=
sp73AM7QiEVyjNoJtQwwY9PSxrPDZnjp7ItjtmL4rZ3AFmsCzQdOQFMu0dmWjoikaHgNcqHQFWH22SPdAv/coKYXCzQm3Jvg0/zhFwYGp6QJc4EchZcOWCcskJKpoO2lxR+eu0h1WbMV
wocP1bLYg4cjcjycu34/HL2I+uTj9tZhAT3D+b5tbAvShv7Mftqxl8sgyWepG3g/jZCoe4JEAML+8vNTQHBMgPkq8MjZJq8mXrNm7NZKXXxlJUd1C2azJA==
21MyEvWlQAdU7upsyrE5OBAzzYZrJgzEGRG7rpPbn+9IexzW4u8HJPoU/2A3tL0HCn5jRI3rTSz5n+Iag6cq4mW46YUBpxIrlD19szE=
DaNsXHVrz1VICf7h7UnN8Bkg1ohvMgffWlSluprblPNCbBzW4u8HJPoU/2A3tL0HCn5jRI3rTSz5n+ofg6cq4mW46YUBpxIrlD19szE=
XfdRkAXxWkoEnFTyyUhnL1SmdOxHYiD2vidD1J6Mc+C7LFl3zja/ZLHjSTydZ6Tbzx6OcuEwFeXd79YbsCVxsz0=
56LOuCgF8Mbd9EYZ+SQ49xkg1ohvMgffWlSluprblPNCbBzL4u8HJPoU/2A3tL0HCn5jRI3rTSz5n+0bg6Yq4mW46YUBpxIrlD19szE=
gJE9nQZvYojFqt+elvvnO7yqs5SPB6b51bEjHqRmD1xbyL+OoH5mLjjjpL6bx3KK3AubKhfY0rqItQkOMBkussC4yhzbQVx2XKodFIgKFXfJvMg77h5qLO22IXufV2dQsx4=
5CypQZboWGMXCF3RGXkTuyd420OS4om7vbaIN1cm2oqDg0hravCHXOaW9hGHOA/e1rCYWyVsGO8ayIBGdm5jp/gc7CSRlgCcgetqYpZpNtguZj2YTVl3YRNqsyA=
sWHTlz7AFKY/pap3+N3ltNJmFysAiC/JPiMmFu2/E3rLpU64wRVZBAiBu4yC1FdheG1WCq8SokQWhwuy92Ci8kh9OXYQAT66wLDaBPs5bL6c4m2saJKF/Uo0XaOOpprkrf4Rg79Pd1izFg==
DrVNM1mt58D3dbxS+3seYG0EnqYvsmIkFmdLEnfA4tJIHXmWkGH+msCQGmR72SzenMItDOgyxRZOVJwDDgZaxK0e0eM/rzd4szY=
BXF37Bi+qN3IaLCpVXqVBVQKcIDdzP7BafNBZFXQiAtlDMhANSD94A+vaJoJ1Advz6QLC0G7KXVYKid8I9Xrw/ADpil3szs=
fjOilI/CRd7iN59Pktlk2BwcL55eG8DbPSzgcA0gxdAnj7DKwZTPHzfE45vYO7Hl8IqfzGsVoxOo487ZD7ND
f4HrfirvbntBVZgFVepIm1SmdOxHYiD2vidD1J6Mc+C7LFl3zja/ZLHjSTydZ6TazxmOcuEwFeXd79YbsCVxsz0=
bIUAX3PjuUL8PxAfAU93jhkg1ohvMgffWlSluprblPNCbBzL4u8HJPoU/2A3tL0HCn5jRI3rTSz5n+gag6Eq4mW46YUBpxIrlD19szE=
+tnO4HNjmjfx29vc4hh1CGb63kzI/KAdem1TYKFNHRsLecvMsaxnYDh6488QoNusOG0fa+cog+Ce5yNUPsyT4Nvs+fcudp9k0SPpvH0ngdqv2S7yAXA15b0vdptQZVGzHQ==
lmZvVIwFJwqFdVZDcLnSdMYPud6MNfbVICZjEe5AD10DeedMWdKGJ7seaD5sUUOh4z3ss/Q5DcoUrB0KWgMx0R9Hhu12f39mQwegmhVpYodx9h4E2UJSABfuOCPZYPkOlDq9k8weUqM4KKUGBnXt0Z2KBfKsyhACdqP7H9+uacZleexpTdGJ411YWpAVdYQPKPibTgJp7FG/NS29TaJ/xm1bUNWgEIRMwOfvPGiS4TD1jyfIfh2VA+MTzHmYI/8P315cCtqcOzWxvc9JoGkBsnzU9OkOvHfTluZa43x+VTAYDr2hjmjgu/65IvhNoqlfz5NPxLOK
UHeIjpSa/R+ruIcHEXR8xtG70I+EsA6KxURPr7Y22NeMyQs5SvgaglyK3XQIqlWVztwIn279Kgzt1uHbH7cncLM+
aGmsdmlKhfRNihfDVQEBPDT2+FW7pmre2fVRTaACL1wk9Ctny7Qv0x5+dao4uqD0TzWHC7TzwtELs0c=
WIcbGbf0Wu6XqqN7EhlpqoYgOMJxdxrhIlhu8h+NTGC5inBoGUOuRpwR5k+Wql2cJYXH1csGs0Q=
r7cS/VwqPbMyDB9xvMhCh8YPud6MNfbVICZjEe5AD10DeedMWdKGJ7seaD5sUUOh4z3ss/Q5DcoUrB0KWgMx0R9Hhu12f39mQwegmhVpYodx9h4E2UJSABfuOCPZYPkOlDq9k8weUqM4KKUGBnXt0Z2KBfKsyhACdqP7H9+uacZleexpTdGJ411YWpAVdYQPKPibTgJp7FG/NS29TaJ/xm1bUNWgEIRMwOfvPGiS4TD1jyfIfh2VA+MTzHmYI/8P315cCtqcOzWxvc9JoGkBsnzU9OkOvHfTluZa43x+VTAYDr2himjju/65IvhNoqlfz5NPxLOK
Xhq3bPD+4rn3FS709nUYoNG70I+EsA6KxURPr7Y22NeMyQs5SvgaglyK3XQIqlWVytwLn279Kgzt1uHbH7cncLM+
oC5GcyVj7CdWzILBDIrmXTT2+FW7pmre2fVRTaACL1wk9Ctny7Qv0x56dak4uqD0TzWHC7TzwtELs0c=
T2fiubKujKhAvOyoJyHLI4YgOMJxdxrhIlhu8h+NTGC5inBoGUOqRp8R5k+Wql2cJYXH1csGs0Q=
ys9OAV/DmbKJANkddqOZMcYPud6MNfbVICZjEe5AD10DeedMWdKGJ7seaD5sUUOh4z3ss/Q5DcoUrB0KWgMx0R9Hhu12f39mQwegmhVpYodx9h4E2UJSABfuOCPZYPkOlDq9k8weUqM4KKUGBnXt0Z2KBfKsyhACdqP7H9+uacZleexpTdGJ411YWpAVdYQPKPibTgJp7FG/NS29TaJ/xm1bUNWgEIRMwOfvPGiS4TD1jyfIfh2VA+MTzHmYI/8P315cCtqcOzWxvc9JoGkBsnzU9OkOvHfTluZa43x+VTAYDr2limjju/65IvhNoqlfz5NPxLOK
dxEtOlfVfrw3BYakZ4GJEjT2+FW7pmre2fVRTaACL1wk9Ctny7Qv0xV6dak4uqD0TzWHC7TzwtELs0c=
OIPs2gx2bOL7nlbPN7Bw+oYgOMJxdxrhIlhu8h+NTGC5inBoGUiqRp8R5k+Wql2cJYXH1csGs0Q=
pkLcb+w5Acb+2Kj3eMV2qNG70I+EsA6KxURPr7Y22NeMyQs5SvgaglyK3XQIqlWeytwLn279Kgzt1uHbH7cncLM+
cpvYF5JOclB997Qkv5CqVJc1McGgu0WOogIrEaZd58l4PBb3L0j0yRpyhcrhmTI7tKp8r761st4JwUSBkVdVTZRwvAFyrpllBiQ5rMRtJoc/2wLy7DXOv8g8HPq8cRvE+360Nx0y6yDIrPFPmouOJk1UGINHaTSSmv1/NfNRMd9O7RyZsgaOwMf7tos8rP3tdEdVNvaT2ne2BofAuRnND1ubq9syTvV1ydS9i2c2GnfIY0DgCo0V9US2B7ELdrgFwkJoJV6A82N6us17yULObttcu9uDOtpc83UIpeRUV09fZBurkbl5EUzqtBzzVdujQMOWSceziw==
UBtsbTCIFw5N6cqrTSXdFCkdibd/8AdiED4MWyvL4NAOT3mBjHjJ3trEDWZhzSvPnMItDOgyxR5JVJsHDgVaxK0e0eM/rzd4szY=
NQfBz20vJYLOpkMXNfWOhw+ewy7QctQXm2e4PG6j4S089FFSWkiV6tFhsyP8LnWgWH4dUokYQ0s+KQIozfLJzw+jL3SzOg==
KJzmeH77mFnl77Jov+AMzw6ewy7QctQXm2e4PG6j4S089FFSWkiV6tFhsyP8LnWgWH4dUokYQ0s+KQIozfLJzw+jL3SzOg==
6Rb2++g9bfHIyYHiU+Y7ipwFinpShUtEvq4hDSOE/4nRUkElUpK3nMVBh6C58gJnOILtBiBPQPjTQ6t6c0OPXc7Z4sQ9i71sqX/bGXOFfiLWGBkFkUdCa2QdbbMh
B8zlAozeatcpKRXXUC3Njw2ewy7QctQXm2e4PG6j4S089FFSWkiV6tFhsyP8LnWgWH4dUokYQ0s+KQIozfLJzw+jL3SzOg==
T3BMYVJcCUpf1KTb2CLOCAyewy7QctQXm2e4PG6j4S089FFSWkiV6tFhsyP8LnWgWH4dUokYQ0s+KQIozfLJzw+jL3SzOg==
IxUH1rBq4xe6mHZT7sXs6CkFhbdm5hhiED4MWyvL4NAOT3mBjHjJ3trEDWZhzSvPnMItDOgyxR5JVJsHDgVaxK0e0eM/rzd4szY=
8q8/KTdUMhglLageC0ZLbwuewy7QctQXm2e4PG6j4S089FFSWkiV6tFhsyP8LnWgWH4dUokYQ0s+KQIozfLJzw+jL3SzOg==
WhDHgeINWr34e7sOXllEDAqewy7QctQXm2e4PG6j4S089FFSWkiV6tFhsyP8LnWgWH4dUokYQ0s+KQIozfLJzw+jL3SzOg==
AjRxcrpn6THOD2IsGpwynSgFhbdm5hhiED4MWyvL4NAOT3mBjHjJ3trEDWZhzSvPnMItDOgyxR5JVJsHDgVaxK0e0eM/rzd4szY=
tJ4rmj/Mm6L35wL0SIfSCisFhbdm5hhiED4MWyvL4NAOT3mBjHjJ3trEDWZhzSvPnMItDOgyxR5JVJsHDgVaxK0e0eM/rzd4szY=
HAsHGbh7QRF4Y2v7otI5jAmewy7QctQXm2e4PG6j4S089FFSWkiV6tFhsyP8LnWgWH4dUokYQ0s+KQIozfLJzw+jL3SzOg==
a4ovHpO/dHvEVa/ZEY5yfQiewy7QctQXm2e4PG6j4S089FFSWkiV6tFhsyP8LnWgWH4dUokYQ0s+KQIozfLJzw+jL3SzOg==
r0f+91G2vHy2Oxt62CWy6Fqx+kifPJNZyHKlMnTwpCs591BZNwyE/dZyuDP8LnWgWH4dU4kYQ0s+KQIozfLJzw+jL3SzOg==
C+sAokftQnF0Lpg0H8nEiNJ4EyYSiinTPHl2Ta36SiC+/wXvthtZVVrVoYi0hlxxOX1SBuFD7koL7xio8EjtqSNffDgBCxj/luXMQeQiaqCc4m2saJKF/0k0W6eOpZrkrf4Rg79Pd1izFg==
xdeE//My87cMqNkpGGYsztJ4EyYSiijTPHl2Ta36SiC+/wXvthtZVVrVoYi0hlxxOX1SBuFD7koL7xio8EjtpiNffDgBCxj/luXMQeQiaqCc4m2saJKF/0k0W6eOpZrkrf4Rg79Pd1izFg==
N+mNgQyBbJLdbJKP/Pq3xdJ4EyYSii7TPHl2Ta36SiC+/wXvthtZVVrVoYi0hlxxOX1SBuFD7koL7xio8EjtqCNffDgBCxj/luXMQeQiaqCc4m2saJKF/0k0W6eOpZrkrf4Rg79Pd1izFg==
Ir/aFV5w+5eQ52nxZ3c+0dJ4EyYSiivTPHl2Ta36SiC+/wXvthtZVVrVoYi0hlxxOX1SBuFD7koL7xio8EjtpyNffDgBCxj/luXMQeQiaqCc4m2saJKF/0k0W6eOpZrkrf4Rg79Pd1izFg==
I2Duyi25atkGr22RCN3JDGird8xbr9MY6p80KonZ5BB5B1ra6NGPABhx84dlPP1W+YVYTy5ZHt7TvYqWaHawhoIQCwy/lO9f10RDW7g5kaEUCjwMCxWDU0hjbhlvsyM=
0CVFRFdFOdxuAL2ghNrmTBUEv+8aUqaorZTHuG+RwO+ejO9o7+AN2L6SF4VcP//cLRoojqODiBxcXUoCbU5hO3cxPqk2+7afyF9Rh3U2Jz4IPjkR5CFWt6jXbKiGTkygOcpwqJkBqQYf0eYPFmpdXKXFxxVLRrME
rQujBGfl0TKZQsubUjKt+lqx+kifPJNZyHanPHTwpCs591BZNwyE/dZyuDP8LnWgWH4dU4kYQ0s+KQIozfLJzw+jL3SzOg==
74/XwbXkESD6OodZm3rlWJdW/wLJQ/Agt/t9Y47JX////zl11i4dZHk0Y7djFLdDhPntOaBayCQH9c/73BO6IXOzPw==
PmJM82WTiW0TWIGiRssMdTT2+FW7pmre2fVRTaACL1wk9Ctny7Qv0xx5dak4uqD0TzWHC7TzwtELs0c=
DApAuWxZHrbz4kaUCg3T4IYgOMJxdxrhIlhu8h+NTGC5inBoGUGpRp8R5k+Wql2cJYXH1csGs0Q=
yrkaP4m3yhbKXLHgJOsiJfHdzrw0O/PLgTjnfEf5uJlNutgHX7XOLaic8ZmFZX6DZXt18ZhwjROzvI+uo7VUkxsH3opTDzg+rtllLZlOrx3YyRUtWREQK6jxCUCKOrp7zcjiWHah0JbtJyNl2NzApwnC6bcUI3Hoxx7JinEviXPDB7ZdNg4ncclh5LazRXOK3BNz+VGvavDStCHWAVqfpOEnXoZj4OiaaZreMUmZNz+qT83WM7160AOmLsNrY+bHv6twYNXzJkr5VMpF8CqoJHEmmrk6qtm/dymsjIEeIFTRw+9Kx6UWUz7OfbDdUdepQ8KziA==
ESz2a5q6a1RvVm7JzbA+cikdibd/8AdiED4MWyvL4NAOT3mBjHjJ3trEDWZhzSvPnMItDOgyxRlPVJsHDgVaxK0e0eM/rzd4szY=
191Caa5RwnwCnUjzpm7IfA+ewy7QctQXm2e4PG6j4S089FFSWkiV6tFhsyP8LnWgWH4dVY8YQ0s+KQIozfLJzw+jL3SzOg==
82+oCzNxoLaAEHFu+vTBuw6ewy7QctQXm2e4PG6j4S089FFSWkiV6tFhsyP8LnWgWH4dVY8YQ0s+KQIozfLJzw+jL3SzOg==
GpWb0AM2xVaolGgz+qdWfJwFinpShUtEvq4hDSOE/4nRUkElUpK3nMVBh6C58gJnOILtBiBPQPjTQ6t6c0OPXc7Z4sQ9i71sqX/cH3OFfiLWGBkFkUdCa2QdbbMh
SW9g8JNkEseuXDmSmJtU2isFhbdm5hhiED4MWyvL4NAOT3mBjHjJ3trEDWZhzSvPnMItDOgyxRlPVJsHDgVaxK0e0eM/rzd4szY=
KLom6KohsJ17wc/m9ZPbcgmewy7QctQXm2e4PG6j4S089FFSWkiV6tFhsyP8LnWgWH4dVY8YQ0s+KQIozfLJzw+jL3SzOg==
F3WGCEbHqC2SNLEldy/OUwiewy7QctQXm2e4PG6j4S089FFSWkiV6tFhsyP8LnWgWH4dVY8YQ0s+KQIozfLJzw+jL3SzOg==
iKPPRMMTNi2q4QwWHJd7IQeewy7QctQXm2e4PG6j4S089FFSWkiV6tFhsyP8LnWgWH4dVY8YQ0s+KQIozfLJzw+jL3SzOg==
/h2hWtGG9ePRIL9tk3rmMQaewy7QctQXm2e4PG6j4S089FFSWkiV6tFhsyP8LnWgWH4dVY8YQ0s+KQIozfLJzw+jL3SzOg==
MaOj6ZV+ZSBnaivaBOj//ykfg7d6/hliED4MWyvL4NAOT3mBjHjJ3trEDWZhzSvPnMItDOgyxRlPVJsHDgVaxK0e0eM/rzd4szY=
ecJ59LY7XFO/XsEwHAjMPSgdibd/8AdiED4MWyvL4NAOT3mBjHjJ3trEDWZhzSvPnMItDOgyxRlPVJsHDgVaxK0e0eM/rzd4szY=
iKjlFhqdgn4ZE3HRi8LM9lqx+kifPJNZyHKlMnTwpCs591BZNwyE/dZyuDP8LnWgWH4dVY8YQ0s+KQIozfLJzw+jL3SzOg==
kz9WXtbIGm4zeC9LAJVMnNJ4EyYSiivTPHl2Ta36SiC+/wXvthtZVVrVoYi0hlxxOX1SBuFD7koL7xio8EjtpyNffDgBCxj/luXMQeQiaqCc4m2saJKF+U80W6eOpZrkrf4Rg79Pd1izFg==
fnJB5Mgf8cFAHxQ36QFh79J4EyYSiijTPHl2Ta36SiC+/wXvthtZVVrVoYi0hlxxOX1SBuFD7koL7xio8EjtpiNffDgBCxj/luXMQeQiaqCc4m2saJKF+U80W6eOpZrkrf4Rg79Pd1izFg==
vxfpoy/bJLVkzV435cXwZdJ4EyYSiivTPHl2Ta36SiC+/wXvthtaVVrVoYi0hlxxOX1SBuFD7koL7xio8EjtpSNffDgBCxj/luXMQeQiaqCc4m2saJKF+U80W6eOpZrkrf4Rg79Pd1izFg==
iaALm2UXn6vVqxAKpu37KdJ4EyYSiijTPHl2Ta36SiC+/wXvthtaVVrVoYi0hlxxOX1SBuFD7koL7xio8EjtpCNffDgBCxj/luXMQeQiaqCc4m2saJKF+U80W6eOpZrkrf4Rg79Pd1izFg==
gZINbZ72q8q2BKTQjR2zf9J4EyYSiivTPHl2Ta36SiC+/wXvthtbVVrVoYi0hlxxOX1SBuFD7koL7xio8EjtoyNffDgBCxj/luXMQeQiaqCc4m2saJKF+U80W6eOpZrkrf4Rg79Pd1izFg==
fa3QiEvwRtcEhMVcRlscrtJ4EyYSiijTPHl2Ta36SiC+/wXvthtbVVrVoYi0hlxxOX1SBuFD7koL7xio8EjtoiNffDgBCxj/luXMQeQiaqCc4m2saJKF+U80W6eOpZrkrf4Rg79Pd1izFg==
sNE4iwGs+JcBEnuTXDynYFqx+kifPJNZyHanPHTwpCs591BZNwyE/dZyuDP8LnWgWH4dVY8YQ0s+KQIozfLJzw+jL3SzOg==
EP2ZmTWu2STF6Rz+so9nGZdW/wLJQ/Agt/t9Y47JX////zl11i4dZHk0Y7djFLdDgv/tOaBayCQH9c/73BO6IXOzPw==
AQ2wx77lh/8JpPN3C2RzDzT2+FW7pmre2fVRTaACL1wk9Ctny7Qv0xp/dak4uqD0TzWHC7TzwtELs0c=
H52cwq3rA7KvwI33QPo/AIYgOMJxdxrhIlhu8h+NTGC5inBoGUevRp8R5k+Wql2cJYXH1csGs0Q=
bXDkkAHgMx3MY/InARkk2ikfg7V99BhiED4MWyvL4NAOT3mBjHjJ3trEDWZhzSvPnMItDOgyxRtJVJsEDgVaxK0e0eM/rzd4szY=
eK5SFfCIJiQHhMecqpKCD23JlUViWNG4ijUMB8odVLff4q52x3S4GgBtqelsUPnG2tw9XY6h4ffcOn2kSFo1g8nM6+yurYq8bSaBC1+HB2CzLg==
yAq8GJ9OQov1l9vSvFKaTWJiRCFL8tSqYWgu6tmeKn9Pf5ZozXNHR1vX2MzuE0Fd/KRxQlpYtboREROTfN4VEJgu/UCICCOYfpniWE1CaT9Pcw9ksyo=
s7W7v8KCcytlRF3pM3QouikFhbdm5hhiED4MWyvL4NAOT3mBjHjJ3trEDWZhzSvPnMItDOgyxRhPVJsEDgVaxK0e0eM/rzd4szY=
M5xoHBrUIFpj3pjj5rLLq23NjAUqHpXk6zUMB8odVLff4rRwxW+qGgBtqelsUPnG2tw9XY6h4ffcOn2kSFo1gM/M6+yurYq8bSaBC1+HB2CzLg==
phjNHpgurhQ36EeCDfFIDatGnZPKl7pngn48dnMr20hSiLcwEqsS1MQXY4uyfPHpxsmM37axLlVyVEhPPRXkLwx447wjAfoFcH391vfNzk6A/8vZRuAvBMO0M5dz1MfjV/q92BMa2MRXdT/brNMqQUOzDw==
x01D+BO06Un7QL20tU+10qtGnZPKl7pngn48dnMr20hSiLcwEqsS1MQXY4uyfPHpxsmM37axLlVyVEhPPRXkLwx447wjAfoFcH391vfNzk6E9tzeRuAvBMO0M5dz1MfjUPm92BMa2MRXdT/brNMqQUOzDw==
RFYetNZ8ibFZqr1KQOOEenYhz4R25fDev+47I3AxcnYHzktCrbbC+I8z8qtvPrmBoAgnAQnJlc3ln+OtvKXtnrmNUZvoViaohXuD/+WARGRxV6BnH25zHZR+Unx8/lWwGI69IYjo4jj+OSJ4TSKp388TT0SzCg==
plZzXDOSJpHXMtoZDc8XKBUEv+8aUqeorZTHuG+RwO+ejO9o7+AN2L6SF4VcP//cLRoojqODixxcXUoCbU5hO3cxPqk2+7afyF1Rh3U2Jz4IPjkR5CVfoK/XbKiGTkygOcpwqJkCrwYe0uYPFmpdXKXFxxVLRrME
PejNUWGTE7LLX38CgpeN1HzIfIf/eHyblL1rl29fSpNBUObXviWCLFA1DjmRZnnEiiRD8IzkvJf/E0ujeDl0T2GoTOJZMGolLcMXuXIHlqmzpPupBACF7x71GahKTpl0fiIP4DzZKYYl3FyECTlsiN4hQEbBXFYz0eO1lBH4rDz84K5tP6VvCPVU7QeYAy2HxaFldn6KBXN4/cAmT4TC30DzJ7upxz3EI5QlZWT/gAaITjgJC+a4VF2CXRGzQv5r+WG7XYhDqAXjHdegqOA6Svf3CRNr0zDvfcAUiqCjTopb8Y7oXhmMmIni0LAJDC/+bjuG10aiHeSVbeeNW86zfA==
HCqS3WiSqF+zDN480KMN+dG70I+EsA6KxURPr7Y22NeMyQs5SvgaglyK3XQIqlWSz9wKnW79Kgzt1uHbH7cncLM+
jfgemBYupZf55yiWtpTRBDT2+FW7pmre2fVRTaACL1wk9Ctny7Qv0xl/dag6uqD0TzWHC7TzwtELs0c=
QL5ReKBwNwEsdDgjJFCc5YYgOMJxdxrhIlhu8h+NTGC5inBoGUSvRp4T5k+Wql2cJYXH1csGs0Q=
0aVwQmkDinVHgjq4Cnyhj/Hdzrw0O/PLgTjnfEf5uJlNutgHX7XOLaic8ZmFZX6DZXt18ZhwjROzvI+uo7VUkxsH3opTDzg+rtllLZlOrx3YyRUtWREQK6jxCUCKOrp7zcjiWHah0JbtJyNl2NzApwnC6bcUI3Hoxx7JinEviXPDB7ZdNg4ncclh5LazRXOK3BNz+VGvavDStCHWAVqfpOEnXoZj4OiaaZreMUmZNz+qT83WM7160AOmLsNrY+bHv6twYNXzJkr5VMpF8CqoJHEmmrk6qtm/dymsjIEeIFTRxe5KxqcWUz7OfbDdUdepQ8KziA==
uT0LqJR0yykiWifGJryDUykdibd/8AdiED4MWyvL4NAOT3mBjHjJ3trEDWZhzSvPnMItDOgyxRxOVJoFDgVaxK0e0eM/rzd4szY=
k1q2Y7UQWhJ99xNjrvhcEA+ewy7QctQXm2e4PG6j4S089FFSWkiV6tFhsyP8LnWgWH4dUI4YQkk+KQIozfLJzw+jL3SzOg==
HVffBW3gh3xWP6FYVGYsfg6ewy7QctQXm2e4PG6j4S089FFSWkiV6tFhsyP8LnWgWH4dUI4YQkk+KQIozfLJzw+jL3SzOg==
bJLvHo27DcBer3umYvBrc5wFinpShUtEvq4hDSOE/4nRUkElUpK3nMVBh6C58gJnOILtBiBPQPjTQ6t6c0OPXc7Z4sQ9i71sqX/ZHnOEfCLWGBkFkUdCa2QdbbMh
gPzsZhJv9YDdy6nlO70d/CsFhbdm5hhiED4MWyvL4NAOT3mBjHjJ3trEDWZhzSvPnMItDOgyxRxOVJoFDgVaxK0e0eM/rzd4szY=
uCqo+zokcGlSvei9139g+wmewy7QctQXm2e4PG6j4S089FFSWkiV6tFhsyP8LnWgWH4dUI4YQkk+KQIozfLJzw+jL3SzOg==
j/8uGfNIkVpVIOEOyZoKMAiewy7QctQXm2e4PG6j4S089FFSWkiV6tFhsyP8LnWgWH4dUI4YQkk+KQIozfLJzw+jL3SzOg==
AyGcXgA0z93fzN6p0phScweewy7QctQXm2e4PG6j4S089FFSWkiV6tFhsyP8LnWgWH4dUI4YQkk+KQIozfLJzw+jL3SzOg==
boFGH4r/wackYhVks2zkqQaewy7QctQXm2e4PG6j4S089FFSWkiV6tFhsyP8LnWgWH4dUI4YQkk+KQIozfLJzw+jL3SzOg==
H+ImzK71cmpGQBM1jjas/Ckfg7d6/hliED4MWyvL4NAOT3mBjHjJ3trEDWZhzSvPnMItDOgyxRxOVJoFDgVaxK0e0eM/rzd4szY=
g1uN3gc0NUKfgbdcLxDjCCgdibd/8AdiED4MWyvL4NAOT3mBjHjJ3trEDWZhzSvPnMItDOgyxRxOVJoFDgVaxK0e0eM/rzd4szY=
2lp2Ant9ALe1vxPWNsZ4a1qx+kifPJNZyHKlMnTwpCs591BZNwyE/dZyuDP8LnWgWH4dUI4YQkk+KQIozfLJzw+jL3SzOg==
nMnt1+SMasT/V5oONgUsZnYhz4R25fDev+47I3AxcnYHzktCrbbC+I8z8qtvPrmBoAgnAQnJlc3ln+OtvKXtnrmNUZvoViaohXuD/+WARGRxV6BjFnl0HZR+Unx8/lWwGI69II7o4jn+OSJ4TSKp388TT0SzCg==
hOGMOCBU5MTxMrwcoFtsmRUEv+8aUqeorZTHuG+RwO+ejO9o7+AN2L6SF4VcP//cLRoojqODixxcXUoCbU5hO3cxPqk2+7afyF1Rh3U2Jz4IPjkR5CFWt6jXbKiGTkygOcpwqJkCrgYe0+YPFmpdXKXFxxVLRrME
xo2nROp6fyT5uhkwAoo7JBUEv+8aUqaorZTHuG+RwO+ejO9o7+AN2L6SF4VcP//cLRoojqODiBxcXUoCbU5hO3cxPqk2+7afyF9Rh3U2Jz4IPjkR5CFWt6jXbKiGTkygOcpwqJkCrgYe0+YPFmpdXKXFxxVLRrME
Y0fC8se1/L8H4RpUQwWC8Wird8xbr9MY6p80KonZ5BB5B1ra6NGPABhx84dlPP1W+YVYTy5ZHt7TvYqWaHawhoIQCwy/lO9f10RDW7s+kaAWCjwMCxWDU0hjbhlvsyM=
pWFZBMwtKMToVT5NrTDu29J4EyYSii7TPHl2Ta36SiC+/wXvthtZVVrVoYi0hlxxOX1SBuFD7koL7xio8EjtqCNffDgBCxj/luXMQeQiaqCc4m2saJKF/E40WqWOpZrkrf4Rg79Pd1izFg==
3pEPtiMJQhdeo3MLlqcybNJ4EyYSiijTPHl2Ta36SiC+/wXvthtZVVrVoYi0hlxxOX1SBuFD7koL7xio8EjtpiNffDgBCxj/luXMQeQiaqCc4m2saJKF/E40WqWOpZrkrf4Rg79Pd1izFg==
kJBjuYUbr9kD0Tlgc6XvqNJ4EyYSiinTPHl2Ta36SiC+/wXvthtZVVrVoYi0hlxxOX1SBuFD7koL7xio8EjtqSNffDgBCxj/luXMQeQiaqCc4m2saJKF/E40WqWOpZrkrf4Rg79Pd1izFg==
G1J9aS3bbNXNy1XzlAEHztJ4EyYSiivTPHl2Ta36SiC+/wXvthtZVVrVoYi0hlxxOX1SBuFD7koL7xio8EjtpyNffDgBCxj/luXMQeQiaqCc4m2saJKF/E40WqWOpZrkrf4Rg79Pd1izFg==
ux0IsWE93bi+VtugXFlr5Vqx+kifPJNZyHanPHTwpCs591BZNwyE/dZyuDP8LnWgWH4dUI4YQkk+KQIozfLJzw+jL3SzOg==
Ff9UMwjA9abdszCrDkTb2ZdW/wLJQ/Agt/t9Y47JX////zl11i4dZHk0Y7djFLdDh/7tOKJayCQH9c/73BO6IXOzPw==
KXk64q1C7YvT4OL0XnMrpTT2+FW7pmre2fVRTaACL1wk9Ctny7Qv0x9+dag6uqD0TzWHC7TzwtELs0c=
NAfwo6G+IcVl34SFNQY2YoYgOMJxdxrhIlhu8h+NTGC5inBoGUKuRp4T5k+Wql2cJYXH1csGs0Q=
MzalapIqBsbcSBmzJsDzK6AUKeGoQktW9y/o1Yw95s0AHlPZLoj/pePhdKr6LWuzxj5EYgFDQdPGIfn19XsM1iWhf2JfVEejTJEnKf7gJ0lwbAJn1bcduFf/BAfVZw13eFmk7xl6ruxiuTEmAvLCJ1gEgVlTP5zq+IUVzOm9AAVZ2otAmfAVuRHxf6kWt8LI76PlX9SstzML6IBdMzOFSYICXiqxbKUMx+adST6sV+bgiIVkLuuNL4+dNsFNXKcb0mLPeP45j3X+xYOFUAqhtW4YVep633TcUMat6FrzbsyxzXs3vLalyPiWLSgL4HUhnsFSsA3qmWfvi1/Ms4I=
dYyFf/hYIbu64KY42sO0+ikdibd/8AdiED4MWyvL4NAOT3mBjHjJ3trEDWZhzSvPnMItDOgyxRxLVJ0FDgVaxK0e0eM/rzd4szY=
whM8R3Mvv4gx8WQyDRH1fw+ewy7QctQXm2e4PG6j4S089FFSWkiV6tFhsyP8LnWgWH4dUIsYRUk+KQIozfLJzw+jL3SzOg==
grymowFQ9lZIsRwN8Xqt5A6ewy7QctQXm2e4PG6j4S089FFSWkiV6tFhsyP8LnWgWH4dUIsYRUk+KQIozfLJzw+jL3SzOg==
msv+mIHT3Y8L88pMakivK5wFinpShUtEvq4hDSOE/4nRUkElUpK3nMVBh6C58gJnOILtBiBPQPjTQ6t6c0OPXc7Z4sQ9i71sqX/ZG3ODfCLWGBkFkUdCa2QdbbMh
eZO4s4BEKz7YToRnDKhnfysFhbdm5hhiED4MWyvL4NAOT3mBjHjJ3trEDWZhzSvPnMItDOgyxRxLVJ0FDgVaxK0e0eM/rzd4szY=
oKAdPi/IKdo7Hd8XNcDZ2Amewy7QctQXm2e4PG6j4S089FFSWkiV6tFhsyP8LnWgWH4dUIsYRUk+KQIozfLJzw+jL3SzOg==
edcTTV037myUDYmyksSHbgiewy7QctQXm2e4PG6j4S089FFSWkiV6tFhsyP8LnWgWH4dUIsYRUk+KQIozfLJzw+jL3SzOg==
rsGEk4t0a4Y/mSaEj4rqLweewy7QctQXm2e4PG6j4S089FFSWkiV6tFhsyP8LnWgWH4dUIsYRUk+KQIozfLJzw+jL3SzOg==
npDT58bcLPPVMbsfiz9UjAaewy7QctQXm2e4PG6j4S089FFSWkiV6tFhsyP8LnWgWH4dUIsYRUk+KQIozfLJzw+jL3SzOg==
Pe+hNZd640pidikCoyi9Dykfg7d6/hliED4MWyvL4NAOT3mBjHjJ3trEDWZhzSvPnMItDOgyxRxLVJ0FDgVaxK0e0eM/rzd4szY=
apTo5FcYER00GMJKoZOA+Sgdibd/8AdiED4MWyvL4NAOT3mBjHjJ3trEDWZhzSvPnMItDOgyxRxLVJ0FDgVaxK0e0eM/rzd4szY=
h6iWOyru6mde9pgb5jgXKg7WqPV4HhS9vnH1BlUAK3a4D+I2r9YCO1rwqWd5OqHn9dVUrUAUf79nBJN7yzuhx8bKTKyblTOzGCOeOX+zMw==
jiL4j0kftOO7cPFzSzG5aykFhbdm5hhiED4MWyvL4NAOT3mBjHjJ3trEDWZhzSvPnMItDOgyxRxLVJ0FDgVaxK0e0eM/rzd4szY=
9me27ChhBqi7R+GtD3SNr1qx+kifPJNZyHKlMnTwpCs591BZNwyE/dZyuDP8LnWgWH4dUIsYRUk+KQIozfLJzw+jL3SzOg==
ygVsyX8GTYSPKa5WSXqL4NJ4EyYSiivTPHl2Ta36SiC+/wXvthtZVVrVoYi0hlxxOX1SBuFD7koL7xio8EjtpyNffDgBCxj/luXMQeQiaqCc4m2saJKF/Es0XaWOpZrkrf4Rg79Pd1izFg==
rH29pp5RVcI+q7rZSWW9PtJ4EyYSiijTPHl2Ta36SiC+/wXvthtZVVrVoYi0hlxxOX1SBuFD7koL7xio8EjtpiNffDgBCxj/luXMQeQiaqCc4m2saJKF/Es0XaWOpZrkrf4Rg79Pd1izFg==
YNWnnlT4FX0e72EF8yNIq9J4EyYSiinTPHl2Ta36SiC+/wXvthtZVVrVoYi0hlxxOX1SBuFD7koL7xio8EjtqSNffDgBCxj/luXMQeQiaqCc4m2saJKF/Es0XaWOpZrkrf4Rg79Pd1izFg==
PXpG3G49DBWtbFVAZWqhldJ4EyYSii7TPHl2Ta36SiC+/wXvthtZVVrVoYi0hlxxOX1SBuFD7koL7xio8EjtqCNffDgBCxj/luXMQeQiaqCc4m2saJKF/Es0XaWOpZrkrf4Rg79Pd1izFg==
Yyn4R7AXKRBuuC/qa5toXBUEv+8aUqaorZTHuG+RwO+ejO9o7+AN2L6SF4VcP//cLRoojqODiBxcXUoCbU5hO3cxPqk2+7afyF9Rh3U2Jz4IPjkR5CFWt6jXbKiGTkygOcpwqJkCqwYZ0+YPFmpdXKXFxxVLRrME
AJx2nd15kVWAnfsp7v7flmird8xbr9MY6p80KonZ5BB5B1ra6NGPABhx84dlPP1W+YVYTy5ZHt7TvYqWaHawhoIQCwy/lO9f10RDW7s7kacWCjwMCxWDU0hjbhlvsyM=
4tM4mhz47Kyh9dLDu1YbQFqx+kifPJNZyHanPHTwpCs591BZNwyE/dZyuDP8LnWgWH4dUIsYRUk+KQIozfLJzw+jL3SzOg==
tlSRR4WI/odmr9je32/1LpdW/wLJQ/Agt/t9Y47JX////zl11i4dZHk0Y7djFLdDh/vtP6JayCQH9c/73BO6IXOzPw==
7hlZMrypJuzNXXHMMNpnPDT2+FW7pmre2fVRTaACL1wk9Ctny7Qv0x97da86uqD0TzWHC7TzwtELs0c=
+U1nh4h6MgCBgZ5V9Y6vhIYgOMJxdxrhIlhu8h+NTGC5inBoGUKrRpkT5k+Wql2cJYXH1csGs0Q=
uUTqjozDTGTJcjZ5OA7/BBkg1ohvMgffWlSluprblPNCbBzW4u8HJPoU/2A3tL0HCn5jRI3rTSz5n+4Zg68s4ma46YUBpxIrlD19szE=
Jp9Ra1IC1uzyfR88E29VoVSmdOxHYiD2vidD1J6Mc+C7LFl3zja/ZLHjSTydZ6fYzxeIcuIwFeXd79YbsCVxsz0=
EDLgV2nz7S+Evb/ux8cOvBkg1ohvMgffWlSluprblPNCbBzL4u8HJPoU/2A3tL0HCn5jRI3rTSz5n+8Yg68s4ma46YUBpxIrlD19szE=
uVuItZWFpeia+yFXcAIbeb2qs5SPB6b51bEjHqRGD1xbyL+OoH5mLjjjpL6bx3KK3AubKhfY0rqItQkOMBkussC4yhzbQVx2XKodFIgKFXDOvMA97h1qLO22IXufV2dQsx4=
ljfhtg1Zc2slfZ/mSCS1ZzSJna8VHPzyzgc4Wy3AjeYsjS8rN4jzYA6Hk5Ru7GPgq8wpt56WD+Qhg7l8TUeV27//37JSkIVlLY8GW4AFYbMt
15jLYdt3wuR/OqOLvPwIkwa5y0RiXMe5uDVGAo9aEryW/7t612iyKgglqf5wSc6CwIgqTJux/ObcOn2kSFo1h8/M6uqurYq8bSaBC1+HB2CzLg==
qY1axbmwEkzglUAWBed3h7yrs5WPCeepieN3WOgNQxsBiauUoixnKTilprLPijLMlg+bKhfY0rqItQkOMBkussC4yhzbQVx2XKodFIgKFX/JvMw67h1qLO22IXufV2dQsx4=
NODE2ndg3bvQVEixAXM7Umf4ESpei1aH/25/lZyotR7kh7ob1mEEHxXcccrSsxvcjFBtWMvueGJ+Cb0SzV3DlyiXSRnXStCNDvpZnIUBqIutzG5lMJdZJtxc/VnbJe+GXaO2MYKk6ASYgzRmPGtfVIA1yuk6lHsXrZsh10hHyHuptXz7cZC3/9l9ov6OwxRpWbKfFL+TCoe4EpHROfv4JDX93CGsSWRYb3ITxj0m/i1oQC4o+1E5MEtbHIRFO2WMgQ/VmHswF4IP6CFFyZe6SwwN5bOp
O3hypFKEV3Mp2MhTkdzOD1SmdOxHYiD2vidD1J6Mc+C7LFl3zja/ZLHjSTydZ6/bzxeLcuMwFeXd79YbsCVxsz0=
I9Gsm0uMHaJWdyR6SVq2oRkg1ohvMgffWlSluprblPNCbBzL4u8HJPoU/2A3tL0HCn5jRI3rTSz5n+Mbg68v4me46YUBpxIrlD19szE=
42J0MdHxF4iKxyU+/AAJIWf63kzI/KAdem1TYKFNHRsLecvMsaxnYDh6488QoNusOG0fa+cog+Ce5yNUPsyT4Nvs+fcudp9k0SPpvH0nj9uv1yvyA3A15b0vdptQZVGzHQ==
ihI310RwNXSyjALlUJV+3m0EnqYvsmIkFmdLEnfA4tJIHXmWkGH+msCQGmR72SzenMItDOgyxR5JVJEGDgRaxK0e0eM/rzd4szY=
Y5CqGSpYUHoxoCiFSo7HhWf63kzI/KAdem1TYKFNHRsLecvMsaxnYDh6488QoNusOG0fa+cog+Ce5yNUPsyT4Nvs+fcudp9k0SPpvH0nh9mv1yvyA3A15b0vdptQZVGzHQ==
tnSKtCGIJ+ej3nI//HBxUG0EnqYvsmIkFmdLEnfA4tJIHXmWkGH+msCQGmR72SzenMItDOgyxRZIVJEGDgRaxK0e0eM/rzd4szY=
r8lWfenAKJqlH6+un8g/pGf63kzI/KAdem1TYKFNHRsLecvMsaxnYDh6488QoNusOG0fa+cog+Ce5yNUPsyT4Nvs+fcudp9k0SPpvH0nj9iv1yvyA3A15b0vdptQZVGzHQ==
TWQZgy3ujyft6wQqHgxScGf4ESpei1aH/25/lZyotR7kh7ob1mEEHxXcccrSsxvcjFBtWMvueGJ+Cb0SzV3DlyiXSRnXStCNDvpZnIUBqIutzG5lMJdZJtxc/VnbJe+GXaO2MYKk6ASYgzRmPGtfVIA1yuk6lHsXrZsh10hHyHuptXz7cZC3/9l9ov6OwxRpWbKfFL+TCoe4EpHROfv4JDX93CGsSWRYb3ITxj0m/i1oQC4o+1E5MEtbHIRFO2WMgQ/Wm3s3FoIP6CFFyZe6SwwN5bOp
TNcTN9aCuY9nF37KXfVRL20EnqYvsmIkFmdLEnfA4tJIHXmWkGH+msCQGmR72SzenMItDOgyxRxLVJsHDgRaxK0e0eM/rzd4szY=
zJjnrTloRUOLbHrLu3kMUGf63kzI/KAdem1TYKFNHRsLecvMsaxnYDh6488QoNusOG0fa+cog+Ce5yNUPsyT4Nvs+fcudp9k0SPpvH0ngNuv3SryA3A15b0vdptQZVGzHQ==
kR8ZhcsjddeZ/Bs9jreW9G0EnqYvsmIkFmdLEnfA4tJIHXmWkGH+msCQGmR72SzenMItDOgyxRxLVJwHDgRaxK0e0eM/rzd4szY=
3y4V7HzenIEkpZeWS0wmx2f63kzI/KAdem1TYKFNHRsLecvMsaxnYDh6488QoNusOG0fa+cog+Ce5yNUPsyT4Nvs+fcudp9k0SPpvH0nhduv2iryA3A15b0vdptQZVGzHQ==
mC7ci/4AM95FYjCnd1rG52f4ESpei1aH/25/lZyotR7kh7ob1mEEHxXcccrSsxvcjFBtWMvueGJ+Cb0SzV3DlyiXSRnXStCNDvpZnIUBqIutzG5lMJdZJtxc/VnbJe+GXaO2MYKk6ASYgzRmPGtfVIA1yuk6lHsXrZsh10hHyHuptXz7cZC3/9l9ov6OwxRpWbKfFL+TCoe4EpHROfv4JDX93CGsSWRYb3ITxj0m/i1oQC4o+1E5MEtbHIRFO2WMgQ/Vm3s3FYIP6CFFyZe6SwwN5bOp
fzGqovBhQmV6lqWZbfOCH20EnqYvsmIkFmdLEnfA4tJIHXmWkGH+msCQGmR72SzenMItDOgyxRxIVJkEDgRaxK0e0eM/rzd4szY=
or9JuZgGtniPi6XPPUquuGb63kzI/KAdem1TYKFNHRsLecvMsaxnYDh6488QoNusOG0fa+cog+Ce5yNUPsyT4Nvs+fcudp9k0SPpvH0nhdiv3ynyA3A15b0vdptQZVGzHQ==
N4WGnZhVKCHcSdVqyKMk320EnqYvsmIkFmdLEnfA4tJIHXmWkGH+msCQGmR72SzenMItDOgyxR9PVJkEDgRaxK0e0eM/rzd4szY=
MBFg6Sv7A7oxutbts9k//Wf63kzI/KAdem1TYKFNHRsLecvMsaxnYDh6488QoNusOG0fa+cog+Ce5yNUPsyT4Nvs+fcudp9k0SPpvH0nht+v3ynyA3A15b0vdptQZVGzHQ==
Phvof1L+J1KAPRVaKW3Pim0EnqYvsmIkFmdLEnfA4tJIHXmWkGH+msCQGmR72SzenMItDOgyxRxPVJkEDgRaxK0e0eM/rzd4szY=
FluOvZOYtBRXBgjXVfDObWb63kzI/KAdem1TYKFNHRsLecvMsaxnYDh6488QoNusOG0fa+cog+Ce5yNUPsyT4Nvs+fcudp9k0SPpvH0nhN+v3ynyA3A15b0vdptQZVGzHQ==
yf0Q1f9lJET8uGC/w9dTkm0EnqYvsmIkFmdLEnfA4tJIHXmWkGH+msCQGmR72SzenMItDOgyxRxOVJkEDgRaxK0e0eM/rzd4szY=
266NjoGBf/wU3vp8+/M42QUoysFwJRbeFUP37NTVm/tDYF/A4u8HJPoU/2A3tL0HCn5jRI3rTSz5n+keg6ct4me46YUBpxIrlD19szE=
yDaWOOAn/w1qMcfD/RHhOxEv3cEhaRDODkS4vdDVm/tDYF/A4u8HJPoU/2A3tL0HCn5jRI3rTSz5n+geg6ct4me46YUBpxIrlD19szE=
87cUvVmmn1buubFCsYYfihkg1ohvMgffWlSluprblPNCbBzL4u8HJPoU/2A3tL0HCn5jRI3rTSz5n+geg6ct4me46YUBpxIrlD19szE=
NOvdT0OShgThDAokAWfNlUBIPI034G/G5uhYA5X0eDcq0IBeRrYDP0hELHyhjmBEMX3q+iS2VsIePv3A/cEXuSNyszg=
BP0LU0PDV5Rb6RpnHaNCb0u06y6cL5Nex2y6Pijx4Tog7WYWQByC6Mt1tDL8LnWgWH4dV48YQEg+KAIozfLJzw+jL3SzOg==
v4P/kjfZP4r7rLB4ryqjKNSwLhAzhJuvfRQC1K35bCWtwg9sbEXjW+swl4CqH28E4mTnYC9EpSfiDquExTvljAEPWp/7NpWCj+ihRUmXOkuMDWWzKQ==
r10eoywzmiiSJWwOog8Z7gCt+i6cL5Nex2y6Pijx4Tog7WYWQByC6Mt1tDL8LnWgWH4dV44YQEg+KAIozfLJzw+jL3SzOg==
kK6t4LEA5ICvgyRY658KMryqs5SPB6b51bEjHqRmD1xbyL+OoH5mLjjjpL6bx3KK3AubKhfY0rqItQkOMBkussC4yhzbQVx2XKodFIgKFX7KvMs87hxqLO22IXufV2dQsx4=
o3Y5+w2oWzvVkjFl3B2QkR9DK8ybhvrBafNBZFXQiAtlDMhANSD94A+vaJoJ1Advz6QLC0G5KXFfKiV8I9Xrw/ADpil3szs=
P7UTufrfGZicul62078urG0EnqYvsmIkFmdLEnfA4tJIHXmWkGH+msCQGmR72SzenMItDOgyxRlLVJoEDgRaxK0e0eM/rzd4szY=
qhZa9ALtPAMsvzVTiiqt1lQKcIDdzP7BafNBZFXQiAtlDMhANSD94A+vaJoJ1Advz6QLC0m7KXBfKiV8I9Xrw/ADpil3szs=
jrm4AoVKxA8sByIfbwDGGVSmdOxHYiDrvidD1J6Mc+C7LFl3zja/ZLHjSTydZ6TazxyJcuMwFeXd79YbsCVxsz0=
APwhJD+Enb6BMQVHDKDg10bTk3tljJhP2qiAJrbO40e4POwEUfaAPMEKaoLWzra67kY9uA2598HTCrNA
5yotxZc5BQmsQLtsiXXMcxEo9cljR736HNt3azUjPodKezSj8Xw82LmgcXh7X/wytXTbBzv037MPf2WIC/oRVP+1F6vkM5Ixe7M3
x3PWLKFNaIHAN2bcynLKuBEo9dtxR736HNt3azUjPodKezSj8Xw82LmgcXh7X/wytXTbBzv037MFf2WIC/oRVP+1F6vkM5Ixe7M3
QaPu6l/tEOSdfx1bUi6hDxkg1ohvMgffWlSluprblPNCbBzL4u8HJPoU/2A3tL0HCn5jRI3rTSz5n+0eg6Qt4me46YUBpxIrlD19szE=
PzzQ7rOeb+g/ympVVvRHDUBIPI034G/G5uhYA5X0eDcq0IBeRrYDP0hELHyhjmBEMXfr+iG2VsIePv3A/cEXuSNyszg=
203sztZgTEINou2HwAPrdryqs5SPB6b51bEjHqRmD1xbyL+OoH5mLjjjpL6bx3KK3AubKhfY0rqItQkOMBkussC4yhzbQVx2XKodFIgKFXfIvM087hxqLO22IXufV2dQsx4=
zrfYzILg7Ys72V00q63DRB9DK8ybhvrBafNBZFXQiAtlDMhANSD94A+vaJoJ1Advz6QLC0K4KXdfKiV8I9Xrw/ADpil3szs=
JV+9kmDFc7RrS9+kwutyNQPW5sJBPCqH0nQX4I5CNl1fHH/C3sS4d12oyJOyXADK7grTe7AoDEipkhCgab4rrsjKxkamkp00tR0nnTt+syw=
rFPjSWSafCW72lZ9xhiyAiZNlqovsmIkFmdLEnfA4tJIHXmWkGH+msCQGmR72SzenMItDOgyxR9KVJwEDgRaxK0e0eM/rzd4szY=
Qgh/CzZzH1GsN+naX0a9Y2WNga4TDfDgzhg/Wy3AjeYsjS8rN4jzYA6Hk5Ru7GPgq8wpt56WD+Qhg7l8TUeW2b/62bJTkIVlLY8GW4AFYbMt
oe4HGvzcxqEEJ2aOPpCrp2WNga4TDfDgzhg/Wy3AjeYsjS8rN4jzYA6Hk5Ru7GPgq8wpt56WD+Qhg7l8TUeR3r/42bJTkIVlLY8GW4AFYbMt
VB/KCAUOXIcuB12JCCwTCSZNlqovsmIkFmdLEnfA4tJIHXmWkGH+msCQGmR72SzenMItDOgyxR5LVJEEDgRaxK0e0eM/rzd4szY=
EyY8El5CgOMomYuWTlgWzUhC+KldaX7e/4Yq4FajA6antAp26LkRYgDVdh5AFJLQ6y1EejxmxXg4ho3SD5DZMN5wsuCNOrkXL5s/fLMy
NCHN/idWd2dS5UcH4xqnPW0EnqYvsmIkFmdLEnfA4tJIHXmWkGH+msCQGmR72SzenMItDOgyxRlLVJAEDgRaxK0e0eM/rzd4szY=
YeaSecNWqPpcrycgd4jOth9DeIzdzP7BafNBZFXQiAtlDMhANSD94A+vaJoJ1Advz6QLC0i7KXpfKiV8I9Xrw/ADpil3szs=
LhYYQVEff3MPjwf4vuu+LU31zVZhS8f9qXZeD48JUvrc+7t612iyKgglqf5wSc6CwIgqTJux/ObcOn2kSFo1gs/M4OyurIq8bSaBC1+HB2CzLg==
zOmuW0db5eFgjfFU7S19cmkOjqcv4SJiXGNLEnfA4tJIHXmWkGH+msCQGmR72SzenMItDOgyxR5OVJAEDgRaxK0e0eM/rzd4szY=
8QStM2T1I6bWVNKvBCAI5xBb/a9WKiPHvM1nphynA6antAp26LkRYgDVdh5AFJLQ6y1EejxmxXg4ho3fC5DRMd5wsuCNOrkXL5s/fLMy
iXZmaf8Y5U9JKgpeSY3Z4gh+cjtiZHh/TPKIo0gZI7Xpvu5Xb7HCclxzK8K3sAJiyO3ZJlAx3orAgDo0u2mMLhxyzXwo4qUNSUR5VU70OnQtbnFTf38XaLMm
h/pbzE5Sn4uMmK0js+gIiVK+JyG3lq5fcD+y5KRUXASzih+sq4FIpR0lPIPiUBhrtcyYoCUg7YDf7zh6mVS3Dz/kO+s0vxlTrmqV3FNVe2MgQ3YJZ7Mr
MyUV66O6bPRUtDT9PTOFR72t4pFIicd3FC5/gQQ63Rl3Q69r76x52CMQGqyTztZJUWVjcQ4VLOPCnp4EjmIxPxv46W+Z47hXHQhIM/J8AOquqlPb8AgMaOkykAApkSqOjGtG5uaynRT1vac9e16zDA==
JnWGfy8sCap5RP0Yfg8/1nMe0b5aCk5ohobxQ6MM2WOxJxjLxdxYHzrYgFZWniMXGIxstPEmwOyh+25ytB/2ak72vQit6TeRM3qzMA==
PDbF/i99UOP2zSchW+dDd7yqs5SPB6b51bEjHqRmD1xbyL+OoH5mLjjjpL6bx3KK3AubKhfY0rqItQkOMBkussC4yhzbQVx2XKodFIgKFXbKvMs97hxqLO22IXufV2dQsx4=
JRM1cMUcrrqzX43DZ7goQtJmFysAiC/JPiMmFu2/E3rLpU64wRVZBAiBu4yC1FdheG1WCq8SokQWhwuy92Ci8kh9OXYQAT66wLDaBPs5bL6c4m2saJKF/kk0W6WOpJrkrf4Rg79Pd1izFg==
Cab0C5uI2MiqQJuvIv5n2W0EnqYvsmIkFmdLEnfA4tJIHXmWkGH+msCQGmR72SzenMItDOgyxR1JVJsFDgRaxK0e0eM/rzd4szY=
/SpAiczFlDHc3X6TMITMIEk48sJ7ULr0EYwyeT0jNYwJcDSj8Xw82LmgcXh7X/wytXTbBzv037MLeWWJCvoRVP+1F6vkM5Ixe7M3
EMdP85k5YrGtPf4CZe3uz2Aez7UVSkd/hsC8BadIz262IBjLxdxYHzrYgFZWniMXGIxstPEmwOyh9Wlytx/2ak72vQit6TeRM3qzMA==
WrN6ljJWnlniOgA+mIPHUR/WhvVkBh+wvHb4JlVMdjHxU+k0rZBQO03ssFA9IPXw989AqlEUf79nBJN7zzihwMbKTayblTOzGCOeOX+zMw==
zan00EznLD0K5UIvLqLHLryqs5SPB6b51bEjHqRmD1xbyL+OoH5mLjjjpL6bx3KK3AubKhfY0rqItQkOMBkussC4yhzbQVx2XKodFIgKFXHOvMo97hxqLO22IXufV2dQsx4=
pBIpYI2KUiGMw4Uw6GquTEr8wRdpWcy5rWBeGI9aEryW/7t612iyKgglqf5wSc6CwIgqTJux/ObcOn2kSFo1h8vM7e2urIq8bSaBC1+HB2CzLg==
yuFfXaVzENoxMB+5IhUtrhlF9KVNPGbE/4Yq4FajA6antAp26LkRYgDVdh5AFJLQ6y1EejxmxXg4ho3fC5DVMd5wsuCNOrkXL5s/fLMy
v3nWndiL+Vb/ETkuNWQt0DWQ0qUWBvD1mwAlWy3AjeYsjS8rN4jzYA6Hk5Ru7GPgq8wpt56WD+Qhg7l8TUeV2r/72LJTkIVlLY8GW4AFYbMt
Nyoqa6xy+qiEruZGgDdS/jWQ0qUWBvD1mwAlWy3AjeYsjS8rN4jzYA6Hk5Ru7GPgq8wpt56WD+Qhg7l8TUeS2r/72LJTkIVlLY8GW4AFYbMt
OI6Mls63ueWOQkDPsxIrAzSJna8VHPzyzgc4Wy3AjeYsjS8rN4jzYA6Hk5Ru7GPgq8wpt56WD+Qhg7l8TUeW2b/72LJTkIVlLY8GW4AFYbMt
sCWspsAUxm/QcV57AJvOqh9DK8ybhvrBafNBZFXQiAtlDMhANSD94A+vaJoJ1Advz6QLC0m5KXReKiV8I9Xrw/ADpil3szs=
cWo3pyMQ/Yd/RlvhFjbzxm0EnqYvsmIkFmdLEnfA4tJIHXmWkGH+msCQGmR72SzenMItDOgyxR9PVJ4FDgRaxK0e0eM/rzd4szY=
QZgw+MOQwthBAOe2k/OKdkBIPI034G/G5uhYA5X0eDcq0IBeRrYDP0hELHyhjmBEMXDv+iK3VsIePv3A/cEXuSNyszg=
Zrzc5NsIMVQJhzi0hevtn8u0JBwMmY2pKBJQ0an4bmuyyA9sbEXjW+swl4CqH28E4mTnYC9EpSfiDquExTvljAEPVZv7PpSCj+ihRUmXOkuMDWWzKQ==
q+sdZydZslLYqEBdiT+laQh+cjtiZHh/TPKIo0gZI7Xpvu5Xb7HCclxzK8K3sAJiyO3ZJlAx3orAgDo0u2mMLhxyzXwo4qUNSkRwVU70OnQtbnFTf38XaLMm
mw6VIlnGKimZbByp3lU/y72t4pFIicd3FC5/gQQ63Rl3Q69r76x52CMQGqyTztZJUWVjcQ4VLOPCnp4EjmIxPxv46W+Z47hXHQhIM/J8AOquqlPb8AgMaOkykAApnS+OhGtG5uaynRT1vac9e16zDA==
DcsIkTjHE11E+w8/d8frU72rs5WHEeOyifp3VqJGD0BW2/WTqytiKzzh9vjGznLMkU2fbgHV1b2ItQkOMBkussC4yhzbQVx2XKodFIgKFXTOvMA97hxqLO22IXufV2dQsx4=
6MSFsZOhjK1yx+7ESq8Oo3Me0b5aCk5ohobxQ6MM2WOxJxjLxdxYHzrYgFZWniMXGIxstPEmwOyh+W5yvB/2ak72vQit6TeRM3qzMA==
x936rxsJaYy+ZVQZxdAixlQKcIDdzP7BafNBZFXQiAtlDMhANSD94A+vaJoJ1Advz6QLC0e+KXpeKiV8I9Xrw/ADpil3szs=
ofcJmmOKBfQLvTAIsQFw/Wf4ESpei1aH/25/lZyotR7kh7ob1mEEHxXcccrSsxvcjFBtWMvueGJ+Cb0SzV3DlyiXSRnXStCNDvpZnIUBqIutzG5lMJdZJtxc/VnbJe+GXaO2MYKk6ASYgzRmPGtfVIA1yuk6lHsXrZsh10hHyHuptXz7cZC3/9l9ov6OwxRpWbKfFL+TCoe4EpHROfv4JDX93CGsSWRYb3ITxj0m/i1oQC4o+1E5MEtbHIRFO2WMgQ/amHs1E4IP6CFFyZe6SwwN5bOp
PzzdYL6AjqNCWLAsbDSgsmf4ESpei1aH/25/lZyotR7kh7ob1mEEHxXcccrSsxvcjFBtWMvueGJ+Cb0SzV3DlyiXSRnXStCNDvpZnIUBqIutzG5lMJdZJtxc/VnbJe+GXaO2MYKk6ASYgzRmPGtfVIA1yuk6lHsXrZsh10hHyHuptXz7cZC3/9l9ov6OwxRpWbKfFL+TCoe4EpHROfv4JDX93CGsSWRYb3ITxj0m/i1oQC4o+1E5MEtbHIRFO2WMgQ/TmXs0E4IP6CFFyZe6SwwN5bOp
4E+tpTkBCUOcNkgVQqK2zSkfg7V99BhiED4MWyvL4NAOT3mBjHjJ3trEDWZhzSvPnMItDOgyxRxJVJ4DDgRaxK0e0eM/rzd4szY=
gwnqxXewo3hJbvtLvdQ7V23JlUViWNG4ijUMB8odVLff4q52x3S4GgBtqelsUPnG2tw9XY6h4ffcOn2kSFo1hMnM7uuurIq8bSaBC1+HB2CzLg==
vFBz+ZNe02kGlTwc5iSy4F9Cv01iAHuF0ia31j4ss6NK3zlRnU+u0oM7Ck5qha//16KvhFdbKz8rgDcVXqiEHzPf04eluJSMkX+Qfx92QzV0loJEPIYFGLhmTbkIcJZXXpDygI0a+bevO39csxI=
IBJLjipd5dZbPd9SXTWSnlNJVyFL8tSqYWgu6tmeKn9Pf5ZozXNHR1vX2MzuE0Fd/KRxQlpYtboREROTfN4VEJgu/UOOCCaffpjiWE1CaT9Pcw9ksyo=
uB4GF7T4gKLrIO85mdscWGf4ESpei1aH/25/lZyotR7kh7ob1mEEHxXcccrSsxvcjFBtWMvueGJ+Cb0SzV3DlyiXSRnXStCNDvpZnIUBqIutzG5lMJdZJtxc/VnbJe+GXaO2MYKk6ASYgzRmPGtfVIA1yuk6lHsXrZsh10hHyHuptXz7cZC3/9l9ov6OwxRpWbKfFL+TCoe4EpHROfv4JDX93CGsSWRYb3ITxj0m/i1oQC4o+1E5MEtbHIRFO2WMgQ/Vn3s+EoIP6CFFyZe6SwwN5bOp
5nftCB/56gHhuYQBu8VvfVSmdOxHYiD2vidD1J6Mc+C7LFl3zja/ZLHjSTydZ6Tezx+LcuwwFeXd79YbsCVxsz0=
C4S8y3hg3xrfIJV1/yMkQRkg1ohvMgffWlSluprblPNCbBzL4u8HJPoU/2A3tL0HCn5jRI3rTSz5n+Ieg6cv4mi46YUBpxIrlD19szE=
T7HNJoU22DFNSWbGKXtlOAh+cjtiZHh/TPKIo0gZI7Xpvu5Xb7HCclxzK8K3sAJiyO3ZJlAx3orAgDo0u2mMLhxyzXwo4qUMSUR4Vk77OnQtbnFTf38XaLMm
WwV2v7bFfk/8bUdS6IOYSBk4rfLBEPVh1hmDXeI/vKBGV6u0hpx74LM8QZemxsek6TPhnCXXLFhHbnMSBGDNpeXf/juoNXmzNQ==
3rULuLL6vTY85sjRS6y3CEs1JnABJTMtS/TevUIFfub3uaYQZqbCNBE1L4ahvQVlyO3ZJlAx3orAgDo0u2mMLhxyzXwo4qUOS0R7Vk77OnQtbnFTf38XaLMm
H7ndp0mzQ30SY9JM7Tgx+Wf4ESpei1aH/25/lZyotR7kh7ob1mEEHxXcccrSsxvcjFBtWMvueGJ+Cb0SzV3DlyiXSRnXStCNDvpZnIUBqIutzG5lMJdZJtxc/VnbJe+GXaO2MYKk6ASYgzRmPGtfVIA1yuk6lHsXrZsh10hHyHuptXz7cZC3/9l9ov6OwxRpWbKfFL+TCoe4EpHROfv4JDX93CGsSWRYb3ITxj0m/i1oQC4o+1E5MEtbHIRFO2WMgQ/Wnns1F4IA6CFFyZe6SwwN5bOp
nfoTi4whhDkwOFPY2rKSo2f4ESpei1aH/25/lZyotR7kh7ob1mEEHxXcccrSsxvcjFBtWMvueGJ+Cb0SzV3DlyiXSRnXStCNDvpZnIUBqIutzG5lMJdZJtxc/VnbJe+GXaO2MYKk6ASYgzRmPGtfVIA1yuk6lHsXrZsh10hHyHuptXz7cZC3/9l9ov6OwxRpWbKfFL+TCoe4EpHROfv4JDX93CGsSWRYb3ITxj0m/i1oQC4o+1E5MEtbHIRFO2WMgQ/Unns0F4IA6CFFyZe6SwwN5bOp
m3GvtdaqVKZ2VeuxekXAU2f4ESpei1aH/25/lZyotR7kh7ob1mEEHxXcccrSsxvcjFBtWMvueGJ+Cb0SzV3DlyiXSRnXStCNDvpZnIUBqIutzG5lMJdZJtxc/VnbJe+GXaO2MYKk6ASYgzRmPGtfVIA1yuk6lHsXrZsh10hHyHuptXz7cZC3/9l9ov6OwxRpWbKfFL+TCoe4EpHROfv4JDX93CGsSWRYb3ITxj0m/i1oQC4o+1E5MEtbHIRFO2WMgQ/am3szF4IA6CFFyZe6SwwN5bOp
MYr1/F03MXnmwdMqFT9Eg2f4ESpei1aH/25/lZyotR7kh7ob1mEEHxXcccrSsxvcjFBtWMvueGJ+Cb0SzV3DlyiXSRnXStCNDvpZnIUBqIutzG5lMJdZJtxc/VnbJe+GXaO2MYKk6ASYgzRmPGtfVIA1yuk6lHsXrZsh10hHyHuptXz7cZC3/9l9ov6OwxRpWbKfFL+TCoe4EpHROfv4JDX93CGsSWRYb3ITxj0m/i1oQC4o+1E5MEtbHIRFO2WMgQ/UmnszF4IA6CFFyZe6SwwN5bOp
2Wt7pObRSIcdpkppN23hUs9QXKtX8cRFSL6W6k/yRHALyzh1ssPya9J+BGNWY804GabuQiua4IrM5YtlM9kER/TN5S7EaNW++re5VY8j7pk2CxcCUwOorjVdqkOhEvbwWba65Mcq8Bf5VPEKhF7V54xqOseorC2ypsElFU1u7QasPvjmpmczq38a4UL1HYQdDaXhh01cUqQ1QUzL+BxzuoKdBLVv8eWJbZZ3wn0/OKHgZOwoUGNniMgmKfQla888ful95zPXBM04l3eLTzo0fproU1Ghucd9gF3JdqwwHB2OSJ83RiKS11xKXTQIatXWyxyJ3W4zqkztFmGbH3enMLN+
wWBcBRj9boW6khLuVZKvaNG70I+EsA6KxURPr7Y22NeMyQs5SvgaglyK3XQIqlWWy9wJnW7zKgzt1uHbH7cncLM+
S/51bnsFC1o2kQJnlJmuXzT2+FW7pmre2fVRTaACL1wk9Ctny7Qv0x17das6uq70TzWHC7TzwtELs0c=
4dU9I1HG3eWRFzw6Ncz2lIYgOMJxdxrhIlhu8h+NTGC5inBoGUCrRp0T5kGWql2cJYXH1csGs0Q=
zdD+i85Nmk2Q8YsVB73AYM9QXKtX8cRFSL6W6k/yRHALyzh1ssPya9J+BGNWY804GabuQiua4IrM5YtlM9kER/TN5S7EaNW++re5VY8j7pk2CxcCUwOorjVdqkOhEvbwWba65Mcq8Bf5VPEKhF7V54xqOseorC2ypsElFU1u7QasPvjmpmczq38a4UL1HYQdDaXhh01cUqQ1QUzL+BxzuoKdBLVv8eWJbZZ3wn0/OKHgZOwoUGNniMgmKfQla888ful95zPXBM04l3eLTzo0fproU1Ghucd9gF3JdqwwHB2OSJ83RiKS11xKXTQIatXfyhyO3W4zqkztFmGbH3enMLN+
InPKiFghh5W9g5m0dVXHLjT2+FW7pmre2fVRTaACL1wk9Ctny7Qv0xR6daw6uq70TzWHC7TzwtELs0c=
UarHRE3BG5O6ZUuuS7wDXIYgOMJxdxrhIlhu8h+NTGC5inBoGUmqRpoT5kGWql2cJYXH1csGs0Q=
+NS4FGGTtUdvjl020Q4PfdG70I+EsA6KxURPr7Y22NeMyQs5SvgaglyK3XQIqlWfytwOnW7zKgzt1uHbH7cncLM+
YctcKm3rbn+FwMpTeGlQf1qx+kifPJNZyHKlMnTwpCs591BZNwyE/dZyuDP8LnWgWH4dVokYRkk+JwIozfLJzw+jL3SzOg==
rNbSvqUKcXb4H5gyUcpVcNwQhTciQTjkAUMZ/O2Hs9nfOLgyPFDlZU1PZtvgxQGzTQ==
zPK5REx2Ppd4fSu28OsN+jT2+FW7pmre2fVRTaACL1wk9Ctny7Qv0xl5daw6uq70TzWHC7TzwtELs0c=
hSDwJXwM1jaitqLO1qy88IYgOMJxdxrhIlhu8h+NTGC5inBoGUWpRpoT5kGWql2cJYXH1csGs0Q=
wNcaOpwc2j9b/mKG/b+g4XM1mRjFp93noeDaZE02kZyGhEg/f/eJC6qevwaHPwDAybzEWmB9AfUsh/dWcHt+oPQd7CSRlgCcgelpYpJvNtUuZj2YTVl3YRNqsyA=
1nyNsOcgOtaUH3F91TKtDwNa5PIeq3ADdE8tZlrmybgZBhoS2M3LiTHhBvgfpOOR6Hq1CjQINKPZv2BBNxS0tTb6KMu8FmWoeLZtzwmAtgEeLxIQDYpZR29rH2yzIg==
1yYMxDl7iyKmDSM+7Y2E1ippy9cvmVEZQ08tZlrmybgZBhoS2M3LiTHhBvgfpOOR6Hq1CjQINKPZv2BBNxS0tTb6KMu8FmWoeLZtzwmAtgEeLxIQDYpZR29rH2yzIg==
cO6qwHW6CQqwb4CnY6f4CBd+YCxRRiViWuLBrAkSMvb4qeNdYbXOPF9gK8W4rh1ulOycN0kr6MW3kDwhpm6ALxxyzXwo4qULSUR+VU77OnQtbnFTf38XaLMm
n8K2nFu/nFZoQgC671VUFfaEJ1eNrSoBhh6IHc/VDwesVF1eWt65kPkuSkoYFZvhkQm2gJ9cU/lIkmVSdNDki7mXkHk3LESdVtL4E/xOtUDY3t03ifgG6b5HQsjN0glvj0NvVLMa
BB49T2kHqHeFEtDTLTsKTzfV4vL36NM2V8nVOpp5U2epHx8aHX/Ntemwg0BOVRSlRuRRb28l1JRFTytcOzqu3ahyWBdPYmB6teI6BHXbVcwx70aZ6xDkwnBI0cXZN2qLXG1Vsxk=
38xzKTza/Zqw5s+f18qeK5AnVndW43+fYmhmUrrMWyCS/R/6k3pFUlrSoZzJwlJmeDlDDaFF7kxfkAu1+H69/hR8fGcJGwj1t6DcEeY+YL+c4m2saJKF+0k0XqWOq5rkrf4Rg79Pd1izFg==
ggOWL4S/wAnzF29bL3XsFHFZs9DnHw7mxjHVbFA84nWsukIacSLyd+SBt4h2hG2+uFPyDPhoiOXIGJMUalbztgOH5diJpNxd8ZlwIBQOfy0P0k7v5bMRJKpbJnTBoKt68tIxx4ER0kWY7ymtDpf1OvAfV2sJWTKmewpBSG+TKX2vxgetq8JG+kMONxs2xX3RLeZw3lR81TdL/yhYiQI1rRD6r+3R/3+JBFiYSu7WeNvJN2LPCNi3JBysQTV8XhWQmK79x4mIJhl+F+LYTcJpv0/zD+Szqg==
ggOWL4S/wAnzF29bL3XsFHFZs9DnHw7mxjHVbFA84nWsukIacSLyd+SBt4h2hG2+uFPyDPhoiOXIGJMUalbztgOH5diJpNxd8ZlwIBQOfy0P0k7v5bMRJKpbJnTBoKt68tIxx4ER0kWY7ymtDpf1OvAfV2sJWTKmewpBSG+TKX2vxgetq8JG+kMONxs2xX3RLeZw3lR81TdL/yhYiQI1rRD6r+3R/3+JBFiYSu7WeNvJN2LPCNi3JBysQTV8XhWQmK79x4mIJhl+F+LYTcJpv0/zD+Szqg==
ggOWL4S/wAnzF29bL3XsFHFZs9DnHw7mxjHVbFA84nWsukIacSLyd+SBt4h2hG2+uFPyDPhoiOXIGJMUalbztgOH5diJpNxd8ZlwIBQOfy0P0k7v5bMRJKpbJnTBoKt68tIxx4ER0kWY7ymtDpf1OvAfV2sJWTKmewpBSG+TKX2vxgetq8JG+kMONxs2xX3RLeZw3lR81TdL/yhYiQI1rRD6r+3R/3+JBFiYSu7WeNvJN2LPCNi3JBysQTV8XhWQmK79x4mIJhl+F+LYTcJpv0/zD+Szqg==
ggOWL4S/wAnzF29bL3XsFHFZs9DnHw7mxjHVbFA84nWsukIacSLyd+SBt4h2hG2+uFPyDPhoiOXIGJMUalbztgOH5diJpNxd8ZlwIBQOfy0P0k7v5bMRJKpbJnTBoKt68tIxx4ER0kWY7ymtDpf1OvAfV2sJWTKmewpBSG+TKX2vxgetq8JG+kMONxs2xX3RLeZw3lR81TdL/yhYiQI1rRD6r+3R/3+JBFiYSu7WeNvJN2LPCNi3JBysQTV8XhWQmK79x4mIJhl+F+LYTcJpv0/zD+Szqg==
ggOWL4S/wAnzF29bL3XsFHFZs9DnHw7mxjHVbFA84nWsukIacSLyd+SBt4h2hG2+uFPyDPhoiOXIGJMUalbztgOH5diJpNxd8ZlwIBQOfy0P0k7v5bMRJKpbJnTBoKt68tIxx4ER0kWY7ymtDpf1OvAfV2sJWTKmewpBSG+TKX2vxgetq8JG+kMONxs2xX3RLeZw3lR81TdL/yhYiQI1rRD6r+3R/3+JBFiYSu7WeNvJN2LPCNi3JBysQTV8XhWQmK79x4mIJhl+F+LYTcJpv0/zD+Szqg==
ggOWL4S/wAnzF29bL3XsFHFZs9DnHw7mxjHVbFA84nWsukIacSLyd+SBt4h2hG2+uFPyDPhoiOXIGJMUalbztgOH5diJpNxd8ZlwIBQOfy0P0k7v5bMRJKpbJnTBoKt68tIxx4ER0kWY7ymtDpf1OvAfV2sJWTKmewpBSG+TKX2vxgetq8JG+kMONxs2xX3RLeZw3lR81TdL/yhYiQI1rRD6r+3R/3+JBFiYSu7WeNvJN2LPCNi3JBysQTV8XhWQmK79x4mIJhl+F+LYTcJpv0/zD+Szqg==
ggOWL4S/wAnzF29bL3XsFHFZs9DnHw7mxjHVbFA84nWsukIacSLyd+SBt4h2hG2+uFPyDPhoiOXIGJMUalbztgOH5diJpNxd8ZlwIBQOfy0P0k7v5bMRJKpbJnTBoKt68tIxx4ER0kWY7ymtDpf1OvAfV2sJWTKmewpBSG+TKX2vxgetq8JG+kMONxs2xX3RLeZw3lR81TdL/yhYiQI1rRD6r+3R/3+JBFiYSu7WeNvJN2LPCNi3JBysQTV8XhWQmK79x4mIJhl+F+LYTcJpv0/zD+Szqg==
ggOWL4S/wAnzF29bL3XsFHFZs9DnHw7mxjHVbFA84nWsukIacSLyd+SBt4h2hG2+uFPyDPhoiOXIGJMUalbztgOH5diJpNxd8ZlwIBQOfy0P0k7v5bMRJKpbJnTBoKt68tIxx4ER0kWY7ymtDpf1OvAfV2sJWTKmewpBSG+TKX2vxgetq8JG+kMONxs2xX3RLeZw3lR81TdL/yhYiQI1rRD6r+3R/3+JBFiYSu7WeNvJN2LPCNi3JBysQTV8XhWQmK79x4mIJhl+F+LYTcJpv0/zD+Szqg==
ggOWL4S/wAnzF29bL3XsFHFZs9DnHw7mxjHVbFA84nWsukIacSLyd+SBt4h2hG2+uFPyDPhoiOXIGJMUalbztgOH5diJpNxd8ZlwIBQOfy0P0k7v5bMRJKpbJnTBoKt68tIxx4ER0kWY7ymtDpf1OvAfV2sJWTKmewpBSG+TKX2vxgetq8JG+kMONxs2xX3RLeZw3lR81TdL/yhYiQI1rRD6r+3R/3+JBFiYSu7WeNvJN2LPCNi3JBysQTV8XhWQmK79x4mIJhl+F+LYTcJpv0/zD+Szqg==
ggOWL4S/wAnzF29bL3XsFHFZs9DnHw7mxjHVbFA84nWsukIacSLyd+SBt4h2hG2+uFPyDPhoiOXIGJMUalbztgOH5diJpNxd8ZlwIBQOfy0P0k7v5bMRJKpbJnTBoKt68tIxx4ER0kWY7ymtDpf1OvAfV2sJWTKmewpBSG+TKX2vxgetq8JG+kMONxs2xX3RLeZw3lR81TdL/yhYiQI1rRD6r+3R/3+JBFiYSu7WeNvJN2LPCNi3JBysQTV8XhWQmK79x4mIJhl+F+LYTcJpv0/zD+Szqg==
SFX4EjP7chULZBin0QxmMu3Gqw31jDM+uon+BXMQWs7wtWUvJQdpky/bDlCkP+wtk6yVAxsnDAn68zVKXpu4hRL0S6drNI+T+HlVbFo6zjRvNWdLVHNiEWuzJw==
