-- Journal begins at Sat 2022-08-06 20:35:23 UTC, ends at Sat 2022-08-06 20:40:22 UTC. --
Aug 06 20:35:23 cka-02-worker systemd[1]: Starting containerd container runtime...
Aug 06 20:35:23 cka-02-worker systemd[1]: Started containerd container runtime.
Aug 06 20:35:23 cka-02-worker containerd[100]: time="2022-08-06T20:35:23.613496200Z" level=info msg="starting containerd" revision=212e8b6fa2f44b9c21b2798135fc6fb7c53efc16 version=v1.6.4
Aug 06 20:35:23 cka-02-worker containerd[100]: time="2022-08-06T20:35:23.632726281Z" level=info msg="loading plugin \"io.containerd.content.v1.content\"..." type=io.containerd.content.v1
Aug 06 20:35:23 cka-02-worker containerd[100]: time="2022-08-06T20:35:23.633778180Z" level=info msg="loading plugin \"io.containerd.snapshotter.v1.aufs\"..." type=io.containerd.snapshotter.v1
Aug 06 20:35:23 cka-02-worker containerd[100]: time="2022-08-06T20:35:23.636820736Z" level=info msg="skip loading plugin \"io.containerd.snapshotter.v1.aufs\"..." error="aufs is not supported (modprobe aufs failed: exit status 1 \"modprobe: FATAL: Module aufs not found in directory /lib/modules/5.18.16-200.fc36.x86_64\\n\"): skip plugin" type=io.containerd.snapshotter.v1
Aug 06 20:35:23 cka-02-worker containerd[100]: time="2022-08-06T20:35:23.636913336Z" level=info msg="loading plugin \"io.containerd.snapshotter.v1.btrfs\"..." type=io.containerd.snapshotter.v1
Aug 06 20:35:23 cka-02-worker containerd[100]: time="2022-08-06T20:35:23.637108273Z" level=info msg="skip loading plugin \"io.containerd.snapshotter.v1.btrfs\"..." error="path /var/lib/containerd/io.containerd.snapshotter.v1.btrfs (ext4) must be a btrfs filesystem to be used with the btrfs snapshotter: skip plugin" type=io.containerd.snapshotter.v1
Aug 06 20:35:23 cka-02-worker containerd[100]: time="2022-08-06T20:35:23.637161375Z" level=info msg="loading plugin \"io.containerd.snapshotter.v1.devmapper\"..." type=io.containerd.snapshotter.v1
Aug 06 20:35:23 cka-02-worker containerd[100]: time="2022-08-06T20:35:23.637197853Z" level=warning msg="failed to load plugin io.containerd.snapshotter.v1.devmapper" error="devmapper not configured"
Aug 06 20:35:23 cka-02-worker containerd[100]: time="2022-08-06T20:35:23.637213506Z" level=info msg="loading plugin \"io.containerd.snapshotter.v1.native\"..." type=io.containerd.snapshotter.v1
Aug 06 20:35:23 cka-02-worker containerd[100]: time="2022-08-06T20:35:23.637262106Z" level=info msg="loading plugin \"io.containerd.snapshotter.v1.overlayfs\"..." type=io.containerd.snapshotter.v1
Aug 06 20:35:23 cka-02-worker containerd[100]: time="2022-08-06T20:35:23.637428632Z" level=info msg="loading plugin \"io.containerd.snapshotter.v1.zfs\"..." type=io.containerd.snapshotter.v1
Aug 06 20:35:23 cka-02-worker containerd[100]: time="2022-08-06T20:35:23.637573376Z" level=info msg="skip loading plugin \"io.containerd.snapshotter.v1.zfs\"..." error="path /var/lib/containerd/io.containerd.snapshotter.v1.zfs must be a zfs filesystem to be used with the zfs snapshotter: skip plugin" type=io.containerd.snapshotter.v1
Aug 06 20:35:23 cka-02-worker containerd[100]: time="2022-08-06T20:35:23.637595630Z" level=info msg="loading plugin \"io.containerd.snapshotter.v1.fuse-overlayfs\"..." type=io.containerd.snapshotter.v1
Aug 06 20:35:23 cka-02-worker containerd[100]: time="2022-08-06T20:35:23.637704896Z" level=info msg="loading plugin \"io.containerd.metadata.v1.bolt\"..." type=io.containerd.metadata.v1
Aug 06 20:35:23 cka-02-worker containerd[100]: time="2022-08-06T20:35:23.637729100Z" level=warning msg="could not use snapshotter devmapper in metadata plugin" error="devmapper not configured"
Aug 06 20:35:23 cka-02-worker containerd[100]: time="2022-08-06T20:35:23.637742645Z" level=info msg="metadata content store policy set" policy=shared
Aug 06 20:35:23 cka-02-worker containerd[100]: time="2022-08-06T20:35:23.637854373Z" level=info msg="loading plugin \"io.containerd.differ.v1.walking\"..." type=io.containerd.differ.v1
Aug 06 20:35:23 cka-02-worker containerd[100]: time="2022-08-06T20:35:23.637873888Z" level=info msg="loading plugin \"io.containerd.event.v1.exchange\"..." type=io.containerd.event.v1
Aug 06 20:35:23 cka-02-worker containerd[100]: time="2022-08-06T20:35:23.637893697Z" level=info msg="loading plugin \"io.containerd.gc.v1.scheduler\"..." type=io.containerd.gc.v1
Aug 06 20:35:23 cka-02-worker containerd[100]: time="2022-08-06T20:35:23.637940045Z" level=info msg="loading plugin \"io.containerd.service.v1.introspection-service\"..." type=io.containerd.service.v1
Aug 06 20:35:23 cka-02-worker containerd[100]: time="2022-08-06T20:35:23.637955723Z" level=info msg="loading plugin \"io.containerd.service.v1.containers-service\"..." type=io.containerd.service.v1
Aug 06 20:35:23 cka-02-worker containerd[100]: time="2022-08-06T20:35:23.637970989Z" level=info msg="loading plugin \"io.containerd.service.v1.content-service\"..." type=io.containerd.service.v1
Aug 06 20:35:23 cka-02-worker containerd[100]: time="2022-08-06T20:35:23.637984219Z" level=info msg="loading plugin \"io.containerd.service.v1.diff-service\"..." type=io.containerd.service.v1
Aug 06 20:35:23 cka-02-worker containerd[100]: time="2022-08-06T20:35:23.637998399Z" level=info msg="loading plugin \"io.containerd.service.v1.images-service\"..." type=io.containerd.service.v1
Aug 06 20:35:23 cka-02-worker containerd[100]: time="2022-08-06T20:35:23.638014003Z" level=info msg="loading plugin \"io.containerd.service.v1.leases-service\"..." type=io.containerd.service.v1
Aug 06 20:35:23 cka-02-worker containerd[100]: time="2022-08-06T20:35:23.638027811Z" level=info msg="loading plugin \"io.containerd.service.v1.namespaces-service\"..." type=io.containerd.service.v1
Aug 06 20:35:23 cka-02-worker containerd[100]: time="2022-08-06T20:35:23.638040887Z" level=info msg="loading plugin \"io.containerd.service.v1.snapshots-service\"..." type=io.containerd.service.v1
Aug 06 20:35:23 cka-02-worker containerd[100]: time="2022-08-06T20:35:23.638054506Z" level=info msg="loading plugin \"io.containerd.runtime.v1.linux\"..." type=io.containerd.runtime.v1
Aug 06 20:35:23 cka-02-worker containerd[100]: time="2022-08-06T20:35:23.638104651Z" level=info msg="loading plugin \"io.containerd.runtime.v2.task\"..." type=io.containerd.runtime.v2
Aug 06 20:35:23 cka-02-worker containerd[100]: time="2022-08-06T20:35:23.638156694Z" level=info msg="loading plugin \"io.containerd.monitor.v1.cgroups\"..." type=io.containerd.monitor.v1
Aug 06 20:35:23 cka-02-worker containerd[100]: time="2022-08-06T20:35:23.638341414Z" level=info msg="loading plugin \"io.containerd.service.v1.tasks-service\"..." type=io.containerd.service.v1
Aug 06 20:35:23 cka-02-worker containerd[100]: time="2022-08-06T20:35:23.638370450Z" level=info msg="loading plugin \"io.containerd.grpc.v1.introspection\"..." type=io.containerd.grpc.v1
Aug 06 20:35:23 cka-02-worker containerd[100]: time="2022-08-06T20:35:23.638396391Z" level=info msg="loading plugin \"io.containerd.internal.v1.restart\"..." type=io.containerd.internal.v1
Aug 06 20:35:23 cka-02-worker containerd[100]: time="2022-08-06T20:35:23.638438526Z" level=info msg="loading plugin \"io.containerd.grpc.v1.containers\"..." type=io.containerd.grpc.v1
Aug 06 20:35:23 cka-02-worker containerd[100]: time="2022-08-06T20:35:23.638452830Z" level=info msg="loading plugin \"io.containerd.grpc.v1.content\"..." type=io.containerd.grpc.v1
Aug 06 20:35:23 cka-02-worker containerd[100]: time="2022-08-06T20:35:23.638466449Z" level=info msg="loading plugin \"io.containerd.grpc.v1.diff\"..." type=io.containerd.grpc.v1
Aug 06 20:35:23 cka-02-worker containerd[100]: time="2022-08-06T20:35:23.638479410Z" level=info msg="loading plugin \"io.containerd.grpc.v1.events\"..." type=io.containerd.grpc.v1
Aug 06 20:35:23 cka-02-worker containerd[100]: time="2022-08-06T20:35:23.638492854Z" level=info msg="loading plugin \"io.containerd.grpc.v1.healthcheck\"..." type=io.containerd.grpc.v1
Aug 06 20:35:23 cka-02-worker containerd[100]: time="2022-08-06T20:35:23.638505404Z" level=info msg="loading plugin \"io.containerd.grpc.v1.images\"..." type=io.containerd.grpc.v1
Aug 06 20:35:23 cka-02-worker containerd[100]: time="2022-08-06T20:35:23.638517880Z" level=info msg="loading plugin \"io.containerd.grpc.v1.leases\"..." type=io.containerd.grpc.v1
Aug 06 20:35:23 cka-02-worker containerd[100]: time="2022-08-06T20:35:23.638530952Z" level=info msg="loading plugin \"io.containerd.grpc.v1.namespaces\"..." type=io.containerd.grpc.v1
Aug 06 20:35:23 cka-02-worker containerd[100]: time="2022-08-06T20:35:23.638544734Z" level=info msg="loading plugin \"io.containerd.internal.v1.opt\"..." type=io.containerd.internal.v1
Aug 06 20:35:23 cka-02-worker containerd[100]: time="2022-08-06T20:35:23.638618046Z" level=info msg="loading plugin \"io.containerd.grpc.v1.snapshots\"..." type=io.containerd.grpc.v1
Aug 06 20:35:23 cka-02-worker containerd[100]: time="2022-08-06T20:35:23.638634249Z" level=info msg="loading plugin \"io.containerd.grpc.v1.tasks\"..." type=io.containerd.grpc.v1
Aug 06 20:35:23 cka-02-worker containerd[100]: time="2022-08-06T20:35:23.638648213Z" level=info msg="loading plugin \"io.containerd.grpc.v1.version\"..." type=io.containerd.grpc.v1
Aug 06 20:35:23 cka-02-worker containerd[100]: time="2022-08-06T20:35:23.638661037Z" level=info msg="loading plugin \"io.containerd.tracing.processor.v1.otlp\"..." type=io.containerd.tracing.processor.v1
Aug 06 20:35:23 cka-02-worker containerd[100]: time="2022-08-06T20:35:23.638676561Z" level=info msg="skip loading plugin \"io.containerd.tracing.processor.v1.otlp\"..." error="no OpenTelemetry endpoint: skip plugin" type=io.containerd.tracing.processor.v1
Aug 06 20:35:23 cka-02-worker containerd[100]: time="2022-08-06T20:35:23.638710364Z" level=info msg="loading plugin \"io.containerd.internal.v1.tracing\"..." type=io.containerd.internal.v1
Aug 06 20:35:23 cka-02-worker containerd[100]: time="2022-08-06T20:35:23.638744576Z" level=error msg="failed to initialize a tracing processor \"otlp\"" error="no OpenTelemetry endpoint: skip plugin"
Aug 06 20:35:23 cka-02-worker containerd[100]: time="2022-08-06T20:35:23.638786532Z" level=info msg="loading plugin \"io.containerd.grpc.v1.cri\"..." type=io.containerd.grpc.v1
Aug 06 20:35:23 cka-02-worker containerd[100]: time="2022-08-06T20:35:23.638997867Z" level=warning msg="`mirrors` is deprecated, please use `config_path` instead"
Aug 06 20:35:23 cka-02-worker containerd[100]: time="2022-08-06T20:35:23.639081090Z" level=info msg="Start cri plugin with config {PluginConfig:{ContainerdConfig:{Snapshotter:overlayfs DefaultRuntimeName:runc DefaultRuntime:{Type: Path: Engine: PodAnnotations:[] ContainerAnnotations:[] Root: Options:map[] PrivilegedWithoutHostDevices:false BaseRuntimeSpec: NetworkPluginConfDir: NetworkPluginMaxConfNum:0} UntrustedWorkloadRuntime:{Type: Path: Engine: PodAnnotations:[] ContainerAnnotations:[] Root: Options:map[] PrivilegedWithoutHostDevices:false BaseRuntimeSpec: NetworkPluginConfDir: NetworkPluginMaxConfNum:0} Runtimes:map[runc:{Type:io.containerd.runc.v2 Path: Engine: PodAnnotations:[] ContainerAnnotations:[] Root: Options:map[SystemdCgroup:true] PrivilegedWithoutHostDevices:false BaseRuntimeSpec:/etc/containerd/cri-base.json NetworkPluginConfDir: NetworkPluginMaxConfNum:0} test-handler:{Type:io.containerd.runc.v2 Path: Engine: PodAnnotations:[] ContainerAnnotations:[] Root: Options:map[SystemdCgroup:true] PrivilegedWithoutHostDevices:false BaseRuntimeSpec:/etc/containerd/cri-base.json NetworkPluginConfDir: NetworkPluginMaxConfNum:0}] NoPivot:false DisableSnapshotAnnotations:true DiscardUnpackedLayers:true IgnoreRdtNotEnabledErrors:false} CniConfig:{NetworkPluginBinDir:/opt/cni/bin NetworkPluginConfDir:/etc/cni/net.d NetworkPluginMaxConfNum:1 NetworkPluginConfTemplate: IPPreference:} Registry:{ConfigPath: Mirrors:map[k8s.gcr.io:{Endpoints:[https://registry.k8s.io https://k8s.gcr.io]}] Configs:map[] Auths:map[] Headers:map[]} ImageDecryption:{KeyModel:node} DisableTCPService:true StreamServerAddress:127.0.0.1 StreamServerPort:0 StreamIdleTimeout:4h0m0s EnableSelinux:false SelinuxCategoryRange:1024 SandboxImage:k8s.gcr.io/pause:3.6 StatsCollectPeriod:10 SystemdCgroup:false EnableTLSStreaming:false X509KeyPairStreaming:{TLSCertFile: TLSKeyFile:} MaxContainerLogLineSize:16384 DisableCgroup:false DisableApparmor:false RestrictOOMScoreAdj:false MaxConcurrentDownloads:3 DisableProcMount:false UnsetSeccompProfile: TolerateMissingHugetlbController:true DisableHugetlbController:true DeviceOwnershipFromSecurityContext:false IgnoreImageDefinedVolumes:false NetNSMountsUnderStateDir:false EnableUnprivilegedPorts:false EnableUnprivilegedICMP:false} ContainerdRootDir:/var/lib/containerd ContainerdEndpoint:/run/containerd/containerd.sock RootDir:/var/lib/containerd/io.containerd.grpc.v1.cri StateDir:/run/containerd/io.containerd.grpc.v1.cri}"
Aug 06 20:35:23 cka-02-worker containerd[100]: time="2022-08-06T20:35:23.639158357Z" level=info msg="Connect containerd service"
Aug 06 20:35:23 cka-02-worker containerd[100]: time="2022-08-06T20:35:23.639213795Z" level=info msg="Get image filesystem path \"/var/lib/containerd/io.containerd.snapshotter.v1.overlayfs\""
Aug 06 20:35:23 cka-02-worker containerd[100]: time="2022-08-06T20:35:23.639611755Z" level=error msg="failed to load cni during init, please check CRI plugin status before setting up network for pods" error="cni config load failed: no network config found in /etc/cni/net.d: cni plugin not initialized: failed to load cni config"
Aug 06 20:35:23 cka-02-worker containerd[100]: time="2022-08-06T20:35:23.640651851Z" level=info msg=serving... address=/run/containerd/containerd.sock.ttrpc
Aug 06 20:35:23 cka-02-worker containerd[100]: time="2022-08-06T20:35:23.640798958Z" level=info msg=serving... address=/run/containerd/containerd.sock
Aug 06 20:35:23 cka-02-worker containerd[100]: time="2022-08-06T20:35:23.640929652Z" level=info msg="containerd successfully booted in 0.028087s"
Aug 06 20:35:23 cka-02-worker containerd[100]: time="2022-08-06T20:35:23.640683294Z" level=info msg="Start subscribing containerd event"
Aug 06 20:35:23 cka-02-worker containerd[100]: time="2022-08-06T20:35:23.642370409Z" level=info msg="Start recovering state"
Aug 06 20:35:23 cka-02-worker containerd[100]: time="2022-08-06T20:35:23.646060739Z" level=warning msg="The image docker.io/kindest/kindnetd:v20220510-4929dd75 is not unpacked."
Aug 06 20:35:23 cka-02-worker containerd[100]: time="2022-08-06T20:35:23.649321019Z" level=warning msg="The image docker.io/kindest/local-path-helper:v20220512-507ff70b is not unpacked."
Aug 06 20:35:23 cka-02-worker containerd[100]: time="2022-08-06T20:35:23.652257282Z" level=warning msg="The image docker.io/kindest/local-path-provisioner:v0.0.22-kind.0 is not unpacked."
Aug 06 20:35:23 cka-02-worker containerd[100]: time="2022-08-06T20:35:23.653282242Z" level=warning msg="The image import-2022-05-19@sha256:289df0671b753c90e6b717b92ada9af9bcb48678d59affc8cc27eef4f01e9251 is not unpacked."
Aug 06 20:35:23 cka-02-worker containerd[100]: time="2022-08-06T20:35:23.654072223Z" level=warning msg="The image import-2022-05-19@sha256:5611470386fb81d6d169bb37667ae1f9fa884631b265b54d8d9601d9338aad18 is not unpacked."
Aug 06 20:35:23 cka-02-worker containerd[100]: time="2022-08-06T20:35:23.654961149Z" level=warning msg="The image import-2022-05-19@sha256:654122cbd980cb4a8417347b8c84ecdbc81a735d3d01409bec6f37ef293511ca is not unpacked."
Aug 06 20:35:23 cka-02-worker containerd[100]: time="2022-08-06T20:35:23.655682166Z" level=warning msg="The image import-2022-05-19@sha256:948ca7c1da4b6108193f4dae34f2e94cfdaa901ab8876ba4009cc024673d2af4 is not unpacked."
Aug 06 20:35:23 cka-02-worker containerd[100]: time="2022-08-06T20:35:23.656584724Z" level=warning msg="The image k8s.gcr.io/coredns/coredns:v1.8.6 is not unpacked."
Aug 06 20:35:23 cka-02-worker containerd[100]: time="2022-08-06T20:35:23.657864371Z" level=warning msg="The image k8s.gcr.io/etcd:3.5.3-0 is not unpacked."
Aug 06 20:35:23 cka-02-worker containerd[100]: time="2022-08-06T20:35:23.659003846Z" level=warning msg="The image k8s.gcr.io/kube-apiserver:v1.24.0 is not unpacked."
Aug 06 20:35:23 cka-02-worker containerd[100]: time="2022-08-06T20:35:23.659845543Z" level=warning msg="The image k8s.gcr.io/kube-controller-manager:v1.24.0 is not unpacked."
Aug 06 20:35:23 cka-02-worker containerd[100]: time="2022-08-06T20:35:23.660549261Z" level=warning msg="The image k8s.gcr.io/kube-proxy:v1.24.0 is not unpacked."
Aug 06 20:35:23 cka-02-worker containerd[100]: time="2022-08-06T20:35:23.661318981Z" level=warning msg="The image k8s.gcr.io/kube-scheduler:v1.24.0 is not unpacked."
Aug 06 20:35:23 cka-02-worker containerd[100]: time="2022-08-06T20:35:23.662439554Z" level=warning msg="The image k8s.gcr.io/pause:3.6 is not unpacked."
Aug 06 20:35:23 cka-02-worker containerd[100]: time="2022-08-06T20:35:23.663612767Z" level=warning msg="The image sha256:41f5241e3396e516b754fd924d12444525720850c86aeac1b4bfd33616233b91 is not unpacked."
Aug 06 20:35:23 cka-02-worker containerd[100]: time="2022-08-06T20:35:23.664577638Z" level=warning msg="The image sha256:4c1e997385b8fb4ad4d1d3c7e5af7ff3f882e94d07cf5b78de9e889bc60830e6 is not unpacked."
Aug 06 20:35:23 cka-02-worker containerd[100]: time="2022-08-06T20:35:23.665630650Z" level=warning msg="The image sha256:6270bb605e12e581514ada5fd5b3216f727db55dc87d5889c790e4c760683fee is not unpacked."
Aug 06 20:35:23 cka-02-worker containerd[100]: time="2022-08-06T20:35:23.667122894Z" level=warning msg="The image sha256:64623e9d887d3ee33e56df43874531bf48391818f508505f21d6a5c5e4fa0da7 is not unpacked."
Aug 06 20:35:23 cka-02-worker containerd[100]: time="2022-08-06T20:35:23.668239528Z" level=warning msg="The image sha256:6960c0e47829dde050fa5a480f69ccca6bfbbdd1bab831aeed9040671b9dc30c is not unpacked."
Aug 06 20:35:23 cka-02-worker containerd[100]: time="2022-08-06T20:35:23.670837326Z" level=warning msg="The image sha256:6fb66cd78abfe9e0735a9a751f2586b7984e0d279e87fa8dd175781de6595627 is not unpacked."
Aug 06 20:35:23 cka-02-worker containerd[100]: time="2022-08-06T20:35:23.671695632Z" level=warning msg="The image sha256:9ef4b1de3be49aa0aa77d434a3c38e35c67c007b92a1c522825a46fc579ac998 is not unpacked."
Aug 06 20:35:23 cka-02-worker containerd[100]: time="2022-08-06T20:35:23.672491240Z" level=warning msg="The image sha256:a4ca41631cc7ac19ce1be3ebf0314ac5f47af7c711f17066006db82ee3b75b03 is not unpacked."
Aug 06 20:35:23 cka-02-worker containerd[100]: time="2022-08-06T20:35:23.673669709Z" level=warning msg="The image sha256:aebe758cef4cd05b9f8cee39758227714d02f42ef3088023c1e3cd454f927a2b is not unpacked."
Aug 06 20:35:23 cka-02-worker containerd[100]: time="2022-08-06T20:35:23.674718177Z" level=warning msg="The image sha256:efa8a439d146031cd20318ad4cb2eb712a2d638d503420212158ee737805e95a is not unpacked."
Aug 06 20:35:23 cka-02-worker containerd[100]: time="2022-08-06T20:35:23.675130475Z" level=info msg="Start event monitor"
Aug 06 20:35:23 cka-02-worker containerd[100]: time="2022-08-06T20:35:23.675151661Z" level=info msg="Start snapshots syncer"
Aug 06 20:35:23 cka-02-worker containerd[100]: time="2022-08-06T20:35:23.675163123Z" level=info msg="Start cni network conf syncer for default"
Aug 06 20:35:23 cka-02-worker containerd[100]: time="2022-08-06T20:35:23.675171725Z" level=info msg="Start streaming server"
