-- Journal begins at Sat 2022-08-06 20:35:23 UTC, ends at Sat 2022-08-06 20:40:19 UTC. --
Aug 06 20:35:23 cka-02-control-plane systemd[1]: Starting containerd container runtime...
Aug 06 20:35:23 cka-02-control-plane systemd[1]: Started containerd container runtime.
Aug 06 20:35:23 cka-02-control-plane containerd[100]: time="2022-08-06T20:35:23.500431809Z" level=info msg="starting containerd" revision=212e8b6fa2f44b9c21b2798135fc6fb7c53efc16 version=v1.6.4
Aug 06 20:35:23 cka-02-control-plane containerd[100]: time="2022-08-06T20:35:23.535006466Z" level=info msg="loading plugin \"io.containerd.content.v1.content\"..." type=io.containerd.content.v1
Aug 06 20:35:23 cka-02-control-plane containerd[100]: time="2022-08-06T20:35:23.535203491Z" level=info msg="loading plugin \"io.containerd.snapshotter.v1.aufs\"..." type=io.containerd.snapshotter.v1
Aug 06 20:35:23 cka-02-control-plane containerd[100]: time="2022-08-06T20:35:23.536680388Z" level=info msg="skip loading plugin \"io.containerd.snapshotter.v1.aufs\"..." error="aufs is not supported (modprobe aufs failed: exit status 1 \"modprobe: FATAL: Module aufs not found in directory /lib/modules/5.18.16-200.fc36.x86_64\\n\"): skip plugin" type=io.containerd.snapshotter.v1
Aug 06 20:35:23 cka-02-control-plane containerd[100]: time="2022-08-06T20:35:23.537152564Z" level=info msg="loading plugin \"io.containerd.snapshotter.v1.btrfs\"..." type=io.containerd.snapshotter.v1
Aug 06 20:35:23 cka-02-control-plane containerd[100]: time="2022-08-06T20:35:23.537376457Z" level=info msg="skip loading plugin \"io.containerd.snapshotter.v1.btrfs\"..." error="path /var/lib/containerd/io.containerd.snapshotter.v1.btrfs (ext4) must be a btrfs filesystem to be used with the btrfs snapshotter: skip plugin" type=io.containerd.snapshotter.v1
Aug 06 20:35:23 cka-02-control-plane containerd[100]: time="2022-08-06T20:35:23.537452053Z" level=info msg="loading plugin \"io.containerd.snapshotter.v1.devmapper\"..." type=io.containerd.snapshotter.v1
Aug 06 20:35:23 cka-02-control-plane containerd[100]: time="2022-08-06T20:35:23.537514282Z" level=warning msg="failed to load plugin io.containerd.snapshotter.v1.devmapper" error="devmapper not configured"
Aug 06 20:35:23 cka-02-control-plane containerd[100]: time="2022-08-06T20:35:23.537579540Z" level=info msg="loading plugin \"io.containerd.snapshotter.v1.native\"..." type=io.containerd.snapshotter.v1
Aug 06 20:35:23 cka-02-control-plane containerd[100]: time="2022-08-06T20:35:23.537703224Z" level=info msg="loading plugin \"io.containerd.snapshotter.v1.overlayfs\"..." type=io.containerd.snapshotter.v1
Aug 06 20:35:23 cka-02-control-plane containerd[100]: time="2022-08-06T20:35:23.538067126Z" level=info msg="loading plugin \"io.containerd.snapshotter.v1.zfs\"..." type=io.containerd.snapshotter.v1
Aug 06 20:35:23 cka-02-control-plane containerd[100]: time="2022-08-06T20:35:23.538625717Z" level=info msg="skip loading plugin \"io.containerd.snapshotter.v1.zfs\"..." error="path /var/lib/containerd/io.containerd.snapshotter.v1.zfs must be a zfs filesystem to be used with the zfs snapshotter: skip plugin" type=io.containerd.snapshotter.v1
Aug 06 20:35:23 cka-02-control-plane containerd[100]: time="2022-08-06T20:35:23.538717381Z" level=info msg="loading plugin \"io.containerd.snapshotter.v1.fuse-overlayfs\"..." type=io.containerd.snapshotter.v1
Aug 06 20:35:23 cka-02-control-plane containerd[100]: time="2022-08-06T20:35:23.538871371Z" level=info msg="loading plugin \"io.containerd.metadata.v1.bolt\"..." type=io.containerd.metadata.v1
Aug 06 20:35:23 cka-02-control-plane containerd[100]: time="2022-08-06T20:35:23.539123771Z" level=warning msg="could not use snapshotter devmapper in metadata plugin" error="devmapper not configured"
Aug 06 20:35:23 cka-02-control-plane containerd[100]: time="2022-08-06T20:35:23.539184414Z" level=info msg="metadata content store policy set" policy=shared
Aug 06 20:35:23 cka-02-control-plane containerd[100]: time="2022-08-06T20:35:23.539318688Z" level=info msg="loading plugin \"io.containerd.differ.v1.walking\"..." type=io.containerd.differ.v1
Aug 06 20:35:23 cka-02-control-plane containerd[100]: time="2022-08-06T20:35:23.539408330Z" level=info msg="loading plugin \"io.containerd.event.v1.exchange\"..." type=io.containerd.event.v1
Aug 06 20:35:23 cka-02-control-plane containerd[100]: time="2022-08-06T20:35:23.539476842Z" level=info msg="loading plugin \"io.containerd.gc.v1.scheduler\"..." type=io.containerd.gc.v1
Aug 06 20:35:23 cka-02-control-plane containerd[100]: time="2022-08-06T20:35:23.539554246Z" level=info msg="loading plugin \"io.containerd.service.v1.introspection-service\"..." type=io.containerd.service.v1
Aug 06 20:35:23 cka-02-control-plane containerd[100]: time="2022-08-06T20:35:23.540532503Z" level=info msg="loading plugin \"io.containerd.service.v1.containers-service\"..." type=io.containerd.service.v1
Aug 06 20:35:23 cka-02-control-plane containerd[100]: time="2022-08-06T20:35:23.540692990Z" level=info msg="loading plugin \"io.containerd.service.v1.content-service\"..." type=io.containerd.service.v1
Aug 06 20:35:23 cka-02-control-plane containerd[100]: time="2022-08-06T20:35:23.540762894Z" level=info msg="loading plugin \"io.containerd.service.v1.diff-service\"..." type=io.containerd.service.v1
Aug 06 20:35:23 cka-02-control-plane containerd[100]: time="2022-08-06T20:35:23.540826988Z" level=info msg="loading plugin \"io.containerd.service.v1.images-service\"..." type=io.containerd.service.v1
Aug 06 20:35:23 cka-02-control-plane containerd[100]: time="2022-08-06T20:35:23.540903885Z" level=info msg="loading plugin \"io.containerd.service.v1.leases-service\"..." type=io.containerd.service.v1
Aug 06 20:35:23 cka-02-control-plane containerd[100]: time="2022-08-06T20:35:23.540973175Z" level=info msg="loading plugin \"io.containerd.service.v1.namespaces-service\"..." type=io.containerd.service.v1
Aug 06 20:35:23 cka-02-control-plane containerd[100]: time="2022-08-06T20:35:23.541039411Z" level=info msg="loading plugin \"io.containerd.service.v1.snapshots-service\"..." type=io.containerd.service.v1
Aug 06 20:35:23 cka-02-control-plane containerd[100]: time="2022-08-06T20:35:23.541099224Z" level=info msg="loading plugin \"io.containerd.runtime.v1.linux\"..." type=io.containerd.runtime.v1
Aug 06 20:35:23 cka-02-control-plane containerd[100]: time="2022-08-06T20:35:23.541252224Z" level=info msg="loading plugin \"io.containerd.runtime.v2.task\"..." type=io.containerd.runtime.v2
Aug 06 20:35:23 cka-02-control-plane containerd[100]: time="2022-08-06T20:35:23.541356609Z" level=info msg="loading plugin \"io.containerd.monitor.v1.cgroups\"..." type=io.containerd.monitor.v1
Aug 06 20:35:23 cka-02-control-plane containerd[100]: time="2022-08-06T20:35:23.541609215Z" level=info msg="loading plugin \"io.containerd.service.v1.tasks-service\"..." type=io.containerd.service.v1
Aug 06 20:35:23 cka-02-control-plane containerd[100]: time="2022-08-06T20:35:23.541687678Z" level=info msg="loading plugin \"io.containerd.grpc.v1.introspection\"..." type=io.containerd.grpc.v1
Aug 06 20:35:23 cka-02-control-plane containerd[100]: time="2022-08-06T20:35:23.541748325Z" level=info msg="loading plugin \"io.containerd.internal.v1.restart\"..." type=io.containerd.internal.v1
Aug 06 20:35:23 cka-02-control-plane containerd[100]: time="2022-08-06T20:35:23.541899990Z" level=info msg="loading plugin \"io.containerd.grpc.v1.containers\"..." type=io.containerd.grpc.v1
Aug 06 20:35:23 cka-02-control-plane containerd[100]: time="2022-08-06T20:35:23.542141552Z" level=info msg="loading plugin \"io.containerd.grpc.v1.content\"..." type=io.containerd.grpc.v1
Aug 06 20:35:23 cka-02-control-plane containerd[100]: time="2022-08-06T20:35:23.542206365Z" level=info msg="loading plugin \"io.containerd.grpc.v1.diff\"..." type=io.containerd.grpc.v1
Aug 06 20:35:23 cka-02-control-plane containerd[100]: time="2022-08-06T20:35:23.542289720Z" level=info msg="loading plugin \"io.containerd.grpc.v1.events\"..." type=io.containerd.grpc.v1
Aug 06 20:35:23 cka-02-control-plane containerd[100]: time="2022-08-06T20:35:23.542352359Z" level=info msg="loading plugin \"io.containerd.grpc.v1.healthcheck\"..." type=io.containerd.grpc.v1
Aug 06 20:35:23 cka-02-control-plane containerd[100]: time="2022-08-06T20:35:23.542414148Z" level=info msg="loading plugin \"io.containerd.grpc.v1.images\"..." type=io.containerd.grpc.v1
Aug 06 20:35:23 cka-02-control-plane containerd[100]: time="2022-08-06T20:35:23.542649758Z" level=info msg="loading plugin \"io.containerd.grpc.v1.leases\"..." type=io.containerd.grpc.v1
Aug 06 20:35:23 cka-02-control-plane containerd[100]: time="2022-08-06T20:35:23.542737229Z" level=info msg="loading plugin \"io.containerd.grpc.v1.namespaces\"..." type=io.containerd.grpc.v1
Aug 06 20:35:23 cka-02-control-plane containerd[100]: time="2022-08-06T20:35:23.542815217Z" level=info msg="loading plugin \"io.containerd.internal.v1.opt\"..." type=io.containerd.internal.v1
Aug 06 20:35:23 cka-02-control-plane containerd[100]: time="2022-08-06T20:35:23.542937668Z" level=info msg="loading plugin \"io.containerd.grpc.v1.snapshots\"..." type=io.containerd.grpc.v1
Aug 06 20:35:23 cka-02-control-plane containerd[100]: time="2022-08-06T20:35:23.543000876Z" level=info msg="loading plugin \"io.containerd.grpc.v1.tasks\"..." type=io.containerd.grpc.v1
Aug 06 20:35:23 cka-02-control-plane containerd[100]: time="2022-08-06T20:35:23.543059937Z" level=info msg="loading plugin \"io.containerd.grpc.v1.version\"..." type=io.containerd.grpc.v1
Aug 06 20:35:23 cka-02-control-plane containerd[100]: time="2022-08-06T20:35:23.543116862Z" level=info msg="loading plugin \"io.containerd.tracing.processor.v1.otlp\"..." type=io.containerd.tracing.processor.v1
Aug 06 20:35:23 cka-02-control-plane containerd[100]: time="2022-08-06T20:35:23.543177045Z" level=info msg="skip loading plugin \"io.containerd.tracing.processor.v1.otlp\"..." error="no OpenTelemetry endpoint: skip plugin" type=io.containerd.tracing.processor.v1
Aug 06 20:35:23 cka-02-control-plane containerd[100]: time="2022-08-06T20:35:23.543234649Z" level=info msg="loading plugin \"io.containerd.internal.v1.tracing\"..." type=io.containerd.internal.v1
Aug 06 20:35:23 cka-02-control-plane containerd[100]: time="2022-08-06T20:35:23.543303124Z" level=error msg="failed to initialize a tracing processor \"otlp\"" error="no OpenTelemetry endpoint: skip plugin"
Aug 06 20:35:23 cka-02-control-plane containerd[100]: time="2022-08-06T20:35:23.543405910Z" level=info msg="loading plugin \"io.containerd.grpc.v1.cri\"..." type=io.containerd.grpc.v1
Aug 06 20:35:23 cka-02-control-plane containerd[100]: time="2022-08-06T20:35:23.543646132Z" level=warning msg="`mirrors` is deprecated, please use `config_path` instead"
Aug 06 20:35:23 cka-02-control-plane containerd[100]: time="2022-08-06T20:35:23.543777052Z" level=info msg="Start cri plugin with config {PluginConfig:{ContainerdConfig:{Snapshotter:overlayfs DefaultRuntimeName:runc DefaultRuntime:{Type: Path: Engine: PodAnnotations:[] ContainerAnnotations:[] Root: Options:map[] PrivilegedWithoutHostDevices:false BaseRuntimeSpec: NetworkPluginConfDir: NetworkPluginMaxConfNum:0} UntrustedWorkloadRuntime:{Type: Path: Engine: PodAnnotations:[] ContainerAnnotations:[] Root: Options:map[] PrivilegedWithoutHostDevices:false BaseRuntimeSpec: NetworkPluginConfDir: NetworkPluginMaxConfNum:0} Runtimes:map[runc:{Type:io.containerd.runc.v2 Path: Engine: PodAnnotations:[] ContainerAnnotations:[] Root: Options:map[SystemdCgroup:true] PrivilegedWithoutHostDevices:false BaseRuntimeSpec:/etc/containerd/cri-base.json NetworkPluginConfDir: NetworkPluginMaxConfNum:0} test-handler:{Type:io.containerd.runc.v2 Path: Engine: PodAnnotations:[] ContainerAnnotations:[] Root: Options:map[SystemdCgroup:true] PrivilegedWithoutHostDevices:false BaseRuntimeSpec:/etc/containerd/cri-base.json NetworkPluginConfDir: NetworkPluginMaxConfNum:0}] NoPivot:false DisableSnapshotAnnotations:true DiscardUnpackedLayers:true IgnoreRdtNotEnabledErrors:false} CniConfig:{NetworkPluginBinDir:/opt/cni/bin NetworkPluginConfDir:/etc/cni/net.d NetworkPluginMaxConfNum:1 NetworkPluginConfTemplate: IPPreference:} Registry:{ConfigPath: Mirrors:map[k8s.gcr.io:{Endpoints:[https://registry.k8s.io https://k8s.gcr.io]}] Configs:map[] Auths:map[] Headers:map[]} ImageDecryption:{KeyModel:node} DisableTCPService:true StreamServerAddress:127.0.0.1 StreamServerPort:0 StreamIdleTimeout:4h0m0s EnableSelinux:false SelinuxCategoryRange:1024 SandboxImage:k8s.gcr.io/pause:3.6 StatsCollectPeriod:10 SystemdCgroup:false EnableTLSStreaming:false X509KeyPairStreaming:{TLSCertFile: TLSKeyFile:} MaxContainerLogLineSize:16384 DisableCgroup:false DisableApparmor:false RestrictOOMScoreAdj:false MaxConcurrentDownloads:3 DisableProcMount:false UnsetSeccompProfile: TolerateMissingHugetlbController:true DisableHugetlbController:true DeviceOwnershipFromSecurityContext:false IgnoreImageDefinedVolumes:false NetNSMountsUnderStateDir:false EnableUnprivilegedPorts:false EnableUnprivilegedICMP:false} ContainerdRootDir:/var/lib/containerd ContainerdEndpoint:/run/containerd/containerd.sock RootDir:/var/lib/containerd/io.containerd.grpc.v1.cri StateDir:/run/containerd/io.containerd.grpc.v1.cri}"
Aug 06 20:35:23 cka-02-control-plane containerd[100]: time="2022-08-06T20:35:23.544058641Z" level=info msg="Connect containerd service"
Aug 06 20:35:23 cka-02-control-plane containerd[100]: time="2022-08-06T20:35:23.544109373Z" level=info msg="Get image filesystem path \"/var/lib/containerd/io.containerd.snapshotter.v1.overlayfs\""
Aug 06 20:35:23 cka-02-control-plane containerd[100]: time="2022-08-06T20:35:23.544539373Z" level=error msg="failed to load cni during init, please check CRI plugin status before setting up network for pods" error="cni config load failed: no network config found in /etc/cni/net.d: cni plugin not initialized: failed to load cni config"
Aug 06 20:35:23 cka-02-control-plane containerd[100]: time="2022-08-06T20:35:23.545380757Z" level=info msg="Start subscribing containerd event"
Aug 06 20:35:23 cka-02-control-plane containerd[100]: time="2022-08-06T20:35:23.545469430Z" level=info msg=serving... address=/run/containerd/containerd.sock.ttrpc
Aug 06 20:35:23 cka-02-control-plane containerd[100]: time="2022-08-06T20:35:23.545504594Z" level=info msg="Start recovering state"
Aug 06 20:35:23 cka-02-control-plane containerd[100]: time="2022-08-06T20:35:23.545514991Z" level=info msg=serving... address=/run/containerd/containerd.sock
Aug 06 20:35:23 cka-02-control-plane containerd[100]: time="2022-08-06T20:35:23.545537920Z" level=info msg="containerd successfully booted in 0.048221s"
Aug 06 20:35:23 cka-02-control-plane containerd[100]: time="2022-08-06T20:35:23.546531314Z" level=warning msg="The image docker.io/kindest/kindnetd:v20220510-4929dd75 is not unpacked."
Aug 06 20:35:23 cka-02-control-plane containerd[100]: time="2022-08-06T20:35:23.548831871Z" level=warning msg="The image docker.io/kindest/local-path-helper:v20220512-507ff70b is not unpacked."
Aug 06 20:35:23 cka-02-control-plane containerd[100]: time="2022-08-06T20:35:23.550431136Z" level=warning msg="The image docker.io/kindest/local-path-provisioner:v0.0.22-kind.0 is not unpacked."
Aug 06 20:35:23 cka-02-control-plane containerd[100]: time="2022-08-06T20:35:23.552198371Z" level=warning msg="The image import-2022-05-19@sha256:289df0671b753c90e6b717b92ada9af9bcb48678d59affc8cc27eef4f01e9251 is not unpacked."
Aug 06 20:35:23 cka-02-control-plane containerd[100]: time="2022-08-06T20:35:23.553302061Z" level=warning msg="The image import-2022-05-19@sha256:5611470386fb81d6d169bb37667ae1f9fa884631b265b54d8d9601d9338aad18 is not unpacked."
Aug 06 20:35:23 cka-02-control-plane containerd[100]: time="2022-08-06T20:35:23.554451852Z" level=warning msg="The image import-2022-05-19@sha256:654122cbd980cb4a8417347b8c84ecdbc81a735d3d01409bec6f37ef293511ca is not unpacked."
Aug 06 20:35:23 cka-02-control-plane containerd[100]: time="2022-08-06T20:35:23.555273317Z" level=warning msg="The image import-2022-05-19@sha256:948ca7c1da4b6108193f4dae34f2e94cfdaa901ab8876ba4009cc024673d2af4 is not unpacked."
Aug 06 20:35:23 cka-02-control-plane containerd[100]: time="2022-08-06T20:35:23.556228626Z" level=warning msg="The image k8s.gcr.io/coredns/coredns:v1.8.6 is not unpacked."
Aug 06 20:35:23 cka-02-control-plane containerd[100]: time="2022-08-06T20:35:23.557579882Z" level=warning msg="The image k8s.gcr.io/etcd:3.5.3-0 is not unpacked."
Aug 06 20:35:23 cka-02-control-plane containerd[100]: time="2022-08-06T20:35:23.558877184Z" level=warning msg="The image k8s.gcr.io/kube-apiserver:v1.24.0 is not unpacked."
Aug 06 20:35:23 cka-02-control-plane containerd[100]: time="2022-08-06T20:35:23.559721890Z" level=warning msg="The image k8s.gcr.io/kube-controller-manager:v1.24.0 is not unpacked."
Aug 06 20:35:23 cka-02-control-plane containerd[100]: time="2022-08-06T20:35:23.560620127Z" level=warning msg="The image k8s.gcr.io/kube-proxy:v1.24.0 is not unpacked."
Aug 06 20:35:23 cka-02-control-plane containerd[100]: time="2022-08-06T20:35:23.561324825Z" level=warning msg="The image k8s.gcr.io/kube-scheduler:v1.24.0 is not unpacked."
Aug 06 20:35:23 cka-02-control-plane containerd[100]: time="2022-08-06T20:35:23.562377526Z" level=warning msg="The image k8s.gcr.io/pause:3.6 is not unpacked."
Aug 06 20:35:23 cka-02-control-plane containerd[100]: time="2022-08-06T20:35:23.563463175Z" level=warning msg="The image sha256:41f5241e3396e516b754fd924d12444525720850c86aeac1b4bfd33616233b91 is not unpacked."
Aug 06 20:35:23 cka-02-control-plane containerd[100]: time="2022-08-06T20:35:23.564324719Z" level=warning msg="The image sha256:4c1e997385b8fb4ad4d1d3c7e5af7ff3f882e94d07cf5b78de9e889bc60830e6 is not unpacked."
Aug 06 20:35:23 cka-02-control-plane containerd[100]: time="2022-08-06T20:35:23.565874969Z" level=warning msg="The image sha256:6270bb605e12e581514ada5fd5b3216f727db55dc87d5889c790e4c760683fee is not unpacked."
Aug 06 20:35:23 cka-02-control-plane containerd[100]: time="2022-08-06T20:35:23.568089606Z" level=warning msg="The image sha256:64623e9d887d3ee33e56df43874531bf48391818f508505f21d6a5c5e4fa0da7 is not unpacked."
Aug 06 20:35:23 cka-02-control-plane containerd[100]: time="2022-08-06T20:35:23.569130285Z" level=warning msg="The image sha256:6960c0e47829dde050fa5a480f69ccca6bfbbdd1bab831aeed9040671b9dc30c is not unpacked."
Aug 06 20:35:23 cka-02-control-plane containerd[100]: time="2022-08-06T20:35:23.570088840Z" level=warning msg="The image sha256:6fb66cd78abfe9e0735a9a751f2586b7984e0d279e87fa8dd175781de6595627 is not unpacked."
Aug 06 20:35:23 cka-02-control-plane containerd[100]: time="2022-08-06T20:35:23.571601533Z" level=warning msg="The image sha256:9ef4b1de3be49aa0aa77d434a3c38e35c67c007b92a1c522825a46fc579ac998 is not unpacked."
Aug 06 20:35:23 cka-02-control-plane containerd[100]: time="2022-08-06T20:35:23.573906184Z" level=warning msg="The image sha256:a4ca41631cc7ac19ce1be3ebf0314ac5f47af7c711f17066006db82ee3b75b03 is not unpacked."
Aug 06 20:35:23 cka-02-control-plane containerd[100]: time="2022-08-06T20:35:23.578245492Z" level=warning msg="The image sha256:aebe758cef4cd05b9f8cee39758227714d02f42ef3088023c1e3cd454f927a2b is not unpacked."
Aug 06 20:35:23 cka-02-control-plane containerd[100]: time="2022-08-06T20:35:23.587728641Z" level=warning msg="The image sha256:efa8a439d146031cd20318ad4cb2eb712a2d638d503420212158ee737805e95a is not unpacked."
Aug 06 20:35:23 cka-02-control-plane containerd[100]: time="2022-08-06T20:35:23.588413304Z" level=info msg="Start event monitor"
Aug 06 20:35:23 cka-02-control-plane containerd[100]: time="2022-08-06T20:35:23.588517078Z" level=info msg="Start snapshots syncer"
Aug 06 20:35:23 cka-02-control-plane containerd[100]: time="2022-08-06T20:35:23.588604180Z" level=info msg="Start cni network conf syncer for default"
Aug 06 20:35:23 cka-02-control-plane containerd[100]: time="2022-08-06T20:35:23.588698956Z" level=info msg="Start streaming server"
Aug 06 20:35:30 cka-02-control-plane containerd[100]: time="2022-08-06T20:35:30.797922826Z" level=info msg="RunPodSandbox for &PodSandboxMetadata{Name:kube-scheduler-cka-02-control-plane,Uid:c200309858cd76c6d82374bed8413220,Namespace:kube-system,Attempt:0,}"
Aug 06 20:35:30 cka-02-control-plane containerd[100]: time="2022-08-06T20:35:30.797969243Z" level=info msg="RunPodSandbox for &PodSandboxMetadata{Name:etcd-cka-02-control-plane,Uid:ea5e5c4c33a55fa9602806e9c41f8e03,Namespace:kube-system,Attempt:0,}"
Aug 06 20:35:30 cka-02-control-plane containerd[100]: time="2022-08-06T20:35:30.804507128Z" level=info msg="RunPodSandbox for &PodSandboxMetadata{Name:kube-apiserver-cka-02-control-plane,Uid:c5a54282f822123ea55b0d576c958375,Namespace:kube-system,Attempt:0,}"
Aug 06 20:35:30 cka-02-control-plane containerd[100]: time="2022-08-06T20:35:30.808348307Z" level=info msg="RunPodSandbox for &PodSandboxMetadata{Name:kube-controller-manager-cka-02-control-plane,Uid:497ba4d93b6bb86bc1f1e9f86095cfde,Namespace:kube-system,Attempt:0,}"
Aug 06 20:35:30 cka-02-control-plane containerd[100]: time="2022-08-06T20:35:30.966497828Z" level=info msg="loading plugin \"io.containerd.event.v1.publisher\"..." runtime=io.containerd.runc.v2 type=io.containerd.event.v1
Aug 06 20:35:30 cka-02-control-plane containerd[100]: time="2022-08-06T20:35:30.966548300Z" level=info msg="loading plugin \"io.containerd.internal.v1.shutdown\"..." runtime=io.containerd.runc.v2 type=io.containerd.internal.v1
Aug 06 20:35:30 cka-02-control-plane containerd[100]: time="2022-08-06T20:35:30.966561348Z" level=info msg="loading plugin \"io.containerd.ttrpc.v1.task\"..." runtime=io.containerd.runc.v2 type=io.containerd.ttrpc.v1
Aug 06 20:35:30 cka-02-control-plane containerd[100]: time="2022-08-06T20:35:30.966696761Z" level=info msg="starting signal loop" namespace=k8s.io path=/run/containerd/io.containerd.runtime.v2.task/k8s.io/799391d607b812053c3ed956596c504cfafbc7ea3bc6e443405e429a3080b7b1 pid=352 runtime=io.containerd.runc.v2
Aug 06 20:35:30 cka-02-control-plane containerd[100]: time="2022-08-06T20:35:30.966724209Z" level=info msg="loading plugin \"io.containerd.event.v1.publisher\"..." runtime=io.containerd.runc.v2 type=io.containerd.event.v1
Aug 06 20:35:30 cka-02-control-plane containerd[100]: time="2022-08-06T20:35:30.966755621Z" level=info msg="loading plugin \"io.containerd.internal.v1.shutdown\"..." runtime=io.containerd.runc.v2 type=io.containerd.internal.v1
Aug 06 20:35:30 cka-02-control-plane containerd[100]: time="2022-08-06T20:35:30.966768021Z" level=info msg="loading plugin \"io.containerd.ttrpc.v1.task\"..." runtime=io.containerd.runc.v2 type=io.containerd.ttrpc.v1
Aug 06 20:35:30 cka-02-control-plane containerd[100]: time="2022-08-06T20:35:30.967524115Z" level=info msg="starting signal loop" namespace=k8s.io path=/run/containerd/io.containerd.runtime.v2.task/k8s.io/c65f3b1d90743948c66cb853a05f62574a7ea97039d41f73662cdd4fc1001319 pid=359 runtime=io.containerd.runc.v2
Aug 06 20:35:30 cka-02-control-plane containerd[100]: time="2022-08-06T20:35:30.967807546Z" level=info msg="loading plugin \"io.containerd.event.v1.publisher\"..." runtime=io.containerd.runc.v2 type=io.containerd.event.v1
Aug 06 20:35:30 cka-02-control-plane containerd[100]: time="2022-08-06T20:35:30.967965409Z" level=info msg="loading plugin \"io.containerd.internal.v1.shutdown\"..." runtime=io.containerd.runc.v2 type=io.containerd.internal.v1
Aug 06 20:35:30 cka-02-control-plane containerd[100]: time="2022-08-06T20:35:30.968062228Z" level=info msg="loading plugin \"io.containerd.ttrpc.v1.task\"..." runtime=io.containerd.runc.v2 type=io.containerd.ttrpc.v1
Aug 06 20:35:30 cka-02-control-plane containerd[100]: time="2022-08-06T20:35:30.968337857Z" level=info msg="starting signal loop" namespace=k8s.io path=/run/containerd/io.containerd.runtime.v2.task/k8s.io/cb5ec97eaf70e9bb14557e5fa941ecd66c2e000e0a1e2aa7fea08e9ebfdd044c pid=351 runtime=io.containerd.runc.v2
Aug 06 20:35:30 cka-02-control-plane containerd[100]: time="2022-08-06T20:35:30.972342917Z" level=info msg="loading plugin \"io.containerd.event.v1.publisher\"..." runtime=io.containerd.runc.v2 type=io.containerd.event.v1
Aug 06 20:35:30 cka-02-control-plane containerd[100]: time="2022-08-06T20:35:30.972436817Z" level=info msg="loading plugin \"io.containerd.internal.v1.shutdown\"..." runtime=io.containerd.runc.v2 type=io.containerd.internal.v1
Aug 06 20:35:30 cka-02-control-plane containerd[100]: time="2022-08-06T20:35:30.972469125Z" level=info msg="loading plugin \"io.containerd.ttrpc.v1.task\"..." runtime=io.containerd.runc.v2 type=io.containerd.ttrpc.v1
Aug 06 20:35:30 cka-02-control-plane containerd[100]: time="2022-08-06T20:35:30.972626750Z" level=info msg="starting signal loop" namespace=k8s.io path=/run/containerd/io.containerd.runtime.v2.task/k8s.io/776b770bf717c9f1cf73598ab19c159259dc3fef78ec6bac7849d8890890376d pid=401 runtime=io.containerd.runc.v2
Aug 06 20:35:31 cka-02-control-plane containerd[100]: time="2022-08-06T20:35:31.047784331Z" level=info msg="RunPodSandbox for &PodSandboxMetadata{Name:kube-apiserver-cka-02-control-plane,Uid:c5a54282f822123ea55b0d576c958375,Namespace:kube-system,Attempt:0,} returns sandbox id \"c65f3b1d90743948c66cb853a05f62574a7ea97039d41f73662cdd4fc1001319\""
Aug 06 20:35:31 cka-02-control-plane containerd[100]: time="2022-08-06T20:35:31.048986912Z" level=info msg="RunPodSandbox for &PodSandboxMetadata{Name:kube-scheduler-cka-02-control-plane,Uid:c200309858cd76c6d82374bed8413220,Namespace:kube-system,Attempt:0,} returns sandbox id \"799391d607b812053c3ed956596c504cfafbc7ea3bc6e443405e429a3080b7b1\""
Aug 06 20:35:31 cka-02-control-plane containerd[100]: time="2022-08-06T20:35:31.050679930Z" level=info msg="RunPodSandbox for &PodSandboxMetadata{Name:etcd-cka-02-control-plane,Uid:ea5e5c4c33a55fa9602806e9c41f8e03,Namespace:kube-system,Attempt:0,} returns sandbox id \"cb5ec97eaf70e9bb14557e5fa941ecd66c2e000e0a1e2aa7fea08e9ebfdd044c\""
Aug 06 20:35:31 cka-02-control-plane containerd[100]: time="2022-08-06T20:35:31.052817088Z" level=info msg="CreateContainer within sandbox \"c65f3b1d90743948c66cb853a05f62574a7ea97039d41f73662cdd4fc1001319\" for container &ContainerMetadata{Name:kube-apiserver,Attempt:0,}"
Aug 06 20:35:31 cka-02-control-plane containerd[100]: time="2022-08-06T20:35:31.052839962Z" level=info msg="CreateContainer within sandbox \"799391d607b812053c3ed956596c504cfafbc7ea3bc6e443405e429a3080b7b1\" for container &ContainerMetadata{Name:kube-scheduler,Attempt:0,}"
Aug 06 20:35:31 cka-02-control-plane containerd[100]: time="2022-08-06T20:35:31.055016764Z" level=info msg="CreateContainer within sandbox \"cb5ec97eaf70e9bb14557e5fa941ecd66c2e000e0a1e2aa7fea08e9ebfdd044c\" for container &ContainerMetadata{Name:etcd,Attempt:0,}"
Aug 06 20:35:31 cka-02-control-plane containerd[100]: time="2022-08-06T20:35:31.058533568Z" level=info msg="RunPodSandbox for &PodSandboxMetadata{Name:kube-controller-manager-cka-02-control-plane,Uid:497ba4d93b6bb86bc1f1e9f86095cfde,Namespace:kube-system,Attempt:0,} returns sandbox id \"776b770bf717c9f1cf73598ab19c159259dc3fef78ec6bac7849d8890890376d\""
Aug 06 20:35:31 cka-02-control-plane containerd[100]: time="2022-08-06T20:35:31.060337745Z" level=info msg="CreateContainer within sandbox \"776b770bf717c9f1cf73598ab19c159259dc3fef78ec6bac7849d8890890376d\" for container &ContainerMetadata{Name:kube-controller-manager,Attempt:0,}"
Aug 06 20:35:32 cka-02-control-plane containerd[100]: time="2022-08-06T20:35:32.140371531Z" level=info msg="CreateContainer within sandbox \"799391d607b812053c3ed956596c504cfafbc7ea3bc6e443405e429a3080b7b1\" for &ContainerMetadata{Name:kube-scheduler,Attempt:0,} returns container id \"7e45d14500b4eecca96ec57e43175bfa0292aac10353b0df024b6ca47992dd9a\""
Aug 06 20:35:32 cka-02-control-plane containerd[100]: time="2022-08-06T20:35:32.140990933Z" level=info msg="StartContainer for \"7e45d14500b4eecca96ec57e43175bfa0292aac10353b0df024b6ca47992dd9a\""
Aug 06 20:35:32 cka-02-control-plane containerd[100]: time="2022-08-06T20:35:32.204489997Z" level=info msg="CreateContainer within sandbox \"776b770bf717c9f1cf73598ab19c159259dc3fef78ec6bac7849d8890890376d\" for &ContainerMetadata{Name:kube-controller-manager,Attempt:0,} returns container id \"529a28a383855469b3dd7e1e60b68d39252fdc1b40263d9309619767b3e27005\""
Aug 06 20:35:32 cka-02-control-plane containerd[100]: time="2022-08-06T20:35:32.204922319Z" level=info msg="StartContainer for \"529a28a383855469b3dd7e1e60b68d39252fdc1b40263d9309619767b3e27005\""
Aug 06 20:35:32 cka-02-control-plane containerd[100]: time="2022-08-06T20:35:32.250928580Z" level=info msg="CreateContainer within sandbox \"c65f3b1d90743948c66cb853a05f62574a7ea97039d41f73662cdd4fc1001319\" for &ContainerMetadata{Name:kube-apiserver,Attempt:0,} returns container id \"3e1c3a7f1e14bb9a81ada097abcb170aa101678a203d42db9cc274787762417f\""
Aug 06 20:35:32 cka-02-control-plane containerd[100]: time="2022-08-06T20:35:32.251433774Z" level=info msg="StartContainer for \"3e1c3a7f1e14bb9a81ada097abcb170aa101678a203d42db9cc274787762417f\""
Aug 06 20:35:32 cka-02-control-plane containerd[100]: time="2022-08-06T20:35:32.307340323Z" level=info msg="StartContainer for \"7e45d14500b4eecca96ec57e43175bfa0292aac10353b0df024b6ca47992dd9a\" returns successfully"
Aug 06 20:35:32 cka-02-control-plane containerd[100]: time="2022-08-06T20:35:32.319022772Z" level=info msg="StartContainer for \"529a28a383855469b3dd7e1e60b68d39252fdc1b40263d9309619767b3e27005\" returns successfully"
Aug 06 20:35:32 cka-02-control-plane containerd[100]: time="2022-08-06T20:35:32.431621729Z" level=info msg="StartContainer for \"3e1c3a7f1e14bb9a81ada097abcb170aa101678a203d42db9cc274787762417f\" returns successfully"
Aug 06 20:35:34 cka-02-control-plane containerd[100]: time="2022-08-06T20:35:34.510917793Z" level=info msg="CreateContainer within sandbox \"cb5ec97eaf70e9bb14557e5fa941ecd66c2e000e0a1e2aa7fea08e9ebfdd044c\" for &ContainerMetadata{Name:etcd,Attempt:0,} returns container id \"2eb704678af19af0defb0985b67f1fffd01bad3edceac0ea81d74ca0d1e22e16\""
Aug 06 20:35:34 cka-02-control-plane containerd[100]: time="2022-08-06T20:35:34.511671277Z" level=info msg="StartContainer for \"2eb704678af19af0defb0985b67f1fffd01bad3edceac0ea81d74ca0d1e22e16\""
Aug 06 20:35:34 cka-02-control-plane containerd[100]: time="2022-08-06T20:35:34.616402438Z" level=warning msg="error from *cgroupsv2.Manager.EventChan" error="failed to create inotify fd"
Aug 06 20:35:34 cka-02-control-plane containerd[100]: time="2022-08-06T20:35:34.703384048Z" level=info msg="StartContainer for \"2eb704678af19af0defb0985b67f1fffd01bad3edceac0ea81d74ca0d1e22e16\" returns successfully"
Aug 06 20:35:53 cka-02-control-plane containerd[100]: time="2022-08-06T20:35:53.244380036Z" level=info msg="No cni config template is specified, wait for other system components to drop the config."
Aug 06 20:35:54 cka-02-control-plane containerd[100]: time="2022-08-06T20:35:54.169373836Z" level=info msg="RunPodSandbox for &PodSandboxMetadata{Name:kindnet-nsnq8,Uid:c971534c-ec5c-472c-9ecb-d786009e079d,Namespace:kube-system,Attempt:0,}"
Aug 06 20:35:54 cka-02-control-plane containerd[100]: time="2022-08-06T20:35:54.177931324Z" level=info msg="RunPodSandbox for &PodSandboxMetadata{Name:kube-proxy-7pqp2,Uid:f1bfbca0-9156-4d9f-a0d4-2fcadb5cb33b,Namespace:kube-system,Attempt:0,}"
Aug 06 20:35:54 cka-02-control-plane containerd[100]: time="2022-08-06T20:35:54.241142626Z" level=info msg="loading plugin \"io.containerd.event.v1.publisher\"..." runtime=io.containerd.runc.v2 type=io.containerd.event.v1
Aug 06 20:35:54 cka-02-control-plane containerd[100]: time="2022-08-06T20:35:54.241207137Z" level=info msg="loading plugin \"io.containerd.internal.v1.shutdown\"..." runtime=io.containerd.runc.v2 type=io.containerd.internal.v1
Aug 06 20:35:54 cka-02-control-plane containerd[100]: time="2022-08-06T20:35:54.241220394Z" level=info msg="loading plugin \"io.containerd.ttrpc.v1.task\"..." runtime=io.containerd.runc.v2 type=io.containerd.ttrpc.v1
Aug 06 20:35:54 cka-02-control-plane containerd[100]: time="2022-08-06T20:35:54.241437472Z" level=info msg="starting signal loop" namespace=k8s.io path=/run/containerd/io.containerd.runtime.v2.task/k8s.io/281de457b97578fd81831aee78c1f17adf3548df112c5882ce9e4d72f92cfcb5 pid=829 runtime=io.containerd.runc.v2
Aug 06 20:35:54 cka-02-control-plane containerd[100]: time="2022-08-06T20:35:54.291189606Z" level=info msg="loading plugin \"io.containerd.event.v1.publisher\"..." runtime=io.containerd.runc.v2 type=io.containerd.event.v1
Aug 06 20:35:54 cka-02-control-plane containerd[100]: time="2022-08-06T20:35:54.291240009Z" level=info msg="loading plugin \"io.containerd.internal.v1.shutdown\"..." runtime=io.containerd.runc.v2 type=io.containerd.internal.v1
Aug 06 20:35:54 cka-02-control-plane containerd[100]: time="2022-08-06T20:35:54.291253137Z" level=info msg="loading plugin \"io.containerd.ttrpc.v1.task\"..." runtime=io.containerd.runc.v2 type=io.containerd.ttrpc.v1
Aug 06 20:35:54 cka-02-control-plane containerd[100]: time="2022-08-06T20:35:54.291510565Z" level=info msg="starting signal loop" namespace=k8s.io path=/run/containerd/io.containerd.runtime.v2.task/k8s.io/73632b54045ae419c9e3009331ea470e289a258d502e161500fe0273a6f34d53 pid=861 runtime=io.containerd.runc.v2
Aug 06 20:35:54 cka-02-control-plane containerd[100]: time="2022-08-06T20:35:54.324945928Z" level=warning msg="error from *cgroupsv2.Manager.EventChan" error="failed to create inotify fd"
Aug 06 20:35:54 cka-02-control-plane containerd[100]: time="2022-08-06T20:35:54.325559433Z" level=info msg="RunPodSandbox for &PodSandboxMetadata{Name:kube-proxy-7pqp2,Uid:f1bfbca0-9156-4d9f-a0d4-2fcadb5cb33b,Namespace:kube-system,Attempt:0,} returns sandbox id \"73632b54045ae419c9e3009331ea470e289a258d502e161500fe0273a6f34d53\""
Aug 06 20:35:54 cka-02-control-plane containerd[100]: time="2022-08-06T20:35:54.327570048Z" level=info msg="CreateContainer within sandbox \"73632b54045ae419c9e3009331ea470e289a258d502e161500fe0273a6f34d53\" for container &ContainerMetadata{Name:kube-proxy,Attempt:0,}"
Aug 06 20:35:54 cka-02-control-plane containerd[100]: time="2022-08-06T20:35:54.459703901Z" level=warning msg="error from *cgroupsv2.Manager.EventChan" error="failed to create inotify fd"
Aug 06 20:35:54 cka-02-control-plane containerd[100]: time="2022-08-06T20:35:54.460095333Z" level=info msg="RunPodSandbox for &PodSandboxMetadata{Name:kindnet-nsnq8,Uid:c971534c-ec5c-472c-9ecb-d786009e079d,Namespace:kube-system,Attempt:0,} returns sandbox id \"281de457b97578fd81831aee78c1f17adf3548df112c5882ce9e4d72f92cfcb5\""
Aug 06 20:35:54 cka-02-control-plane containerd[100]: time="2022-08-06T20:35:54.461995836Z" level=info msg="CreateContainer within sandbox \"281de457b97578fd81831aee78c1f17adf3548df112c5882ce9e4d72f92cfcb5\" for container &ContainerMetadata{Name:kindnet-cni,Attempt:0,}"
Aug 06 20:35:55 cka-02-control-plane containerd[100]: time="2022-08-06T20:35:55.536780859Z" level=info msg="CreateContainer within sandbox \"73632b54045ae419c9e3009331ea470e289a258d502e161500fe0273a6f34d53\" for &ContainerMetadata{Name:kube-proxy,Attempt:0,} returns container id \"4747ba313368e9cc153ed1cacc22bfda564d0102b97f8f9952e96dfa3464943e\""
Aug 06 20:35:55 cka-02-control-plane containerd[100]: time="2022-08-06T20:35:55.537488093Z" level=info msg="StartContainer for \"4747ba313368e9cc153ed1cacc22bfda564d0102b97f8f9952e96dfa3464943e\""
Aug 06 20:35:55 cka-02-control-plane containerd[100]: time="2022-08-06T20:35:55.655453577Z" level=warning msg="error from *cgroupsv2.Manager.EventChan" error="failed to create inotify fd"
Aug 06 20:35:55 cka-02-control-plane containerd[100]: time="2022-08-06T20:35:55.699071611Z" level=info msg="StartContainer for \"4747ba313368e9cc153ed1cacc22bfda564d0102b97f8f9952e96dfa3464943e\" returns successfully"
Aug 06 20:35:56 cka-02-control-plane containerd[100]: time="2022-08-06T20:35:56.045543181Z" level=info msg="CreateContainer within sandbox \"281de457b97578fd81831aee78c1f17adf3548df112c5882ce9e4d72f92cfcb5\" for &ContainerMetadata{Name:kindnet-cni,Attempt:0,} returns container id \"32cc27cc9fdc04255a08182f443d76e7823d2cef9dddbbbeb1c5ba3ca27e8d36\""
Aug 06 20:35:56 cka-02-control-plane containerd[100]: time="2022-08-06T20:35:56.046004125Z" level=info msg="StartContainer for \"32cc27cc9fdc04255a08182f443d76e7823d2cef9dddbbbeb1c5ba3ca27e8d36\""
Aug 06 20:35:56 cka-02-control-plane containerd[100]: time="2022-08-06T20:35:56.457117333Z" level=warning msg="error from *cgroupsv2.Manager.EventChan" error="failed to create inotify fd"
Aug 06 20:35:56 cka-02-control-plane containerd[100]: time="2022-08-06T20:35:56.629559013Z" level=info msg="StartContainer for \"32cc27cc9fdc04255a08182f443d76e7823d2cef9dddbbbeb1c5ba3ca27e8d36\" returns successfully"
Aug 06 20:35:57 cka-02-control-plane containerd[100]: time="2022-08-06T20:35:57.049022210Z" level=error msg="failed to reload cni configuration after receiving fs change event(\"/etc/cni/net.d/10-kindnet.conflist.temp\": WRITE)" error="cni config load failed: no network config found in /etc/cni/net.d: cni plugin not initialized: failed to load cni config"
Aug 06 20:35:57 cka-02-control-plane containerd[100]: time="2022-08-06T20:35:57.049126321Z" level=error msg="failed to reload cni configuration after receiving fs change event(\"/etc/cni/net.d/10-kindnet.conflist.temp\": WRITE)" error="cni config load failed: no network config found in /etc/cni/net.d: cni plugin not initialized: failed to load cni config"
Aug 06 20:35:57 cka-02-control-plane containerd[100]: time="2022-08-06T20:35:57.049189601Z" level=error msg="failed to reload cni configuration after receiving fs change event(\"/etc/cni/net.d/10-kindnet.conflist.temp\": WRITE)" error="cni config load failed: no network config found in /etc/cni/net.d: cni plugin not initialized: failed to load cni config"
Aug 06 20:36:03 cka-02-control-plane containerd[100]: time="2022-08-06T20:36:03.145698644Z" level=info msg="shim disconnected" id=4747ba313368e9cc153ed1cacc22bfda564d0102b97f8f9952e96dfa3464943e
Aug 06 20:36:03 cka-02-control-plane containerd[100]: time="2022-08-06T20:36:03.146145060Z" level=warning msg="cleaning up after shim disconnected" id=4747ba313368e9cc153ed1cacc22bfda564d0102b97f8f9952e96dfa3464943e namespace=k8s.io
Aug 06 20:36:03 cka-02-control-plane containerd[100]: time="2022-08-06T20:36:03.146186135Z" level=info msg="cleaning up dead shim"
Aug 06 20:36:03 cka-02-control-plane containerd[100]: time="2022-08-06T20:36:03.153109737Z" level=warning msg="cleanup warnings time=\"2022-08-06T20:36:03Z\" level=info msg=\"starting signal loop\" namespace=k8s.io pid=1037 runtime=io.containerd.runc.v2\n"
Aug 06 20:36:03 cka-02-control-plane containerd[100]: time="2022-08-06T20:36:03.293760072Z" level=info msg="CreateContainer within sandbox \"73632b54045ae419c9e3009331ea470e289a258d502e161500fe0273a6f34d53\" for container &ContainerMetadata{Name:kube-proxy,Attempt:1,}"
Aug 06 20:36:03 cka-02-control-plane containerd[100]: time="2022-08-06T20:36:03.387935794Z" level=info msg="CreateContainer within sandbox \"73632b54045ae419c9e3009331ea470e289a258d502e161500fe0273a6f34d53\" for &ContainerMetadata{Name:kube-proxy,Attempt:1,} returns container id \"54c5455a652ea817c99e99f65b0e41863c849e0eb28d89c3a3f5cdfa772b934a\""
Aug 06 20:36:03 cka-02-control-plane containerd[100]: time="2022-08-06T20:36:03.388616813Z" level=info msg="StartContainer for \"54c5455a652ea817c99e99f65b0e41863c849e0eb28d89c3a3f5cdfa772b934a\""
Aug 06 20:36:03 cka-02-control-plane containerd[100]: time="2022-08-06T20:36:03.475747018Z" level=warning msg="error from *cgroupsv2.Manager.EventChan" error="failed to create inotify fd"
Aug 06 20:36:03 cka-02-control-plane containerd[100]: time="2022-08-06T20:36:03.559667380Z" level=info msg="StartContainer for \"54c5455a652ea817c99e99f65b0e41863c849e0eb28d89c3a3f5cdfa772b934a\" returns successfully"
Aug 06 20:36:03 cka-02-control-plane containerd[100]: time="2022-08-06T20:36:03.840231029Z" level=info msg="shim disconnected" id=54c5455a652ea817c99e99f65b0e41863c849e0eb28d89c3a3f5cdfa772b934a
Aug 06 20:36:03 cka-02-control-plane containerd[100]: time="2022-08-06T20:36:03.840273082Z" level=warning msg="cleaning up after shim disconnected" id=54c5455a652ea817c99e99f65b0e41863c849e0eb28d89c3a3f5cdfa772b934a namespace=k8s.io
Aug 06 20:36:03 cka-02-control-plane containerd[100]: time="2022-08-06T20:36:03.840284207Z" level=info msg="cleaning up dead shim"
Aug 06 20:36:03 cka-02-control-plane containerd[100]: time="2022-08-06T20:36:03.847121612Z" level=warning msg="cleanup warnings time=\"2022-08-06T20:36:03Z\" level=info msg=\"starting signal loop\" namespace=k8s.io pid=1104 runtime=io.containerd.runc.v2\n"
Aug 06 20:36:04 cka-02-control-plane containerd[100]: time="2022-08-06T20:36:04.022567807Z" level=info msg="RunPodSandbox for &PodSandboxMetadata{Name:coredns-6d4b75cb6d-92frm,Uid:8655f8f4-e6d7-4133-b20b-8913d67946cf,Namespace:kube-system,Attempt:0,}"
Aug 06 20:36:04 cka-02-control-plane containerd[100]: time="2022-08-06T20:36:04.068221938Z" level=info msg="loading plugin \"io.containerd.event.v1.publisher\"..." runtime=io.containerd.runc.v2 type=io.containerd.event.v1
Aug 06 20:36:04 cka-02-control-plane containerd[100]: time="2022-08-06T20:36:04.068279940Z" level=info msg="loading plugin \"io.containerd.internal.v1.shutdown\"..." runtime=io.containerd.runc.v2 type=io.containerd.internal.v1
Aug 06 20:36:04 cka-02-control-plane containerd[100]: time="2022-08-06T20:36:04.068294396Z" level=info msg="loading plugin \"io.containerd.ttrpc.v1.task\"..." runtime=io.containerd.runc.v2 type=io.containerd.ttrpc.v1
Aug 06 20:36:04 cka-02-control-plane containerd[100]: time="2022-08-06T20:36:04.068468770Z" level=info msg="starting signal loop" namespace=k8s.io path=/run/containerd/io.containerd.runtime.v2.task/k8s.io/d3b3c5f5ef097c1f10f417656a391c2a1ca39e48680689332a47aeaf7bbfc34a pid=1146 runtime=io.containerd.runc.v2
Aug 06 20:36:04 cka-02-control-plane containerd[100]: time="2022-08-06T20:36:04.093256678Z" level=info msg="RunPodSandbox for &PodSandboxMetadata{Name:coredns-6d4b75cb6d-78x9v,Uid:18cc7a4b-6798-4da1-849f-b464dcb2b60f,Namespace:kube-system,Attempt:0,}"
Aug 06 20:36:04 cka-02-control-plane containerd[100]: time="2022-08-06T20:36:04.116816655Z" level=warning msg="error from *cgroupsv2.Manager.EventChan" error="failed to create inotify fd"
Aug 06 20:36:04 cka-02-control-plane containerd[100]: time="2022-08-06T20:36:04.117157464Z" level=info msg="RunPodSandbox for &PodSandboxMetadata{Name:coredns-6d4b75cb6d-92frm,Uid:8655f8f4-e6d7-4133-b20b-8913d67946cf,Namespace:kube-system,Attempt:0,} returns sandbox id \"d3b3c5f5ef097c1f10f417656a391c2a1ca39e48680689332a47aeaf7bbfc34a\""
Aug 06 20:36:04 cka-02-control-plane containerd[100]: time="2022-08-06T20:36:04.119230664Z" level=info msg="CreateContainer within sandbox \"d3b3c5f5ef097c1f10f417656a391c2a1ca39e48680689332a47aeaf7bbfc34a\" for container &ContainerMetadata{Name:coredns,Attempt:0,}"
Aug 06 20:36:04 cka-02-control-plane containerd[100]: time="2022-08-06T20:36:04.239834600Z" level=info msg="loading plugin \"io.containerd.event.v1.publisher\"..." runtime=io.containerd.runc.v2 type=io.containerd.event.v1
Aug 06 20:36:04 cka-02-control-plane containerd[100]: time="2022-08-06T20:36:04.239889290Z" level=info msg="loading plugin \"io.containerd.internal.v1.shutdown\"..." runtime=io.containerd.runc.v2 type=io.containerd.internal.v1
Aug 06 20:36:04 cka-02-control-plane containerd[100]: time="2022-08-06T20:36:04.239903555Z" level=info msg="loading plugin \"io.containerd.ttrpc.v1.task\"..." runtime=io.containerd.runc.v2 type=io.containerd.ttrpc.v1
Aug 06 20:36:04 cka-02-control-plane containerd[100]: time="2022-08-06T20:36:04.240049826Z" level=info msg="starting signal loop" namespace=k8s.io path=/run/containerd/io.containerd.runtime.v2.task/k8s.io/d0add3ca79f988b5f0f86bea4f592fe42c9a3851e281dbb629547289e6be218e pid=1215 runtime=io.containerd.runc.v2
Aug 06 20:36:04 cka-02-control-plane containerd[100]: time="2022-08-06T20:36:04.303004705Z" level=info msg="RemoveContainer for \"4747ba313368e9cc153ed1cacc22bfda564d0102b97f8f9952e96dfa3464943e\""
Aug 06 20:36:04 cka-02-control-plane containerd[100]: time="2022-08-06T20:36:04.312373031Z" level=info msg="RemoveContainer for \"4747ba313368e9cc153ed1cacc22bfda564d0102b97f8f9952e96dfa3464943e\" returns successfully"
Aug 06 20:36:04 cka-02-control-plane containerd[100]: time="2022-08-06T20:36:04.329522412Z" level=warning msg="error from *cgroupsv2.Manager.EventChan" error="failed to create inotify fd"
Aug 06 20:36:04 cka-02-control-plane containerd[100]: time="2022-08-06T20:36:04.329921328Z" level=info msg="RunPodSandbox for &PodSandboxMetadata{Name:coredns-6d4b75cb6d-78x9v,Uid:18cc7a4b-6798-4da1-849f-b464dcb2b60f,Namespace:kube-system,Attempt:0,} returns sandbox id \"d0add3ca79f988b5f0f86bea4f592fe42c9a3851e281dbb629547289e6be218e\""
Aug 06 20:36:04 cka-02-control-plane containerd[100]: time="2022-08-06T20:36:04.362840909Z" level=info msg="CreateContainer within sandbox \"d0add3ca79f988b5f0f86bea4f592fe42c9a3851e281dbb629547289e6be218e\" for container &ContainerMetadata{Name:coredns,Attempt:0,}"
Aug 06 20:36:04 cka-02-control-plane containerd[100]: time="2022-08-06T20:36:04.487953282Z" level=info msg="RunPodSandbox for &PodSandboxMetadata{Name:local-path-provisioner-9cd9bd544-9mxdn,Uid:61da7268-fbb6-4db5-ade1-178e38d1f70c,Namespace:local-path-storage,Attempt:0,}"
Aug 06 20:36:04 cka-02-control-plane containerd[100]: time="2022-08-06T20:36:04.618605796Z" level=info msg="loading plugin \"io.containerd.event.v1.publisher\"..." runtime=io.containerd.runc.v2 type=io.containerd.event.v1
Aug 06 20:36:04 cka-02-control-plane containerd[100]: time="2022-08-06T20:36:04.618696210Z" level=info msg="loading plugin \"io.containerd.internal.v1.shutdown\"..." runtime=io.containerd.runc.v2 type=io.containerd.internal.v1
Aug 06 20:36:04 cka-02-control-plane containerd[100]: time="2022-08-06T20:36:04.618709081Z" level=info msg="loading plugin \"io.containerd.ttrpc.v1.task\"..." runtime=io.containerd.runc.v2 type=io.containerd.ttrpc.v1
Aug 06 20:36:04 cka-02-control-plane containerd[100]: time="2022-08-06T20:36:04.619283994Z" level=info msg="starting signal loop" namespace=k8s.io path=/run/containerd/io.containerd.runtime.v2.task/k8s.io/d2a4c4434ccd3006fa7825e95b1a2195180a999088c0d6277f20b4096d6ac69b pid=1285 runtime=io.containerd.runc.v2
Aug 06 20:36:04 cka-02-control-plane containerd[100]: time="2022-08-06T20:36:04.687728465Z" level=warning msg="error from *cgroupsv2.Manager.EventChan" error="failed to create inotify fd"
Aug 06 20:36:04 cka-02-control-plane containerd[100]: time="2022-08-06T20:36:04.688068779Z" level=info msg="RunPodSandbox for &PodSandboxMetadata{Name:local-path-provisioner-9cd9bd544-9mxdn,Uid:61da7268-fbb6-4db5-ade1-178e38d1f70c,Namespace:local-path-storage,Attempt:0,} returns sandbox id \"d2a4c4434ccd3006fa7825e95b1a2195180a999088c0d6277f20b4096d6ac69b\""
Aug 06 20:36:04 cka-02-control-plane containerd[100]: time="2022-08-06T20:36:04.690435863Z" level=info msg="CreateContainer within sandbox \"d2a4c4434ccd3006fa7825e95b1a2195180a999088c0d6277f20b4096d6ac69b\" for container &ContainerMetadata{Name:local-path-provisioner,Attempt:0,}"
Aug 06 20:36:04 cka-02-control-plane containerd[100]: time="2022-08-06T20:36:04.913501208Z" level=info msg="CreateContainer within sandbox \"d3b3c5f5ef097c1f10f417656a391c2a1ca39e48680689332a47aeaf7bbfc34a\" for &ContainerMetadata{Name:coredns,Attempt:0,} returns container id \"6dc277e927cb7e5bb941660bb0299e71fe519a92ffa246213b2680fbf4c8e1c4\""
Aug 06 20:36:04 cka-02-control-plane containerd[100]: time="2022-08-06T20:36:04.914258044Z" level=info msg="StartContainer for \"6dc277e927cb7e5bb941660bb0299e71fe519a92ffa246213b2680fbf4c8e1c4\""
Aug 06 20:36:04 cka-02-control-plane containerd[100]: time="2022-08-06T20:36:04.986854956Z" level=warning msg="error from *cgroupsv2.Manager.EventChan" error="failed to create inotify fd"
Aug 06 20:36:05 cka-02-control-plane containerd[100]: time="2022-08-06T20:36:05.009707913Z" level=info msg="CreateContainer within sandbox \"d0add3ca79f988b5f0f86bea4f592fe42c9a3851e281dbb629547289e6be218e\" for &ContainerMetadata{Name:coredns,Attempt:0,} returns container id \"c2e6fb858baf94e78c7f3f443989969ca1fed3308f9b6fe69fcf19bf81f47fd5\""
Aug 06 20:36:05 cka-02-control-plane containerd[100]: time="2022-08-06T20:36:05.010211596Z" level=info msg="StartContainer for \"c2e6fb858baf94e78c7f3f443989969ca1fed3308f9b6fe69fcf19bf81f47fd5\""
Aug 06 20:36:05 cka-02-control-plane containerd[100]: time="2022-08-06T20:36:05.088386923Z" level=warning msg="error from *cgroupsv2.Manager.EventChan" error="failed to create inotify fd"
Aug 06 20:36:05 cka-02-control-plane containerd[100]: time="2022-08-06T20:36:05.120662949Z" level=info msg="StartContainer for \"6dc277e927cb7e5bb941660bb0299e71fe519a92ffa246213b2680fbf4c8e1c4\" returns successfully"
Aug 06 20:36:05 cka-02-control-plane containerd[100]: time="2022-08-06T20:36:05.123778436Z" level=info msg="StartContainer for \"c2e6fb858baf94e78c7f3f443989969ca1fed3308f9b6fe69fcf19bf81f47fd5\" returns successfully"
Aug 06 20:36:05 cka-02-control-plane containerd[100]: time="2022-08-06T20:36:05.796707968Z" level=info msg="CreateContainer within sandbox \"d2a4c4434ccd3006fa7825e95b1a2195180a999088c0d6277f20b4096d6ac69b\" for &ContainerMetadata{Name:local-path-provisioner,Attempt:0,} returns container id \"07c97d44b71ab1d2851ad92a8bf11321d1cf582d411f9b091cc254136d5466ff\""
Aug 06 20:36:05 cka-02-control-plane containerd[100]: time="2022-08-06T20:36:05.797175135Z" level=info msg="StartContainer for \"07c97d44b71ab1d2851ad92a8bf11321d1cf582d411f9b091cc254136d5466ff\""
Aug 06 20:36:05 cka-02-control-plane containerd[100]: time="2022-08-06T20:36:05.871997499Z" level=warning msg="error from *cgroupsv2.Manager.EventChan" error="failed to create inotify fd"
Aug 06 20:36:05 cka-02-control-plane containerd[100]: time="2022-08-06T20:36:05.906460573Z" level=info msg="StartContainer for \"07c97d44b71ab1d2851ad92a8bf11321d1cf582d411f9b091cc254136d5466ff\" returns successfully"
Aug 06 20:36:18 cka-02-control-plane containerd[100]: time="2022-08-06T20:36:18.241797836Z" level=info msg="CreateContainer within sandbox \"73632b54045ae419c9e3009331ea470e289a258d502e161500fe0273a6f34d53\" for container &ContainerMetadata{Name:kube-proxy,Attempt:2,}"
Aug 06 20:36:18 cka-02-control-plane containerd[100]: time="2022-08-06T20:36:18.337351059Z" level=info msg="CreateContainer within sandbox \"73632b54045ae419c9e3009331ea470e289a258d502e161500fe0273a6f34d53\" for &ContainerMetadata{Name:kube-proxy,Attempt:2,} returns container id \"15c53b55596f523fd428e7d2c841d6c6ea1c797b482e905fbb25bca434bb0d43\""
Aug 06 20:36:18 cka-02-control-plane containerd[100]: time="2022-08-06T20:36:18.337786570Z" level=info msg="StartContainer for \"15c53b55596f523fd428e7d2c841d6c6ea1c797b482e905fbb25bca434bb0d43\""
Aug 06 20:36:18 cka-02-control-plane containerd[100]: time="2022-08-06T20:36:18.426287928Z" level=warning msg="error from *cgroupsv2.Manager.EventChan" error="failed to create inotify fd"
Aug 06 20:36:18 cka-02-control-plane containerd[100]: time="2022-08-06T20:36:18.508043199Z" level=info msg="StartContainer for \"15c53b55596f523fd428e7d2c841d6c6ea1c797b482e905fbb25bca434bb0d43\" returns successfully"
Aug 06 20:36:21 cka-02-control-plane containerd[100]: time="2022-08-06T20:36:21.651743586Z" level=info msg="shim disconnected" id=15c53b55596f523fd428e7d2c841d6c6ea1c797b482e905fbb25bca434bb0d43
Aug 06 20:36:21 cka-02-control-plane containerd[100]: time="2022-08-06T20:36:21.651785137Z" level=warning msg="cleaning up after shim disconnected" id=15c53b55596f523fd428e7d2c841d6c6ea1c797b482e905fbb25bca434bb0d43 namespace=k8s.io
Aug 06 20:36:21 cka-02-control-plane containerd[100]: time="2022-08-06T20:36:21.651796459Z" level=info msg="cleaning up dead shim"
Aug 06 20:36:21 cka-02-control-plane containerd[100]: time="2022-08-06T20:36:21.670414316Z" level=warning msg="cleanup warnings time=\"2022-08-06T20:36:21Z\" level=info msg=\"starting signal loop\" namespace=k8s.io pid=1512 runtime=io.containerd.runc.v2\n"
Aug 06 20:36:22 cka-02-control-plane containerd[100]: time="2022-08-06T20:36:22.349482883Z" level=info msg="RemoveContainer for \"54c5455a652ea817c99e99f65b0e41863c849e0eb28d89c3a3f5cdfa772b934a\""
Aug 06 20:36:22 cka-02-control-plane containerd[100]: time="2022-08-06T20:36:22.356864183Z" level=info msg="RemoveContainer for \"54c5455a652ea817c99e99f65b0e41863c849e0eb28d89c3a3f5cdfa772b934a\" returns successfully"
Aug 06 20:36:36 cka-02-control-plane containerd[100]: time="2022-08-06T20:36:36.001113770Z" level=info msg="shim disconnected" id=07c97d44b71ab1d2851ad92a8bf11321d1cf582d411f9b091cc254136d5466ff
Aug 06 20:36:36 cka-02-control-plane containerd[100]: time="2022-08-06T20:36:36.001155095Z" level=warning msg="cleaning up after shim disconnected" id=07c97d44b71ab1d2851ad92a8bf11321d1cf582d411f9b091cc254136d5466ff namespace=k8s.io
Aug 06 20:36:36 cka-02-control-plane containerd[100]: time="2022-08-06T20:36:36.001166452Z" level=info msg="cleaning up dead shim"
Aug 06 20:36:36 cka-02-control-plane containerd[100]: time="2022-08-06T20:36:36.007533306Z" level=warning msg="cleanup warnings time=\"2022-08-06T20:36:36Z\" level=info msg=\"starting signal loop\" namespace=k8s.io pid=1540 runtime=io.containerd.runc.v2\n"
Aug 06 20:36:36 cka-02-control-plane containerd[100]: time="2022-08-06T20:36:36.385576166Z" level=info msg="CreateContainer within sandbox \"d2a4c4434ccd3006fa7825e95b1a2195180a999088c0d6277f20b4096d6ac69b\" for container &ContainerMetadata{Name:local-path-provisioner,Attempt:1,}"
Aug 06 20:36:36 cka-02-control-plane containerd[100]: time="2022-08-06T20:36:36.398439152Z" level=info msg="CreateContainer within sandbox \"d2a4c4434ccd3006fa7825e95b1a2195180a999088c0d6277f20b4096d6ac69b\" for &ContainerMetadata{Name:local-path-provisioner,Attempt:1,} returns container id \"967ca356e70f8e5420e7955e9a21e8b595115e9c64a78c6017a67664267e0a8c\""
Aug 06 20:36:36 cka-02-control-plane containerd[100]: time="2022-08-06T20:36:36.398852416Z" level=info msg="StartContainer for \"967ca356e70f8e5420e7955e9a21e8b595115e9c64a78c6017a67664267e0a8c\""
Aug 06 20:36:36 cka-02-control-plane containerd[100]: time="2022-08-06T20:36:36.478793516Z" level=warning msg="error from *cgroupsv2.Manager.EventChan" error="failed to create inotify fd"
Aug 06 20:36:36 cka-02-control-plane containerd[100]: time="2022-08-06T20:36:36.480364720Z" level=info msg="StartContainer for \"967ca356e70f8e5420e7955e9a21e8b595115e9c64a78c6017a67664267e0a8c\" returns successfully"
Aug 06 20:36:48 cka-02-control-plane containerd[100]: time="2022-08-06T20:36:48.240423977Z" level=info msg="CreateContainer within sandbox \"73632b54045ae419c9e3009331ea470e289a258d502e161500fe0273a6f34d53\" for container &ContainerMetadata{Name:kube-proxy,Attempt:3,}"
Aug 06 20:36:48 cka-02-control-plane containerd[100]: time="2022-08-06T20:36:48.280481569Z" level=info msg="CreateContainer within sandbox \"73632b54045ae419c9e3009331ea470e289a258d502e161500fe0273a6f34d53\" for &ContainerMetadata{Name:kube-proxy,Attempt:3,} returns container id \"af2f3ea67dffcb48114208421ff1c10ee1f2bce54a25835919fcd3908fc0f816\""
Aug 06 20:36:48 cka-02-control-plane containerd[100]: time="2022-08-06T20:36:48.280923781Z" level=info msg="StartContainer for \"af2f3ea67dffcb48114208421ff1c10ee1f2bce54a25835919fcd3908fc0f816\""
Aug 06 20:36:48 cka-02-control-plane containerd[100]: time="2022-08-06T20:36:48.378386284Z" level=warning msg="error from *cgroupsv2.Manager.EventChan" error="failed to create inotify fd"
Aug 06 20:36:48 cka-02-control-plane containerd[100]: time="2022-08-06T20:36:48.382181806Z" level=info msg="StartContainer for \"af2f3ea67dffcb48114208421ff1c10ee1f2bce54a25835919fcd3908fc0f816\" returns successfully"
Aug 06 20:36:48 cka-02-control-plane containerd[100]: time="2022-08-06T20:36:48.507974665Z" level=info msg="shim disconnected" id=af2f3ea67dffcb48114208421ff1c10ee1f2bce54a25835919fcd3908fc0f816
Aug 06 20:36:48 cka-02-control-plane containerd[100]: time="2022-08-06T20:36:48.508027175Z" level=warning msg="cleaning up after shim disconnected" id=af2f3ea67dffcb48114208421ff1c10ee1f2bce54a25835919fcd3908fc0f816 namespace=k8s.io
Aug 06 20:36:48 cka-02-control-plane containerd[100]: time="2022-08-06T20:36:48.508042325Z" level=info msg="cleaning up dead shim"
Aug 06 20:36:48 cka-02-control-plane containerd[100]: time="2022-08-06T20:36:48.514673837Z" level=warning msg="cleanup warnings time=\"2022-08-06T20:36:48Z\" level=info msg=\"starting signal loop\" namespace=k8s.io pid=1651 runtime=io.containerd.runc.v2\n"
Aug 06 20:36:49 cka-02-control-plane containerd[100]: time="2022-08-06T20:36:49.419098844Z" level=info msg="RemoveContainer for \"15c53b55596f523fd428e7d2c841d6c6ea1c797b482e905fbb25bca434bb0d43\""
Aug 06 20:36:49 cka-02-control-plane containerd[100]: time="2022-08-06T20:36:49.422866061Z" level=info msg="RemoveContainer for \"15c53b55596f523fd428e7d2c841d6c6ea1c797b482e905fbb25bca434bb0d43\" returns successfully"
Aug 06 20:37:06 cka-02-control-plane containerd[100]: time="2022-08-06T20:37:06.665491621Z" level=info msg="shim disconnected" id=967ca356e70f8e5420e7955e9a21e8b595115e9c64a78c6017a67664267e0a8c
Aug 06 20:37:06 cka-02-control-plane containerd[100]: time="2022-08-06T20:37:06.666167838Z" level=warning msg="cleaning up after shim disconnected" id=967ca356e70f8e5420e7955e9a21e8b595115e9c64a78c6017a67664267e0a8c namespace=k8s.io
Aug 06 20:37:06 cka-02-control-plane containerd[100]: time="2022-08-06T20:37:06.666214200Z" level=info msg="cleaning up dead shim"
Aug 06 20:37:06 cka-02-control-plane containerd[100]: time="2022-08-06T20:37:06.674622660Z" level=warning msg="cleanup warnings time=\"2022-08-06T20:37:06Z\" level=info msg=\"starting signal loop\" namespace=k8s.io pid=1680 runtime=io.containerd.runc.v2\n"
Aug 06 20:37:07 cka-02-control-plane containerd[100]: time="2022-08-06T20:37:07.458255786Z" level=info msg="RemoveContainer for \"07c97d44b71ab1d2851ad92a8bf11321d1cf582d411f9b091cc254136d5466ff\""
Aug 06 20:37:07 cka-02-control-plane containerd[100]: time="2022-08-06T20:37:07.500570363Z" level=info msg="RemoveContainer for \"07c97d44b71ab1d2851ad92a8bf11321d1cf582d411f9b091cc254136d5466ff\" returns successfully"
Aug 06 20:37:23 cka-02-control-plane containerd[100]: time="2022-08-06T20:37:23.239789453Z" level=info msg="CreateContainer within sandbox \"d2a4c4434ccd3006fa7825e95b1a2195180a999088c0d6277f20b4096d6ac69b\" for container &ContainerMetadata{Name:local-path-provisioner,Attempt:2,}"
Aug 06 20:37:23 cka-02-control-plane containerd[100]: time="2022-08-06T20:37:23.253195502Z" level=info msg="CreateContainer within sandbox \"d2a4c4434ccd3006fa7825e95b1a2195180a999088c0d6277f20b4096d6ac69b\" for &ContainerMetadata{Name:local-path-provisioner,Attempt:2,} returns container id \"c157cab5bbce8b3532b4fd2e0c1717dbbdee4511cfcfc010b32c41c405e678f6\""
Aug 06 20:37:23 cka-02-control-plane containerd[100]: time="2022-08-06T20:37:23.253661397Z" level=info msg="StartContainer for \"c157cab5bbce8b3532b4fd2e0c1717dbbdee4511cfcfc010b32c41c405e678f6\""
Aug 06 20:37:23 cka-02-control-plane containerd[100]: time="2022-08-06T20:37:23.324135258Z" level=warning msg="error from *cgroupsv2.Manager.EventChan" error="failed to create inotify fd"
Aug 06 20:37:23 cka-02-control-plane containerd[100]: time="2022-08-06T20:37:23.364021970Z" level=info msg="StartContainer for \"c157cab5bbce8b3532b4fd2e0c1717dbbdee4511cfcfc010b32c41c405e678f6\" returns successfully"
Aug 06 20:37:40 cka-02-control-plane containerd[100]: time="2022-08-06T20:37:40.243377259Z" level=info msg="CreateContainer within sandbox \"73632b54045ae419c9e3009331ea470e289a258d502e161500fe0273a6f34d53\" for container &ContainerMetadata{Name:kube-proxy,Attempt:4,}"
Aug 06 20:37:40 cka-02-control-plane containerd[100]: time="2022-08-06T20:37:40.296316780Z" level=info msg="CreateContainer within sandbox \"73632b54045ae419c9e3009331ea470e289a258d502e161500fe0273a6f34d53\" for &ContainerMetadata{Name:kube-proxy,Attempt:4,} returns container id \"77a1ff1aae1d80cf138d0ecbf597c9b57a09acb07a1dc7fd349a3e72c81b72aa\""
Aug 06 20:37:40 cka-02-control-plane containerd[100]: time="2022-08-06T20:37:40.296821517Z" level=info msg="StartContainer for \"77a1ff1aae1d80cf138d0ecbf597c9b57a09acb07a1dc7fd349a3e72c81b72aa\""
Aug 06 20:37:40 cka-02-control-plane containerd[100]: time="2022-08-06T20:37:40.384141946Z" level=warning msg="error from *cgroupsv2.Manager.EventChan" error="failed to create inotify fd"
Aug 06 20:37:40 cka-02-control-plane containerd[100]: time="2022-08-06T20:37:40.408278040Z" level=info msg="StartContainer for \"77a1ff1aae1d80cf138d0ecbf597c9b57a09acb07a1dc7fd349a3e72c81b72aa\" returns successfully"
Aug 06 20:37:40 cka-02-control-plane containerd[100]: time="2022-08-06T20:37:40.545329345Z" level=info msg="shim disconnected" id=77a1ff1aae1d80cf138d0ecbf597c9b57a09acb07a1dc7fd349a3e72c81b72aa
Aug 06 20:37:40 cka-02-control-plane containerd[100]: time="2022-08-06T20:37:40.545375067Z" level=warning msg="cleaning up after shim disconnected" id=77a1ff1aae1d80cf138d0ecbf597c9b57a09acb07a1dc7fd349a3e72c81b72aa namespace=k8s.io
Aug 06 20:37:40 cka-02-control-plane containerd[100]: time="2022-08-06T20:37:40.545386882Z" level=info msg="cleaning up dead shim"
Aug 06 20:37:40 cka-02-control-plane containerd[100]: time="2022-08-06T20:37:40.553027781Z" level=warning msg="cleanup warnings time=\"2022-08-06T20:37:40Z\" level=info msg=\"starting signal loop\" namespace=k8s.io pid=1793 runtime=io.containerd.runc.v2\n"
Aug 06 20:37:41 cka-02-control-plane containerd[100]: time="2022-08-06T20:37:41.194173150Z" level=info msg="RemoveContainer for \"af2f3ea67dffcb48114208421ff1c10ee1f2bce54a25835919fcd3908fc0f816\""
Aug 06 20:37:41 cka-02-control-plane containerd[100]: time="2022-08-06T20:37:41.231969574Z" level=info msg="RemoveContainer for \"af2f3ea67dffcb48114208421ff1c10ee1f2bce54a25835919fcd3908fc0f816\" returns successfully"
Aug 06 20:37:53 cka-02-control-plane containerd[100]: time="2022-08-06T20:37:53.365129440Z" level=info msg="shim disconnected" id=c157cab5bbce8b3532b4fd2e0c1717dbbdee4511cfcfc010b32c41c405e678f6
Aug 06 20:37:53 cka-02-control-plane containerd[100]: time="2022-08-06T20:37:53.365171162Z" level=warning msg="cleaning up after shim disconnected" id=c157cab5bbce8b3532b4fd2e0c1717dbbdee4511cfcfc010b32c41c405e678f6 namespace=k8s.io
Aug 06 20:37:53 cka-02-control-plane containerd[100]: time="2022-08-06T20:37:53.365182254Z" level=info msg="cleaning up dead shim"
Aug 06 20:37:53 cka-02-control-plane containerd[100]: time="2022-08-06T20:37:53.372045662Z" level=warning msg="cleanup warnings time=\"2022-08-06T20:37:53Z\" level=info msg=\"starting signal loop\" namespace=k8s.io pid=1819 runtime=io.containerd.runc.v2\n"
Aug 06 20:37:53 cka-02-control-plane containerd[100]: time="2022-08-06T20:37:53.554230019Z" level=info msg="RemoveContainer for \"967ca356e70f8e5420e7955e9a21e8b595115e9c64a78c6017a67664267e0a8c\""
Aug 06 20:37:53 cka-02-control-plane containerd[100]: time="2022-08-06T20:37:53.558272443Z" level=info msg="RemoveContainer for \"967ca356e70f8e5420e7955e9a21e8b595115e9c64a78c6017a67664267e0a8c\" returns successfully"
Aug 06 20:38:21 cka-02-control-plane containerd[100]: time="2022-08-06T20:38:21.240278118Z" level=info msg="CreateContainer within sandbox \"d2a4c4434ccd3006fa7825e95b1a2195180a999088c0d6277f20b4096d6ac69b\" for container &ContainerMetadata{Name:local-path-provisioner,Attempt:3,}"
Aug 06 20:38:21 cka-02-control-plane containerd[100]: time="2022-08-06T20:38:21.339329920Z" level=info msg="CreateContainer within sandbox \"d2a4c4434ccd3006fa7825e95b1a2195180a999088c0d6277f20b4096d6ac69b\" for &ContainerMetadata{Name:local-path-provisioner,Attempt:3,} returns container id \"577dc7cc9f55dd521b52c7510d8e99ed8294264966b5a1267af10e0aa4ee2233\""
Aug 06 20:38:21 cka-02-control-plane containerd[100]: time="2022-08-06T20:38:21.339757526Z" level=info msg="StartContainer for \"577dc7cc9f55dd521b52c7510d8e99ed8294264966b5a1267af10e0aa4ee2233\""
Aug 06 20:38:21 cka-02-control-plane containerd[100]: time="2022-08-06T20:38:21.408839797Z" level=warning msg="error from *cgroupsv2.Manager.EventChan" error="failed to create inotify fd"
Aug 06 20:38:21 cka-02-control-plane containerd[100]: time="2022-08-06T20:38:21.445671211Z" level=info msg="StartContainer for \"577dc7cc9f55dd521b52c7510d8e99ed8294264966b5a1267af10e0aa4ee2233\" returns successfully"
Aug 06 20:38:51 cka-02-control-plane containerd[100]: time="2022-08-06T20:38:51.519838116Z" level=info msg="shim disconnected" id=577dc7cc9f55dd521b52c7510d8e99ed8294264966b5a1267af10e0aa4ee2233
Aug 06 20:38:51 cka-02-control-plane containerd[100]: time="2022-08-06T20:38:51.519947636Z" level=warning msg="cleaning up after shim disconnected" id=577dc7cc9f55dd521b52c7510d8e99ed8294264966b5a1267af10e0aa4ee2233 namespace=k8s.io
Aug 06 20:38:51 cka-02-control-plane containerd[100]: time="2022-08-06T20:38:51.519974334Z" level=info msg="cleaning up dead shim"
Aug 06 20:38:51 cka-02-control-plane containerd[100]: time="2022-08-06T20:38:51.528168158Z" level=warning msg="cleanup warnings time=\"2022-08-06T20:38:51Z\" level=info msg=\"starting signal loop\" namespace=k8s.io pid=1892 runtime=io.containerd.runc.v2\n"
Aug 06 20:38:51 cka-02-control-plane containerd[100]: time="2022-08-06T20:38:51.677589834Z" level=info msg="RemoveContainer for \"c157cab5bbce8b3532b4fd2e0c1717dbbdee4511cfcfc010b32c41c405e678f6\""
Aug 06 20:38:51 cka-02-control-plane containerd[100]: time="2022-08-06T20:38:51.683379166Z" level=info msg="RemoveContainer for \"c157cab5bbce8b3532b4fd2e0c1717dbbdee4511cfcfc010b32c41c405e678f6\" returns successfully"
Aug 06 20:39:10 cka-02-control-plane containerd[100]: time="2022-08-06T20:39:10.241582975Z" level=info msg="CreateContainer within sandbox \"73632b54045ae419c9e3009331ea470e289a258d502e161500fe0273a6f34d53\" for container &ContainerMetadata{Name:kube-proxy,Attempt:5,}"
Aug 06 20:39:10 cka-02-control-plane containerd[100]: time="2022-08-06T20:39:10.259028046Z" level=info msg="CreateContainer within sandbox \"73632b54045ae419c9e3009331ea470e289a258d502e161500fe0273a6f34d53\" for &ContainerMetadata{Name:kube-proxy,Attempt:5,} returns container id \"8645e988ead67fff15708dc5809580f3e40fa78d3e427581282f7280df3a36ee\""
Aug 06 20:39:10 cka-02-control-plane containerd[100]: time="2022-08-06T20:39:10.259483681Z" level=info msg="StartContainer for \"8645e988ead67fff15708dc5809580f3e40fa78d3e427581282f7280df3a36ee\""
Aug 06 20:39:10 cka-02-control-plane containerd[100]: time="2022-08-06T20:39:10.346921620Z" level=warning msg="error from *cgroupsv2.Manager.EventChan" error="failed to create inotify fd"
Aug 06 20:39:10 cka-02-control-plane containerd[100]: time="2022-08-06T20:39:10.349195648Z" level=info msg="StartContainer for \"8645e988ead67fff15708dc5809580f3e40fa78d3e427581282f7280df3a36ee\" returns successfully"
Aug 06 20:39:10 cka-02-control-plane containerd[100]: time="2022-08-06T20:39:10.401092315Z" level=info msg="shim disconnected" id=8645e988ead67fff15708dc5809580f3e40fa78d3e427581282f7280df3a36ee
Aug 06 20:39:10 cka-02-control-plane containerd[100]: time="2022-08-06T20:39:10.401132901Z" level=warning msg="cleaning up after shim disconnected" id=8645e988ead67fff15708dc5809580f3e40fa78d3e427581282f7280df3a36ee namespace=k8s.io
Aug 06 20:39:10 cka-02-control-plane containerd[100]: time="2022-08-06T20:39:10.401143830Z" level=info msg="cleaning up dead shim"
Aug 06 20:39:10 cka-02-control-plane containerd[100]: time="2022-08-06T20:39:10.407345882Z" level=warning msg="cleanup warnings time=\"2022-08-06T20:39:10Z\" level=info msg=\"starting signal loop\" namespace=k8s.io pid=1960 runtime=io.containerd.runc.v2\n"
Aug 06 20:39:10 cka-02-control-plane containerd[100]: time="2022-08-06T20:39:10.717334672Z" level=info msg="RemoveContainer for \"77a1ff1aae1d80cf138d0ecbf597c9b57a09acb07a1dc7fd349a3e72c81b72aa\""
Aug 06 20:39:10 cka-02-control-plane containerd[100]: time="2022-08-06T20:39:10.720985672Z" level=info msg="RemoveContainer for \"77a1ff1aae1d80cf138d0ecbf597c9b57a09acb07a1dc7fd349a3e72c81b72aa\" returns successfully"
Aug 06 20:39:32 cka-02-control-plane containerd[100]: time="2022-08-06T20:39:32.241021324Z" level=info msg="CreateContainer within sandbox \"d2a4c4434ccd3006fa7825e95b1a2195180a999088c0d6277f20b4096d6ac69b\" for container &ContainerMetadata{Name:local-path-provisioner,Attempt:4,}"
Aug 06 20:39:32 cka-02-control-plane containerd[100]: time="2022-08-06T20:39:32.252065559Z" level=info msg="CreateContainer within sandbox \"d2a4c4434ccd3006fa7825e95b1a2195180a999088c0d6277f20b4096d6ac69b\" for &ContainerMetadata{Name:local-path-provisioner,Attempt:4,} returns container id \"9900b43307a449ca91807e3535ccbe9078799159d1ed14aa8bff7ade104e5e89\""
Aug 06 20:39:32 cka-02-control-plane containerd[100]: time="2022-08-06T20:39:32.252536886Z" level=info msg="StartContainer for \"9900b43307a449ca91807e3535ccbe9078799159d1ed14aa8bff7ade104e5e89\""
Aug 06 20:39:32 cka-02-control-plane containerd[100]: time="2022-08-06T20:39:32.348736764Z" level=warning msg="error from *cgroupsv2.Manager.EventChan" error="failed to create inotify fd"
Aug 06 20:39:32 cka-02-control-plane containerd[100]: time="2022-08-06T20:39:32.350717782Z" level=info msg="StartContainer for \"9900b43307a449ca91807e3535ccbe9078799159d1ed14aa8bff7ade104e5e89\" returns successfully"
Aug 06 20:40:02 cka-02-control-plane containerd[100]: time="2022-08-06T20:40:02.965319775Z" level=info msg="shim disconnected" id=9900b43307a449ca91807e3535ccbe9078799159d1ed14aa8bff7ade104e5e89
Aug 06 20:40:02 cka-02-control-plane containerd[100]: time="2022-08-06T20:40:02.965399906Z" level=warning msg="cleaning up after shim disconnected" id=9900b43307a449ca91807e3535ccbe9078799159d1ed14aa8bff7ade104e5e89 namespace=k8s.io
Aug 06 20:40:02 cka-02-control-plane containerd[100]: time="2022-08-06T20:40:02.965425661Z" level=info msg="cleaning up dead shim"
Aug 06 20:40:02 cka-02-control-plane containerd[100]: time="2022-08-06T20:40:02.972872843Z" level=warning msg="cleanup warnings time=\"2022-08-06T20:40:02Z\" level=info msg=\"starting signal loop\" namespace=k8s.io pid=2032 runtime=io.containerd.runc.v2\n"
Aug 06 20:40:03 cka-02-control-plane containerd[100]: time="2022-08-06T20:40:03.825393605Z" level=info msg="RemoveContainer for \"577dc7cc9f55dd521b52c7510d8e99ed8294264966b5a1267af10e0aa4ee2233\""
Aug 06 20:40:03 cka-02-control-plane containerd[100]: time="2022-08-06T20:40:03.946163329Z" level=info msg="RemoveContainer for \"577dc7cc9f55dd521b52c7510d8e99ed8294264966b5a1267af10e0aa4ee2233\" returns successfully"
